OpenROAD 0889970d1790a2617e69f253221b8bd7626e51dc 
This program is licensed under the BSD-3 license. See the LICENSE file for details.
Components of this program may be licensed under more restrictive licenses which must be honored.
[INFO]: Reading ODB at '/openlane/designs/s_box_maker/runs/full_guide/results/routing/s_box_maker.odb'…
define_corners Typical
read_liberty -corner Typical /home/shanmugam/.volare/sky130A/libs.ref/sky130_fd_sc_hd/lib/sky130_fd_sc_hd__tt_025C_1v80.lib
[INFO] Setting operating conditions to 'tt_025C_1v80'…
Using 1e-12 for capacitance...
Using 1e+03 for resistance...
Using 1e-09 for time...
Using 1e+00 for voltage...
Using 1e-03 for current...
Using 1e-09 for power...
Using 1e-06 for distance...
Reading design constraints file at '/openlane/scripts/base.sdc'…
[INFO]: Setting output delay to: 2.0
[INFO]: Setting input delay to: 2.0
[WARNING STA-0337] port '__VIRTUAL_CLK__' not found.
[INFO]: Setting load to: 0.033442
[INFO]: Setting clock uncertainty to: 0.25
[INFO]: Setting clock transition to: 0.15
[WARNING STA-0559] transition time can not be specified for virtual clocks.
[INFO]: Setting timing derate to: 5.0 %
[INFO]: Setting RC values...
[INFO PSM-0022] Using 1.800V for VPWR
[INFO PSM-0076] Setting metal node density to be standard cell height times 5.
[INFO PSM-0031] Number of PDN nodes on net VPWR = 1016.
[INFO PSM-0064] Number of voltage sources = 16.
[INFO PSM-0040] All PDN stripes on net VPWR are connected.
########## IR report #################
Corner: Typical
Worstcase voltage: 1.80e+00 V
Average IR drop  : 8.13e-06 V
Worstcase IR drop: 8.00e-05 V
######################################
[INFO PSM-0022] Using 0.000V for VGND
[INFO PSM-0076] Setting metal node density to be standard cell height times 5.
[INFO PSM-0031] Number of PDN nodes on net VGND = 1016.
[INFO PSM-0064] Number of voltage sources = 16.
[INFO PSM-0040] All PDN stripes on net VGND are connected.
########## IR report #################
Corner: Typical
Worstcase voltage: 7.27e-05 V
Average IR drop  : 8.55e-06 V
Worstcase IR drop: 7.27e-05 V
######################################
