Instance name, X location, Y location, Voltage
PHY_EDGE_ROW_45_Right_45, 144.44, 136, 5.0563e-11
PHY_EDGE_ROW_46_Right_46, 144.44, 136, 5.0563e-11
FILLER_0_45_293, 144.44, 136, 5.0563e-11
FILLER_0_46_293, 144.44, 136, 5.0563e-11
PHY_EDGE_ROW_43_Right_43, 144.44, 130.56, 3.6671e-11
PHY_EDGE_ROW_44_Right_44, 144.44, 130.56, 3.6671e-11
FILLER_0_43_293, 144.44, 130.56, 3.6671e-11
PHY_EDGE_ROW_41_Right_41, 144.44, 125.12, 1.18934e-07
PHY_EDGE_ROW_42_Right_42, 144.44, 125.12, 1.18934e-07
FILLER_0_41_293, 144.44, 125.12, 1.18934e-07
PHY_EDGE_ROW_39_Right_39, 144.44, 119.68, 2.35743e-07
PHY_EDGE_ROW_40_Right_40, 144.44, 119.68, 2.35743e-07
FILLER_0_39_293, 144.44, 119.68, 2.35743e-07
PHY_EDGE_ROW_37_Right_37, 144.44, 114.24, 5.52475e-07
PHY_EDGE_ROW_38_Right_38, 144.44, 114.24, 5.52475e-07
FILLER_0_37_293, 144.44, 114.24, 5.52475e-07
PHY_EDGE_ROW_35_Right_35, 144.44, 108.8, 2.1542e-06
PHY_EDGE_ROW_36_Right_36, 144.44, 108.8, 2.1542e-06
FILLER_0_35_293, 144.44, 108.8, 2.1542e-06
PHY_EDGE_ROW_33_Right_33, 144.44, 103.36, 2.18388e-06
PHY_EDGE_ROW_34_Right_34, 144.44, 103.36, 2.18388e-06
FILLER_0_33_293, 144.44, 103.36, 2.18388e-06
PHY_EDGE_ROW_31_Right_31, 144.44, 97.92, 3.29511e-06
PHY_EDGE_ROW_32_Right_32, 144.44, 97.92, 3.29511e-06
FILLER_0_31_293, 144.44, 97.92, 3.29511e-06
PHY_EDGE_ROW_29_Right_29, 144.44, 92.48, 4.69004e-06
PHY_EDGE_ROW_30_Right_30, 144.44, 92.48, 4.69004e-06
FILLER_0_29_293, 144.44, 92.48, 4.69004e-06
PHY_EDGE_ROW_27_Right_27, 144.44, 87.04, 5.38121e-06
PHY_EDGE_ROW_28_Right_28, 144.44, 87.04, 5.38121e-06
FILLER_0_27_293, 144.44, 87.04, 5.38121e-06
PHY_EDGE_ROW_25_Right_25, 144.44, 81.6, 4.29565e-06
PHY_EDGE_ROW_26_Right_26, 144.44, 81.6, 4.29565e-06
FILLER_0_25_293, 144.44, 81.6, 4.29565e-06
PHY_EDGE_ROW_23_Right_23, 144.44, 76.16, 6.14221e-06
PHY_EDGE_ROW_24_Right_24, 144.44, 76.16, 6.14221e-06
FILLER_0_23_293, 144.44, 76.16, 6.14221e-06
PHY_EDGE_ROW_21_Right_21, 144.44, 70.72, 6.78019e-06
PHY_EDGE_ROW_22_Right_22, 144.44, 70.72, 6.78019e-06
FILLER_0_21_293, 144.44, 70.72, 6.78019e-06
PHY_EDGE_ROW_19_Right_19, 144.44, 65.28, 9.75817e-06
PHY_EDGE_ROW_20_Right_20, 144.44, 65.28, 9.75817e-06
FILLER_0_19_293, 144.44, 65.28, 9.75817e-06
PHY_EDGE_ROW_17_Right_17, 144.44, 59.84, 8.38349e-06
PHY_EDGE_ROW_18_Right_18, 144.44, 59.84, 8.38349e-06
FILLER_0_17_293, 144.44, 59.84, 8.38349e-06
PHY_EDGE_ROW_15_Right_15, 144.44, 54.4, 8.86057e-06
PHY_EDGE_ROW_16_Right_16, 144.44, 54.4, 8.86057e-06
FILLER_0_15_293, 144.44, 54.4, 8.86057e-06
PHY_EDGE_ROW_13_Right_13, 144.44, 48.96, 1.41591e-05
PHY_EDGE_ROW_14_Right_14, 144.44, 48.96, 1.41591e-05
FILLER_0_13_293, 144.44, 48.96, 1.41591e-05
PHY_EDGE_ROW_11_Right_11, 144.44, 43.52, 1.00919e-05
PHY_EDGE_ROW_12_Right_12, 144.44, 43.52, 1.00919e-05
FILLER_0_11_293, 144.44, 43.52, 1.00919e-05
PHY_EDGE_ROW_9_Right_9, 144.44, 38.08, 2.31358e-06
PHY_EDGE_ROW_10_Right_10, 144.44, 38.08, 2.31358e-06
FILLER_0_9_293, 144.44, 38.08, 2.31358e-06
PHY_EDGE_ROW_7_Right_7, 144.44, 32.64, 3.53161e-06
PHY_EDGE_ROW_8_Right_8, 144.44, 32.64, 3.53161e-06
FILLER_0_7_293, 144.44, 32.64, 3.53161e-06
PHY_EDGE_ROW_5_Right_5, 144.44, 27.2, 4.99026e-08
PHY_EDGE_ROW_6_Right_6, 144.44, 27.2, 4.99026e-08
FILLER_0_5_293, 144.44, 27.2, 4.99026e-08
PHY_EDGE_ROW_3_Right_3, 144.44, 21.76, 1.25136e-08
PHY_EDGE_ROW_4_Right_4, 144.44, 21.76, 1.25136e-08
FILLER_0_3_293, 144.44, 21.76, 1.25136e-08
PHY_EDGE_ROW_1_Right_1, 144.44, 16.32, 2.46752e-08
PHY_EDGE_ROW_2_Right_2, 144.44, 16.32, 2.46752e-08
FILLER_0_1_293, 144.44, 16.32, 2.46752e-08
PHY_EDGE_ROW_0_Right_0, 144.44, 10.88, 1.13928e-07
FILLER_0_0_293, 144.44, 10.88, 1.13928e-07
FILLER_0_45_217, 109.71, 136, 4.99118e-11
FILLER_0_46_215, 109.71, 136, 4.99118e-11
FILLER_0_43_217, 109.71, 130.56, 2.72383e-11
FILLER_0_41_217, 109.71, 125.12, 2.70466e-07
FILLER_0_39_217, 109.71, 119.68, 5.40873e-07
FILLER_0_37_217, 109.71, 114.24, 1.72404e-06
_553_, 109.71, 108.8, 8.72541e-06
_709_, 109.71, 103.36, 9.09992e-06
_828_, 109.71, 103.36, 9.09992e-06
FILLER_0_33_225, 109.71, 103.36, 9.09992e-06
_613_, 109.71, 97.92, 1.47352e-05
_809_, 109.71, 97.92, 1.47352e-05
_825_, 109.71, 97.92, 1.47352e-05
_826_, 109.71, 97.92, 1.47352e-05
_827_, 109.71, 97.92, 1.47352e-05
FILLER_0_31_221, 109.71, 97.92, 1.47352e-05
_566_, 109.71, 92.48, 1.83097e-05
_571_, 109.71, 92.48, 1.83097e-05
_572_, 109.71, 92.48, 1.83097e-05
_845_, 109.71, 92.48, 1.83097e-05
FILLER_0_29_221, 109.71, 92.48, 1.83097e-05
FILLER_0_30_218, 109.71, 92.48, 1.83097e-05
_538_, 109.71, 87.04, 1.95725e-05
_708_, 109.71, 87.04, 1.95725e-05
_871_, 109.71, 87.04, 1.95725e-05
FILLER_0_27_221, 109.71, 87.04, 1.95725e-05
FILLER_0_28_217, 109.71, 87.04, 1.95725e-05
_564_, 109.71, 81.6, 1.37606e-05
_707_, 109.71, 81.6, 1.37606e-05
_898_, 109.71, 81.6, 1.37606e-05
FILLER_0_25_217, 109.71, 81.6, 1.37606e-05
FILLER_0_26_224, 109.71, 81.6, 1.37606e-05
_579_, 109.71, 76.16, 2.16414e-05
_893_, 109.71, 76.16, 2.16414e-05
_894_, 109.71, 76.16, 2.16414e-05
_896_, 109.71, 76.16, 2.16414e-05
_897_, 109.71, 76.16, 2.16414e-05
_899_, 109.71, 76.16, 2.16414e-05
_900_, 109.71, 76.16, 2.16414e-05
FILLER_0_23_221, 109.71, 76.16, 2.16414e-05
FILLER_0_24_214, 109.71, 76.16, 2.16414e-05
_505_, 109.71, 70.72, 2.50684e-05
_569_, 109.71, 70.72, 2.50684e-05
_570_, 109.71, 70.72, 2.50684e-05
_574_, 109.71, 70.72, 2.50684e-05
_847_, 109.71, 70.72, 2.50684e-05
_848_, 109.71, 70.72, 2.50684e-05
_895_, 109.71, 70.72, 2.50684e-05
_506_, 109.71, 65.28, 4.00814e-05
_516_, 109.71, 65.28, 4.00814e-05
_527_, 109.71, 65.28, 4.00814e-05
_537_, 109.71, 65.28, 4.00814e-05
_705_, 109.71, 65.28, 4.00814e-05
_722_, 109.71, 65.28, 4.00814e-05
FILLER_0_19_221, 109.71, 65.28, 4.00814e-05
_510_, 109.71, 59.84, 3.74899e-05
_515_, 109.71, 59.84, 3.74899e-05
_562_, 109.71, 59.84, 3.74899e-05
_689_, 109.71, 59.84, 3.74899e-05
_480_, 109.71, 54.4, 3.54834e-05
_561_, 109.71, 54.4, 3.54834e-05
_563_, 109.71, 54.4, 3.54834e-05
_565_, 109.71, 54.4, 3.54834e-05
_630_, 109.71, 54.4, 3.54834e-05
_655_, 109.71, 54.4, 3.54834e-05
_464_, 109.71, 48.96, 5.66712e-05
_489_, 109.71, 48.96, 5.66712e-05
_502_, 109.71, 48.96, 5.66712e-05
_503_, 109.71, 48.96, 5.66712e-05
_568_, 109.71, 48.96, 5.66712e-05
_578_, 109.71, 48.96, 5.66712e-05
_583_, 109.71, 48.96, 5.66712e-05
_584_, 109.71, 48.96, 5.66712e-05
_483_, 109.71, 43.52, 3.85841e-05
_491_, 109.71, 43.52, 3.85841e-05
_495_, 109.71, 43.52, 3.85841e-05
_498_, 109.71, 43.52, 3.85841e-05
_507_, 109.71, 43.52, 3.85841e-05
_679_, 109.71, 43.52, 3.85841e-05
_680_, 109.71, 43.52, 3.85841e-05
FILLER_0_9_218, 109.71, 38.08, 5.64903e-06
FILLER_0_5_217, 109.71, 27.2, 2.23022e-07
FILLER_0_3_217, 109.71, 21.76, 3.20268e-08
FILLER_0_1_217, 109.71, 16.32, 6.38215e-08
FILLER_0_0_221, 109.71, 10.88, 4.4282e-07
FILLER_0_45_161, 74.98, 130.56, 2.44611e-11
FILLER_0_43_161, 74.98, 125.12, 4.21545e-07
FILLER_0_41_161, 74.98, 119.68, 8.44955e-07
_913_, 74.98, 114.24, 5.25885e-06
FILLER_0_38_141, 74.98, 114.24, 5.25885e-06
FILLER_0_39_161, 74.98, 114.24, 5.25885e-06
_560_, 74.98, 108.8, 1.25744e-05
_628_, 74.98, 108.8, 1.25744e-05
_629_, 74.98, 108.8, 1.25744e-05
_843_, 74.98, 108.8, 1.25744e-05
FILLER_0_36_155, 74.98, 108.8, 1.25744e-05
_543_, 74.98, 103.36, 1.44069e-05
_554_, 74.98, 103.36, 1.44069e-05
_830_, 74.98, 103.36, 1.44069e-05
_831_, 74.98, 103.36, 1.44069e-05
FILLER_0_33_140, 74.98, 103.36, 1.44069e-05
FILLER_0_34_141, 74.98, 103.36, 1.44069e-05
FILLER_0_34_163, 74.98, 103.36, 1.44069e-05
FILLER_0_35_154, 74.98, 103.36, 1.44069e-05
_598_, 74.98, 97.92, 2.26346e-05
_618_, 74.98, 97.92, 2.26346e-05
_619_, 74.98, 97.92, 2.26346e-05
_696_, 74.98, 97.92, 2.26346e-05
_713_, 74.98, 97.92, 2.26346e-05
_792_, 74.98, 97.92, 2.26346e-05
FILLER_0_32_151, 74.98, 97.92, 2.26346e-05
_626_, 74.98, 92.48, 2.22042e-05
_835_, 74.98, 92.48, 2.22042e-05
FILLER_0_30_153, 74.98, 92.48, 2.22042e-05
FILLER_0_31_152, 74.98, 92.48, 2.22042e-05
FILLER_0_31_163, 74.98, 92.48, 2.22042e-05
_542_, 74.98, 87.04, 2.46612e-05
_814_, 74.98, 87.04, 2.46612e-05
_815_, 74.98, 87.04, 2.46612e-05
_833_, 74.98, 87.04, 2.46612e-05
_834_, 74.98, 87.04, 2.46612e-05
_581_, 74.98, 81.6, 2.47548e-05
_586_, 74.98, 81.6, 2.47548e-05
_604_, 74.98, 81.6, 2.47548e-05
_616_, 74.98, 81.6, 2.47548e-05
_857_, 74.98, 81.6, 2.47548e-05
FILLER_0_26_141, 74.98, 81.6, 2.47548e-05
FILLER_0_26_163, 74.98, 81.6, 2.47548e-05
_746_, 74.98, 76.16, 3.32423e-05
_747_, 74.98, 76.16, 3.32423e-05
_750_, 74.98, 76.16, 3.32423e-05
_778_, 74.98, 76.16, 3.32423e-05
FILLER_0_24_162, 74.98, 76.16, 3.32423e-05
FILLER_0_25_152, 74.98, 76.16, 3.32423e-05
_536_, 74.98, 70.72, 1.95339e-05
_585_, 74.98, 70.72, 1.95339e-05
_666_, 74.98, 70.72, 1.95339e-05
_751_, 74.98, 70.72, 1.95339e-05
_779_, 74.98, 70.72, 1.95339e-05
FILLER_0_21_140, 74.98, 70.72, 1.95339e-05
FILLER_0_23_153, 74.98, 70.72, 1.95339e-05
_532_, 74.98, 65.28, 3.26216e-05
_615_, 74.98, 65.28, 3.26216e-05
_631_, 74.98, 65.28, 3.26216e-05
_656_, 74.98, 65.28, 3.26216e-05
_657_, 74.98, 65.28, 3.26216e-05
_749_, 74.98, 65.28, 3.26216e-05
FILLER_0_20_147, 74.98, 65.28, 3.26216e-05
FILLER_0_21_160, 74.98, 65.28, 3.26216e-05
_580_, 74.98, 59.84, 2.7904e-05
_641_, 74.98, 59.84, 2.7904e-05
_672_, 74.98, 59.84, 2.7904e-05
_674_, 74.98, 59.84, 2.7904e-05
_748_, 74.98, 59.84, 2.7904e-05
FILLER_0_17_145, 74.98, 59.84, 2.7904e-05
FILLER_0_19_162, 74.98, 59.84, 2.7904e-05
_469_, 74.98, 54.4, 3.53465e-05
_548_, 74.98, 54.4, 3.53465e-05
_617_, 74.98, 54.4, 3.53465e-05
_633_, 74.98, 54.4, 3.53465e-05
_664_, 74.98, 54.4, 3.53465e-05
_669_, 74.98, 54.4, 3.53465e-05
_678_, 74.98, 54.4, 3.53465e-05
FILLER_0_16_157, 74.98, 54.4, 3.53465e-05
_479_, 74.98, 48.96, 3.86048e-05
_541_, 74.98, 48.96, 3.86048e-05
_663_, 74.98, 48.96, 3.86048e-05
_734_, 74.98, 48.96, 3.86048e-05
_736_, 74.98, 48.96, 3.86048e-05
_832_, 74.98, 48.96, 3.86048e-05
FILLER_0_14_160, 74.98, 48.96, 3.86048e-05
_476_, 74.98, 43.52, 3.99797e-05
_478_, 74.98, 43.52, 3.99797e-05
_625_, 74.98, 43.52, 3.99797e-05
_718_, 74.98, 43.52, 3.99797e-05
FILLER_0_11_140, 74.98, 43.52, 3.99797e-05
_477_, 74.98, 38.08, 7.21045e-06
_595_, 74.98, 38.08, 7.21045e-06
_623_, 74.98, 38.08, 7.21045e-06
fanout21, 74.98, 38.08, 7.21045e-06
_910_, 74.98, 32.64, 1.07621e-05
_911_, 74.98, 32.64, 1.07621e-05
fanout22, 74.98, 32.64, 1.07621e-05
FILLER_0_8_148, 74.98, 32.64, 1.07621e-05
FILLER_0_8_156, 74.98, 32.64, 1.07621e-05
_922_, 74.98, 27.2, 1.17035e-06
FILLER_0_5_161, 74.98, 21.76, 7.84132e-08
FILLER_0_3_161, 74.98, 16.32, 1.5765e-07
input2, 74.98, 10.88, 2.06298e-06
output9, 74.98, 10.88, 2.06298e-06
output20, 74.98, 10.88, 2.06298e-06
FILLER_0_0_154, 74.98, 10.88, 2.06298e-06
FILLER_0_0_163, 74.98, 10.88, 2.06298e-06
FILLER_0_1_161, 74.98, 10.88, 2.06298e-06
FILLER_0_46_81, 40.25, 136, 6.40063e-11
FILLER_0_44_77, 40.25, 130.56, 3.82347e-11
FILLER_0_42_77, 40.25, 125.12, 4.0712e-07
FILLER_0_40_77, 40.25, 119.68, 8.14424e-07
FILLER_0_38_77, 40.25, 114.24, 2.29053e-06
_687_, 40.25, 108.8, 1.01885e-05
_915_, 40.25, 108.8, 1.01885e-05
FILLER_0_35_73, 40.25, 108.8, 1.01885e-05
FILLER_0_36_77, 40.25, 108.8, 1.01885e-05
_559_, 40.25, 103.36, 2.01637e-05
_702_, 40.25, 103.36, 2.01637e-05
_744_, 40.25, 103.36, 2.01637e-05
_917_, 40.25, 103.36, 2.01637e-05
FILLER_0_34_80, 40.25, 103.36, 2.01637e-05
FILLER_0_34_85, 40.25, 103.36, 2.01637e-05
_701_, 40.25, 97.92, 2.3512e-05
_805_, 40.25, 97.92, 2.3512e-05
_811_, 40.25, 97.92, 2.3512e-05
_812_, 40.25, 97.92, 2.3512e-05
FILLER_0_31_69, 40.25, 97.92, 2.3512e-05
FILLER_0_32_85, 40.25, 97.92, 2.3512e-05
FILLER_0_33_81, 40.25, 97.92, 2.3512e-05
_760_, 40.25, 92.48, 2.43289e-05
_800_, 40.25, 92.48, 2.43289e-05
_804_, 40.25, 92.48, 2.43289e-05
_878_, 40.25, 92.48, 2.43289e-05
_879_, 40.25, 92.48, 2.43289e-05
FILLER_0_29_69, 40.25, 92.48, 2.43289e-05
FILLER_0_30_81, 40.25, 92.48, 2.43289e-05
_698_, 40.25, 87.04, 3.25045e-05
_799_, 40.25, 87.04, 3.25045e-05
_883_, 40.25, 87.04, 3.25045e-05
_886_, 40.25, 87.04, 3.25045e-05
_902_, 40.25, 87.04, 3.25045e-05
_903_, 40.25, 87.04, 3.25045e-05
FILLER_0_27_69, 40.25, 87.04, 3.25045e-05
_470_, 40.25, 81.6, 2.41962e-05
_807_, 40.25, 81.6, 2.41962e-05
_882_, 40.25, 81.6, 2.41962e-05
_907_, 40.25, 81.6, 2.41962e-05
_908_, 40.25, 81.6, 2.41962e-05
FILLER_0_25_70, 40.25, 81.6, 2.41962e-05
_764_, 40.25, 76.16, 2.971e-05
_780_, 40.25, 76.16, 2.971e-05
_904_, 40.25, 76.16, 2.971e-05
_906_, 40.25, 76.16, 2.971e-05
FILLER_0_24_77, 40.25, 76.16, 2.971e-05
FILLER_0_24_85, 40.25, 76.16, 2.971e-05
_769_, 40.25, 70.72, 2.10574e-05
_770_, 40.25, 70.72, 2.10574e-05
_771_, 40.25, 70.72, 2.10574e-05
_890_, 40.25, 70.72, 2.10574e-05
FILLER_0_22_73, 40.25, 70.72, 2.10574e-05
FILLER_0_23_87, 40.25, 70.72, 2.10574e-05
_665_, 40.25, 65.28, 1.56496e-05
FILLER_0_19_71, 40.25, 65.28, 1.56496e-05
FILLER_0_20_73, 40.25, 65.28, 1.56496e-05
FILLER_0_20_81, 40.25, 65.28, 1.56496e-05
FILLER_0_21_85, 40.25, 65.28, 1.56496e-05
_588_, 40.25, 59.84, 1.94243e-05
_670_, 40.25, 59.84, 1.94243e-05
_671_, 40.25, 59.84, 1.94243e-05
_683_, 40.25, 59.84, 1.94243e-05
_684_, 40.25, 59.84, 1.94243e-05
FILLER_0_18_68, 40.25, 59.84, 1.94243e-05
FILLER_0_18_80, 40.25, 59.84, 1.94243e-05
_556_, 40.25, 54.4, 2.37114e-05
_557_, 40.25, 54.4, 2.37114e-05
_558_, 40.25, 54.4, 2.37114e-05
_801_, 40.25, 54.4, 2.37114e-05
_803_, 40.25, 54.4, 2.37114e-05
_905_, 40.25, 54.4, 2.37114e-05
FILLER_0_16_65, 40.25, 54.4, 2.37114e-05
_929_, 40.25, 48.96, 1.41392e-05
FILLER_0_13_69, 40.25, 48.96, 1.41392e-05
FILLER_0_14_85, 40.25, 48.96, 1.41392e-05
_456_, 40.25, 43.52, 1.36128e-05
_555_, 40.25, 43.52, 1.36128e-05
FILLER_0_12_77, 40.25, 43.52, 1.36128e-05
_927_, 40.25, 38.08, 3.51268e-06
FILLER_0_10_77, 40.25, 38.08, 3.51268e-06
FILLER_0_8_77, 40.25, 32.64, 4.21778e-06
FILLER_0_6_77, 40.25, 27.2, 6.75757e-07
FILLER_0_4_77, 40.25, 21.76, 4.02292e-08
FILLER_0_2_77, 40.25, 16.32, 8.00842e-08
FILLER_0_0_81, 40.25, 10.88, 5.27244e-07
PHY_EDGE_ROW_45_Left_92, 5.52, 136, 1.32382e-10
PHY_EDGE_ROW_46_Left_93, 5.52, 136, 1.32382e-10
FILLER_0_46_53, 28.673, 136, 9.33109e-11
output17, 51.826, 136, 9.47257e-11
FILLER_0_46_97, 51.826, 136, 9.47257e-11
FILLER_0_46_107, 51.826, 136, 9.47257e-11
output14, 63.403, 136, 9.14142e-11
FILLER_0_46_125, 63.403, 136, 9.14142e-11
FILLER_0_46_135, 63.403, 136, 9.14142e-11
output19, 86.556, 136, 8.01572e-11
FILLER_0_46_165, 86.556, 136, 8.01572e-11
FILLER_0_46_187, 86.556, 136, 8.01572e-11
output13, 98.133, 136, 7.15593e-11
FILLER_0_46_249, 121.286, 136, 6.31524e-11
FILLER_0_45_273, 132.863, 136, 6.6626e-11
FILLER_0_46_277, 132.863, 136, 6.6626e-11
PHY_EDGE_ROW_43_Left_90, 5.52, 130.56, 1.0661e-10
PHY_EDGE_ROW_44_Left_91, 5.52, 130.56, 1.0661e-10
FILLER_0_45_51, 28.673, 130.56, 6.75393e-11
FILLER_0_45_105, 51.826, 130.56, 4.34114e-11
FILLER_0_44_133, 63.403, 130.56, 3.88204e-11
FILLER_0_44_189, 98.133, 130.56, 3.28246e-11
FILLER_0_44_245, 121.286, 130.56, 4.34059e-11
FILLER_0_43_273, 132.863, 130.56, 4.98067e-11
FILLER_0_44_289, 132.863, 130.56, 4.98067e-11
PHY_EDGE_ROW_41_Left_88, 5.52, 125.12, 4.07188e-07
PHY_EDGE_ROW_42_Left_89, 5.52, 125.12, 4.07188e-07
FILLER_0_43_51, 28.673, 125.12, 4.07149e-07
FILLER_0_43_105, 51.826, 125.12, 4.11938e-07
FILLER_0_42_133, 63.403, 125.12, 4.16746e-07
FILLER_0_42_189, 98.133, 125.12, 3.20834e-07
FILLER_0_42_245, 121.286, 125.12, 2.19971e-07
FILLER_0_41_273, 132.863, 125.12, 1.69462e-07
FILLER_0_42_289, 132.863, 125.12, 1.69462e-07
PHY_EDGE_ROW_39_Left_86, 5.52, 119.68, 8.14493e-07
PHY_EDGE_ROW_40_Left_87, 5.52, 119.68, 8.14493e-07
FILLER_0_41_51, 28.673, 119.68, 8.14454e-07
FILLER_0_41_105, 51.826, 119.68, 8.2461e-07
FILLER_0_40_133, 63.403, 119.68, 8.34787e-07
FILLER_0_40_189, 98.133, 119.68, 6.42243e-07
FILLER_0_40_245, 121.286, 119.68, 4.39182e-07
FILLER_0_39_273, 132.863, 119.68, 3.37472e-07
FILLER_0_40_289, 132.863, 119.68, 3.37472e-07
PHY_EDGE_ROW_37_Left_84, 5.52, 114.24, 2.2906e-06
PHY_EDGE_ROW_38_Left_85, 5.52, 114.24, 2.2906e-06
FILLER_0_39_51, 28.673, 114.24, 2.29056e-06
FILLER_0_39_105, 51.826, 114.24, 3.54356e-06
_918_, 63.403, 114.24, 4.79669e-06
FILLER_0_38_133, 63.403, 114.24, 4.79669e-06
_919_, 86.556, 114.24, 4.61669e-06
FILLER_0_38_191, 98.133, 114.24, 3.17037e-06
FILLER_0_38_245, 121.286, 114.24, 1.33355e-06
FILLER_0_37_273, 132.863, 114.24, 9.43022e-07
FILLER_0_38_289, 132.863, 114.24, 9.43022e-07
PHY_EDGE_ROW_35_Left_82, 5.52, 108.8, 1.18755e-05
PHY_EDGE_ROW_36_Left_83, 5.52, 108.8, 1.18755e-05
input1, 5.52, 108.8, 1.18755e-05
FILLER_0_35_45, 28.673, 108.8, 1.07508e-05
_721_, 51.826, 108.8, 1.13405e-05
_732_, 51.826, 108.8, 1.13405e-05
FILLER_0_35_95, 51.826, 108.8, 1.13405e-05
FILLER_0_36_101, 51.826, 108.8, 1.13405e-05
FILLER_0_37_105, 51.826, 108.8, 1.13405e-05
_720_, 63.403, 108.8, 1.21747e-05
_829_, 63.403, 108.8, 1.21747e-05
_844_, 63.403, 108.8, 1.21747e-05
FILLER_0_35_123, 63.403, 108.8, 1.21747e-05
FILLER_0_36_123, 63.403, 108.8, 1.21747e-05
FILLER_0_36_135, 63.403, 108.8, 1.21747e-05
_870_, 86.556, 108.8, 1.85452e-05
_874_, 86.556, 108.8, 1.85452e-05
_875_, 86.556, 108.8, 1.85452e-05
_876_, 86.556, 108.8, 1.85452e-05
FILLER_0_36_167, 86.556, 108.8, 1.85452e-05
_590_, 98.133, 108.8, 1.98262e-05
_714_, 98.133, 108.8, 1.98262e-05
_715_, 98.133, 108.8, 1.98262e-05
_716_, 98.133, 108.8, 1.98262e-05
FILLER_0_36_190, 98.133, 108.8, 1.98262e-05
FILLER_0_36_244, 121.286, 108.8, 6.53514e-06
FILLER_0_35_273, 132.863, 108.8, 4.34468e-06
FILLER_0_36_289, 132.863, 108.8, 4.34468e-06
PHY_EDGE_ROW_33_Left_80, 5.52, 103.36, 2.249e-05
PHY_EDGE_ROW_34_Left_81, 5.52, 103.36, 2.249e-05
output15, 5.52, 103.36, 2.249e-05
fanout24, 28.673, 103.36, 2.24899e-05
FILLER_0_34_53, 28.673, 103.36, 2.24899e-05
FILLER_0_35_53, 28.673, 103.36, 2.24899e-05
_475_, 51.826, 103.36, 2.46506e-05
_518_, 51.826, 103.36, 2.46506e-05
_530_, 51.826, 103.36, 2.46506e-05
_700_, 51.826, 103.36, 2.46506e-05
FILLER_0_35_108, 51.826, 103.36, 2.46506e-05
FILLER_0_35_113, 51.826, 103.36, 2.46506e-05
_603_, 63.403, 103.36, 2.13697e-05
_607_, 63.403, 103.36, 2.13697e-05
_609_, 63.403, 103.36, 2.13697e-05
_612_, 63.403, 103.36, 2.13697e-05
_614_, 63.403, 103.36, 2.13697e-05
_627_, 63.403, 103.36, 2.13697e-05
FILLER_0_34_119, 63.403, 103.36, 2.13697e-05
FILLER_0_34_128, 63.403, 103.36, 2.13697e-05
_533_, 86.556, 103.36, 1.88518e-05
_573_, 86.556, 103.36, 1.88518e-05
_860_, 86.556, 103.36, 1.88518e-05
_867_, 86.556, 103.36, 1.88518e-05
_868_, 86.556, 103.36, 1.88518e-05
_869_, 86.556, 103.36, 1.88518e-05
FILLER_0_34_174, 86.556, 103.36, 1.88518e-05
_710_, 98.133, 103.36, 1.5683e-05
_711_, 98.133, 103.36, 1.5683e-05
_712_, 98.133, 103.36, 1.5683e-05
_855_, 98.133, 103.36, 1.5683e-05
FILLER_0_34_197, 98.133, 103.36, 1.5683e-05
FILLER_0_35_208, 98.133, 103.36, 1.5683e-05
FILLER_0_34_247, 121.286, 103.36, 6.79472e-06
FILLER_0_33_272, 132.863, 103.36, 4.48931e-06
FILLER_0_34_289, 132.863, 103.36, 4.48931e-06
PHY_EDGE_ROW_31_Left_78, 5.52, 97.92, 3.01409e-05
PHY_EDGE_ROW_32_Left_79, 5.52, 97.92, 3.01409e-05
_813_, 28.673, 97.92, 3.01409e-05
FILLER_0_32_53, 28.673, 97.92, 3.01409e-05
FILLER_0_33_51, 28.673, 97.92, 3.01409e-05
_717_, 51.826, 97.92, 3.75452e-05
_790_, 51.826, 97.92, 3.75452e-05
_794_, 51.826, 97.92, 3.75452e-05
_795_, 51.826, 97.92, 3.75452e-05
_796_, 51.826, 97.92, 3.75452e-05
_797_, 51.826, 97.92, 3.75452e-05
_877_, 51.826, 97.92, 3.75452e-05
FILLER_0_33_106, 51.826, 97.92, 3.75452e-05
_517_, 63.403, 97.92, 3.37137e-05
_610_, 63.403, 97.92, 3.37137e-05
_699_, 63.403, 97.92, 3.37137e-05
FILLER_0_31_123, 63.403, 97.92, 3.37137e-05
FILLER_0_32_136, 63.403, 97.92, 3.37137e-05
_836_, 86.556, 97.92, 2.92345e-05
_837_, 86.556, 97.92, 2.92345e-05
_854_, 86.556, 97.92, 2.92345e-05
_859_, 86.556, 97.92, 2.92345e-05
FILLER_0_31_169, 86.556, 97.92, 2.92345e-05
FILLER_0_32_169, 86.556, 97.92, 2.92345e-05
_567_, 98.133, 97.92, 3.20596e-05
_695_, 98.133, 97.92, 3.20596e-05
_808_, 98.133, 97.92, 3.20596e-05
_810_, 98.133, 97.92, 3.20596e-05
_824_, 98.133, 97.92, 3.20596e-05
FILLER_0_31_197, 98.133, 97.92, 3.20596e-05
FILLER_0_33_204, 98.133, 97.92, 3.20596e-05
FILLER_0_31_273, 132.863, 97.92, 7.10861e-06
FILLER_0_32_289, 132.863, 97.92, 7.10861e-06
PHY_EDGE_ROW_29_Left_76, 5.52, 92.48, 2.4329e-05
PHY_EDGE_ROW_30_Left_77, 5.52, 92.48, 2.4329e-05
_589_, 28.673, 92.48, 2.4329e-05
FILLER_0_30_53, 28.673, 92.48, 2.4329e-05
FILLER_0_31_51, 28.673, 92.48, 2.4329e-05
FILLER_0_31_57, 28.673, 92.48, 2.4329e-05
_474_, 51.826, 92.48, 3.05915e-05
_788_, 51.826, 92.48, 3.05915e-05
_791_, 51.826, 92.48, 3.05915e-05
_806_, 51.826, 92.48, 3.05915e-05
FILLER_0_29_90, 51.826, 92.48, 3.05915e-05
FILLER_0_30_90, 51.826, 92.48, 3.05915e-05
FILLER_0_30_102, 51.826, 92.48, 3.05915e-05
_602_, 63.403, 92.48, 3.07205e-05
_606_, 63.403, 92.48, 3.07205e-05
_719_, 63.403, 92.48, 3.07205e-05
_782_, 63.403, 92.48, 3.07205e-05
_798_, 63.403, 92.48, 3.07205e-05
_821_, 63.403, 92.48, 3.07205e-05
FILLER_0_30_123, 63.403, 92.48, 3.07205e-05
FILLER_0_31_138, 63.403, 92.48, 3.07205e-05
_550_, 86.556, 92.48, 3.39427e-05
_592_, 86.556, 92.48, 3.39427e-05
_624_, 86.556, 92.48, 3.39427e-05
_694_, 86.556, 92.48, 3.39427e-05
_838_, 86.556, 92.48, 3.39427e-05
_842_, 86.556, 92.48, 3.39427e-05
_858_, 86.556, 92.48, 3.39427e-05
FILLER_0_30_167, 86.556, 92.48, 3.39427e-05
FILLER_0_31_186, 86.556, 92.48, 3.39427e-05
_552_, 98.133, 92.48, 3.47054e-05
_691_, 98.133, 92.48, 3.47054e-05
_692_, 98.133, 92.48, 3.47054e-05
_703_, 98.133, 92.48, 3.47054e-05
_704_, 98.133, 92.48, 3.47054e-05
FILLER_0_30_193, 98.133, 92.48, 3.47054e-05
FILLER_0_30_210, 98.133, 92.48, 3.47054e-05
FILLER_0_30_246, 121.286, 92.48, 1.37701e-05
FILLER_0_29_269, 132.863, 92.48, 9.23009e-06
FILLER_0_30_289, 132.863, 92.48, 9.23009e-06
PHY_EDGE_ROW_27_Left_74, 5.52, 87.04, 4.44842e-05
PHY_EDGE_ROW_28_Left_75, 5.52, 87.04, 4.44842e-05
_885_, 28.673, 87.04, 4.44842e-05
_887_, 28.673, 87.04, 4.44842e-05
FILLER_0_27_45, 28.673, 87.04, 4.44842e-05
FILLER_0_28_41, 28.673, 87.04, 4.44842e-05
FILLER_0_28_49, 28.673, 87.04, 4.44842e-05
FILLER_0_29_51, 28.673, 87.04, 4.44842e-05
_789_, 51.826, 87.04, 4.02598e-05
_793_, 51.826, 87.04, 4.02598e-05
_816_, 51.826, 87.04, 4.02598e-05
_817_, 51.826, 87.04, 4.02598e-05
_884_, 51.826, 87.04, 4.02598e-05
FILLER_0_27_89, 51.826, 87.04, 4.02598e-05
FILLER_0_29_104, 51.826, 87.04, 4.02598e-05
FILLER_0_29_113, 51.826, 87.04, 4.02598e-05
_818_, 63.403, 87.04, 3.24766e-05
_819_, 63.403, 87.04, 3.24766e-05
_820_, 63.403, 87.04, 3.24766e-05
FILLER_0_27_125, 63.403, 87.04, 3.24766e-05
_549_, 86.556, 87.04, 3.38673e-05
_600_, 86.556, 87.04, 3.38673e-05
_841_, 86.556, 87.04, 3.38673e-05
_853_, 86.556, 87.04, 3.38673e-05
_856_, 86.556, 87.04, 3.38673e-05
_873_, 86.556, 87.04, 3.38673e-05
FILLER_0_28_167, 86.556, 87.04, 3.38673e-05
FILLER_0_29_181, 86.556, 87.04, 3.38673e-05
_690_, 98.133, 87.04, 2.86996e-05
_693_, 98.133, 87.04, 2.86996e-05
_846_, 98.133, 87.04, 2.86996e-05
_849_, 98.133, 87.04, 2.86996e-05
FILLER_0_28_200, 98.133, 87.04, 2.86996e-05
FILLER_0_28_243, 121.286, 87.04, 1.48424e-05
FILLER_0_27_275, 132.863, 87.04, 1.01118e-05
FILLER_0_28_289, 132.863, 87.04, 1.01118e-05
FILLER_0_29_277, 132.863, 87.04, 1.01118e-05
PHY_EDGE_ROW_25_Left_72, 5.52, 81.6, 2.83491e-05
PHY_EDGE_ROW_26_Left_73, 5.52, 81.6, 2.83491e-05
output6, 5.52, 81.6, 2.83491e-05
output12, 5.52, 81.6, 2.83491e-05
FILLER_0_26_21, 17.096, 81.6, 2.83491e-05
_909_, 28.673, 81.6, 2.8349e-05
_920_, 28.673, 81.6, 2.8349e-05
FILLER_0_27_53, 28.673, 81.6, 2.8349e-05
_526_, 51.826, 81.6, 3.24403e-05
_528_, 51.826, 81.6, 3.24403e-05
_529_, 51.826, 81.6, 3.24403e-05
_731_, 51.826, 81.6, 3.24403e-05
_880_, 51.826, 81.6, 3.24403e-05
FILLER_0_25_97, 51.826, 81.6, 3.24403e-05
FILLER_0_27_109, 51.826, 81.6, 3.24403e-05
_724_, 63.403, 81.6, 3.46202e-05
_726_, 63.403, 81.6, 3.46202e-05
_727_, 63.403, 81.6, 3.46202e-05
_729_, 63.403, 81.6, 3.46202e-05
_730_, 63.403, 81.6, 3.46202e-05
_783_, 63.403, 81.6, 3.46202e-05
_901_, 63.403, 81.6, 3.46202e-05
_599_, 86.556, 81.6, 2.5462e-05
_745_, 86.556, 81.6, 2.5462e-05
_840_, 86.556, 81.6, 2.5462e-05
_872_, 86.556, 81.6, 2.5462e-05
FILLER_0_26_188, 86.556, 81.6, 2.5462e-05
_481_, 98.133, 81.6, 2.20552e-05
_577_, 98.133, 81.6, 2.20552e-05
_587_, 98.133, 81.6, 2.20552e-05
_864_, 98.133, 81.6, 2.20552e-05
_866_, 98.133, 81.6, 2.20552e-05
FILLER_0_25_198, 98.133, 81.6, 2.20552e-05
FILLER_0_27_211, 98.133, 81.6, 2.20552e-05
FILLER_0_26_249, 121.286, 81.6, 1.06058e-05
FILLER_0_25_275, 132.863, 81.6, 7.45074e-06
FILLER_0_26_289, 132.863, 81.6, 7.45074e-06
PHY_EDGE_ROW_23_Left_70, 5.52, 76.16, 3.62366e-05
PHY_EDGE_ROW_24_Left_71, 5.52, 76.16, 3.62366e-05
output16, 5.52, 76.16, 3.62366e-05
FILLER_0_24_21, 17.096, 76.16, 3.62366e-05
_892_, 28.673, 76.16, 3.62365e-05
_916_, 28.673, 76.16, 3.62365e-05
FILLER_0_25_51, 28.673, 76.16, 3.62365e-05
FILLER_0_25_57, 28.673, 76.16, 3.62365e-05
_725_, 51.826, 76.16, 3.94928e-05
_753_, 51.826, 76.16, 3.94928e-05
_756_, 51.826, 76.16, 3.94928e-05
_881_, 51.826, 76.16, 3.94928e-05
_888_, 51.826, 76.16, 3.94928e-05
FILLER_0_24_93, 51.826, 76.16, 3.94928e-05
FILLER_0_24_113, 51.826, 76.16, 3.94928e-05
_723_, 63.403, 76.16, 3.83913e-05
_766_, 63.403, 76.16, 3.83913e-05
_767_, 63.403, 76.16, 3.83913e-05
FILLER_0_24_132, 63.403, 76.16, 3.83913e-05
FILLER_0_25_130, 63.403, 76.16, 3.83913e-05
_490_, 86.556, 76.16, 5.01066e-05
_765_, 86.556, 76.16, 5.01066e-05
_775_, 86.556, 76.16, 5.01066e-05
_776_, 86.556, 76.16, 5.01066e-05
_777_, 86.556, 76.16, 5.01066e-05
_851_, 86.556, 76.16, 5.01066e-05
_852_, 86.556, 76.16, 5.01066e-05
FILLER_0_25_181, 86.556, 76.16, 5.01066e-05
_576_, 98.133, 76.16, 3.83637e-05
_737_, 98.133, 76.16, 3.83637e-05
_863_, 98.133, 76.16, 3.83637e-05
_865_, 98.133, 76.16, 3.83637e-05
FILLER_0_24_197, 98.133, 76.16, 3.83637e-05
FILLER_0_24_289, 132.863, 76.16, 1.13088e-05
PHY_EDGE_ROW_21_Left_68, 5.52, 70.72, 2.47632e-05
PHY_EDGE_ROW_22_Left_69, 5.52, 70.72, 2.47632e-05
_781_, 28.673, 70.72, 2.47632e-05
_891_, 28.673, 70.72, 2.47632e-05
FILLER_0_22_53, 28.673, 70.72, 2.47632e-05
FILLER_0_23_57, 28.673, 70.72, 2.47632e-05
_754_, 51.826, 70.72, 2.71909e-05
_755_, 51.826, 70.72, 2.71909e-05
_759_, 51.826, 70.72, 2.71909e-05
_768_, 51.826, 70.72, 2.71909e-05
_889_, 51.826, 70.72, 2.71909e-05
FILLER_0_22_109, 51.826, 70.72, 2.71909e-05
FILLER_0_23_105, 51.826, 70.72, 2.71909e-05
_546_, 63.403, 70.72, 2.33631e-05
_667_, 63.403, 70.72, 2.33631e-05
_752_, 63.403, 70.72, 2.33631e-05
FILLER_0_21_120, 63.403, 70.72, 2.33631e-05
FILLER_0_22_121, 63.403, 70.72, 2.33631e-05
FILLER_0_22_135, 63.403, 70.72, 2.33631e-05
FILLER_0_23_128, 63.403, 70.72, 2.33631e-05
_660_, 86.556, 70.72, 2.83646e-05
_850_, 86.556, 70.72, 2.83646e-05
_862_, 86.556, 70.72, 2.83646e-05
FILLER_0_22_187, 86.556, 70.72, 2.83646e-05
FILLER_0_23_184, 86.556, 70.72, 2.83646e-05
_706_, 98.133, 70.72, 3.26755e-05
_772_, 98.133, 70.72, 3.26755e-05
_773_, 98.133, 70.72, 3.26755e-05
_839_, 98.133, 70.72, 3.26755e-05
_861_, 98.133, 70.72, 3.26755e-05
FILLER_0_21_201, 98.133, 70.72, 3.26755e-05
FILLER_0_22_202, 98.133, 70.72, 3.26755e-05
FILLER_0_23_213, 98.133, 70.72, 3.26755e-05
FILLER_0_22_289, 132.863, 70.72, 1.28764e-05
PHY_EDGE_ROW_19_Left_66, 5.52, 65.28, 1.8358e-05
PHY_EDGE_ROW_20_Left_67, 5.52, 65.28, 1.8358e-05
_928_, 28.673, 65.28, 1.83579e-05
fanout23, 28.673, 65.28, 1.83579e-05
FILLER_0_19_45, 28.673, 65.28, 1.83579e-05
FILLER_0_20_53, 28.673, 65.28, 1.83579e-05
FILLER_0_21_51, 28.673, 65.28, 1.83579e-05
_608_, 51.826, 65.28, 2.44826e-05
_758_, 51.826, 65.28, 2.44826e-05
_763_, 51.826, 65.28, 2.44826e-05
_822_, 51.826, 65.28, 2.44826e-05
_823_, 51.826, 65.28, 2.44826e-05
FILLER_0_19_92, 51.826, 65.28, 2.44826e-05
FILLER_0_20_107, 51.826, 65.28, 2.44826e-05
FILLER_0_21_102, 51.826, 65.28, 2.44826e-05
_632_, 63.403, 65.28, 3.17873e-05
_639_, 63.403, 65.28, 3.17873e-05
_642_, 63.403, 65.28, 3.17873e-05
_659_, 63.403, 65.28, 3.17873e-05
FILLER_0_19_116, 63.403, 65.28, 3.17873e-05
FILLER_0_19_124, 63.403, 65.28, 3.17873e-05
FILLER_0_20_136, 63.403, 65.28, 3.17873e-05
_650_, 86.556, 65.28, 5.44155e-05
_654_, 86.556, 65.28, 5.44155e-05
_658_, 86.556, 65.28, 5.44155e-05
_661_, 86.556, 65.28, 5.44155e-05
_673_, 86.556, 65.28, 5.44155e-05
FILLER_0_20_170, 86.556, 65.28, 5.44155e-05
FILLER_0_20_180, 86.556, 65.28, 5.44155e-05
FILLER_0_21_182, 86.556, 65.28, 5.44155e-05
_535_, 98.133, 65.28, 6.15432e-05
_545_, 98.133, 65.28, 6.15432e-05
_547_, 98.133, 65.28, 6.15432e-05
_649_, 98.133, 65.28, 6.15432e-05
_688_, 98.133, 65.28, 6.15432e-05
_757_, 98.133, 65.28, 6.15432e-05
FILLER_0_20_191, 98.133, 65.28, 6.15432e-05
FILLER_0_21_211, 98.133, 65.28, 6.15432e-05
FILLER_0_19_276, 132.863, 65.28, 1.98662e-05
FILLER_0_20_289, 132.863, 65.28, 1.98662e-05
FILLER_0_21_277, 132.863, 65.28, 1.98662e-05
PHY_EDGE_ROW_17_Left_64, 5.52, 59.84, 2.52244e-05
PHY_EDGE_ROW_18_Left_65, 5.52, 59.84, 2.52244e-05
output18, 5.52, 59.84, 2.52244e-05
_685_, 28.673, 59.84, 2.52243e-05
_914_, 28.673, 59.84, 2.52243e-05
FILLER_0_18_41, 28.673, 59.84, 2.52243e-05
FILLER_0_18_49, 28.673, 59.84, 2.52243e-05
FILLER_0_19_53, 28.673, 59.84, 2.52243e-05
FILLER_0_19_57, 28.673, 59.84, 2.52243e-05
_635_, 51.826, 59.84, 2.89943e-05
_636_, 51.826, 59.84, 2.89943e-05
_676_, 51.826, 59.84, 2.89943e-05
_761_, 51.826, 59.84, 2.89943e-05
_762_, 51.826, 59.84, 2.89943e-05
_802_, 51.826, 59.84, 2.89943e-05
FILLER_0_18_93, 51.826, 59.84, 2.89943e-05
FILLER_0_18_101, 51.826, 59.84, 2.89943e-05
FILLER_0_18_107, 51.826, 59.84, 2.89943e-05
_531_, 63.403, 59.84, 3.12753e-05
_591_, 63.403, 59.84, 3.12753e-05
_634_, 63.403, 59.84, 3.12753e-05
_638_, 63.403, 59.84, 3.12753e-05
_640_, 63.403, 59.84, 3.12753e-05
_647_, 63.403, 59.84, 3.12753e-05
_662_, 63.403, 59.84, 3.12753e-05
FILLER_0_17_124, 63.403, 59.84, 3.12753e-05
FILLER_0_18_127, 63.403, 59.84, 3.12753e-05
_596_, 86.556, 59.84, 4.55382e-05
_597_, 86.556, 59.84, 4.55382e-05
_645_, 86.556, 59.84, 4.55382e-05
_646_, 86.556, 59.84, 4.55382e-05
_653_, 86.556, 59.84, 4.55382e-05
_774_, 86.556, 59.84, 4.55382e-05
FILLER_0_18_165, 86.556, 59.84, 4.55382e-05
FILLER_0_18_176, 86.556, 59.84, 4.55382e-05
FILLER_0_18_185, 86.556, 59.84, 4.55382e-05
_521_, 98.133, 59.84, 4.5923e-05
_544_, 98.133, 59.84, 4.5923e-05
_648_, 98.133, 59.84, 4.5923e-05
_728_, 98.133, 59.84, 4.5923e-05
FILLER_0_18_193, 98.133, 59.84, 4.5923e-05
FILLER_0_18_248, 121.286, 59.84, 2.77883e-05
FILLER_0_17_276, 132.863, 59.84, 1.80859e-05
FILLER_0_18_289, 132.863, 59.84, 1.80859e-05
PHY_EDGE_ROW_15_Left_62, 5.52, 54.4, 2.50488e-05
PHY_EDGE_ROW_16_Left_63, 5.52, 54.4, 2.50488e-05
_686_, 28.673, 54.4, 2.50488e-05
FILLER_0_17_51, 28.673, 54.4, 2.50488e-05
FILLER_0_17_61, 28.673, 54.4, 2.50488e-05
_677_, 51.826, 54.4, 4.12919e-05
_682_, 51.826, 54.4, 4.12919e-05
_785_, 51.826, 54.4, 4.12919e-05
_786_, 51.826, 54.4, 4.12919e-05
FILLER_0_15_93, 51.826, 54.4, 4.12919e-05
FILLER_0_17_113, 51.826, 54.4, 4.12919e-05
_472_, 63.403, 54.4, 4.7908e-05
_473_, 63.403, 54.4, 4.7908e-05
_525_, 63.403, 54.4, 4.7908e-05
_551_, 63.403, 54.4, 4.7908e-05
_611_, 63.403, 54.4, 4.7908e-05
_787_, 63.403, 54.4, 4.7908e-05
FILLER_0_16_129, 63.403, 54.4, 4.7908e-05
FILLER_0_17_136, 63.403, 54.4, 4.7908e-05
_605_, 86.556, 54.4, 4.97866e-05
_620_, 86.556, 54.4, 4.97866e-05
_643_, 86.556, 54.4, 4.97866e-05
FILLER_0_16_168, 86.556, 54.4, 4.97866e-05
FILLER_0_16_185, 86.556, 54.4, 4.97866e-05
_463_, 98.133, 54.4, 6.15165e-05
_540_, 98.133, 54.4, 6.15165e-05
_575_, 98.133, 54.4, 6.15165e-05
_675_, 98.133, 54.4, 6.15165e-05
FILLER_0_16_193, 98.133, 54.4, 6.15165e-05
FILLER_0_16_212, 98.133, 54.4, 6.15165e-05
FILLER_0_16_289, 132.863, 54.4, 1.77351e-05
PHY_EDGE_ROW_13_Left_60, 5.52, 48.96, 1.41394e-05
PHY_EDGE_ROW_14_Left_61, 5.52, 48.96, 1.41394e-05
output5, 5.52, 48.96, 1.41394e-05
FILLER_0_14_21, 17.096, 48.96, 1.41393e-05
FILLER_0_15_51, 28.673, 48.96, 1.41393e-05
_468_, 51.826, 48.96, 2.68485e-05
_733_, 51.826, 48.96, 2.68485e-05
_743_, 51.826, 48.96, 2.68485e-05
_784_, 51.826, 48.96, 2.68485e-05
FILLER_0_14_109, 51.826, 48.96, 2.68485e-05
FILLER_0_15_107, 51.826, 48.96, 2.68485e-05
FILLER_0_15_113, 51.826, 48.96, 2.68485e-05
_504_, 63.403, 48.96, 3.76474e-05
_681_, 63.403, 48.96, 3.76474e-05
_735_, 63.403, 48.96, 3.76474e-05
_738_, 63.403, 48.96, 3.76474e-05
FILLER_0_14_126, 63.403, 48.96, 3.76474e-05
FILLER_0_15_128, 63.403, 48.96, 3.76474e-05
_523_, 86.556, 48.96, 7.26553e-05
_593_, 86.556, 48.96, 7.26553e-05
_621_, 86.556, 48.96, 7.26553e-05
_651_, 86.556, 48.96, 7.26553e-05
_652_, 86.556, 48.96, 7.26553e-05
FILLER_0_13_169, 86.556, 48.96, 7.26553e-05
_509_, 98.133, 48.96, 6.76219e-05
_519_, 98.133, 48.96, 6.76219e-05
_520_, 98.133, 48.96, 6.76219e-05
_539_, 98.133, 48.96, 6.76219e-05
_644_, 98.133, 48.96, 6.76219e-05
FILLER_0_13_198, 98.133, 48.96, 6.76219e-05
FILLER_0_14_190, 98.133, 48.96, 6.76219e-05
FILLER_0_14_247, 121.286, 48.96, 4.25013e-05
FILLER_0_14_289, 132.863, 48.96, 2.83302e-05
PHY_EDGE_ROW_11_Left_58, 5.52, 43.52, 1.36129e-05
PHY_EDGE_ROW_12_Left_59, 5.52, 43.52, 1.36129e-05
FILLER_0_13_51, 28.673, 43.52, 1.36128e-05
_466_, 51.826, 43.52, 2.63733e-05
_467_, 51.826, 43.52, 2.63733e-05
_471_, 51.826, 43.52, 2.63733e-05
_637_, 51.826, 43.52, 2.63733e-05
_741_, 51.826, 43.52, 2.63733e-05
_742_, 51.826, 43.52, 2.63733e-05
FILLER_0_11_93, 51.826, 43.52, 2.63733e-05
FILLER_0_13_105, 51.826, 43.52, 2.63733e-05
_461_, 63.403, 43.52, 3.77474e-05
_601_, 63.403, 43.52, 3.77474e-05
_697_, 63.403, 43.52, 3.77474e-05
_926_, 63.403, 43.52, 3.77474e-05
FILLER_0_12_119, 63.403, 43.52, 3.77474e-05
FILLER_0_12_132, 63.403, 43.52, 3.77474e-05
FILLER_0_13_128, 63.403, 43.52, 3.77474e-05
_513_, 86.556, 43.52, 6.40974e-05
_524_, 86.556, 43.52, 6.40974e-05
_534_, 86.556, 43.52, 6.40974e-05
_582_, 86.556, 43.52, 6.40974e-05
_668_, 86.556, 43.52, 6.40974e-05
FILLER_0_12_164, 86.556, 43.52, 6.40974e-05
_482_, 98.133, 43.52, 6.60755e-05
_488_, 98.133, 43.52, 6.60755e-05
_494_, 98.133, 43.52, 6.60755e-05
_500_, 98.133, 43.52, 6.60755e-05
_501_, 98.133, 43.52, 6.60755e-05
_514_, 98.133, 43.52, 6.60755e-05
_594_, 98.133, 43.52, 6.60755e-05
FILLER_0_12_197, 98.133, 43.52, 6.60755e-05
FILLER_0_12_244, 121.286, 43.52, 2.90873e-05
FILLER_0_12_289, 132.863, 43.52, 1.95896e-05
PHY_EDGE_ROW_9_Left_56, 5.52, 38.08, 3.51275e-06
PHY_EDGE_ROW_10_Left_57, 5.52, 38.08, 3.51275e-06
FILLER_0_11_51, 28.673, 38.08, 3.51271e-06
_462_, 51.826, 38.08, 4.82908e-06
_465_, 51.826, 38.08, 4.82908e-06
_739_, 51.826, 38.08, 4.82908e-06
_740_, 51.826, 38.08, 4.82908e-06
FILLER_0_11_102, 51.826, 38.08, 4.82908e-06
_457_, 63.403, 38.08, 6.01979e-06
_493_, 86.556, 38.08, 9.2832e-06
_511_, 86.556, 38.08, 9.2832e-06
_512_, 86.556, 38.08, 9.2832e-06
_522_, 86.556, 38.08, 9.2832e-06
_622_, 86.556, 38.08, 9.2832e-06
FILLER_0_10_188, 86.556, 38.08, 9.2832e-06
FILLER_0_11_185, 86.556, 38.08, 9.2832e-06
_486_, 98.133, 38.08, 7.46614e-06
_487_, 98.133, 38.08, 7.46614e-06
_497_, 98.133, 38.08, 7.46614e-06
_499_, 98.133, 38.08, 7.46614e-06
_508_, 98.133, 38.08, 7.46614e-06
FILLER_0_10_209, 98.133, 38.08, 7.46614e-06
FILLER_0_10_243, 121.286, 38.08, 4.53729e-06
FILLER_0_9_273, 132.863, 38.08, 3.42545e-06
FILLER_0_10_289, 132.863, 38.08, 3.42545e-06
PHY_EDGE_ROW_7_Left_54, 5.52, 32.64, 4.21785e-06
PHY_EDGE_ROW_8_Left_55, 5.52, 32.64, 4.21785e-06
FILLER_0_9_51, 28.673, 32.64, 4.21781e-06
_912_, 51.826, 32.64, 7.91095e-06
FILLER_0_8_109, 51.826, 32.64, 7.91095e-06
FILLER_0_9_105, 51.826, 32.64, 7.91095e-06
_458_, 63.403, 32.64, 1.10047e-05
_460_, 63.403, 32.64, 1.10047e-05
_925_, 63.403, 32.64, 1.10047e-05
FILLER_0_7_125, 63.403, 32.64, 1.10047e-05
FILLER_0_9_130, 63.403, 32.64, 1.10047e-05
_459_, 86.556, 32.64, 1.95263e-05
_484_, 86.556, 32.64, 1.95263e-05
_485_, 86.556, 32.64, 1.95263e-05
_492_, 86.556, 32.64, 1.95263e-05
_496_, 86.556, 32.64, 1.95263e-05
FILLER_0_7_169, 86.556, 32.64, 1.95263e-05
_923_, 98.133, 32.64, 2.82912e-05
_924_, 98.133, 32.64, 2.82912e-05
FILLER_0_7_273, 132.863, 32.64, 6.73763e-06
FILLER_0_8_289, 132.863, 32.64, 6.73763e-06
PHY_EDGE_ROW_5_Left_52, 5.52, 27.2, 6.75825e-07
PHY_EDGE_ROW_6_Left_53, 5.52, 27.2, 6.75825e-07
FILLER_0_7_51, 28.673, 27.2, 6.75786e-07
FILLER_0_7_105, 51.826, 27.2, 1.45772e-06
_921_, 63.403, 27.2, 2.23975e-06
FILLER_0_6_133, 63.403, 27.2, 2.23975e-06
FILLER_0_7_133, 63.403, 27.2, 2.23975e-06
FILLER_0_7_184, 86.556, 27.2, 8.54604e-07
FILLER_0_6_189, 98.133, 27.2, 5.38818e-07
FILLER_0_6_245, 121.286, 27.2, 1.65332e-07
FILLER_0_5_273, 132.863, 27.2, 1.07627e-07
FILLER_0_6_289, 132.863, 27.2, 1.07627e-07
PHY_EDGE_ROW_3_Left_50, 5.52, 21.76, 4.02976e-08
PHY_EDGE_ROW_4_Left_51, 5.52, 21.76, 4.02976e-08
FILLER_0_5_51, 28.673, 21.76, 4.02586e-08
FILLER_0_5_105, 51.826, 21.76, 5.29663e-08
FILLER_0_4_133, 63.403, 21.76, 6.56946e-08
FILLER_0_4_189, 98.133, 21.76, 4.74959e-08
FILLER_0_4_245, 121.286, 21.76, 2.55358e-08
FILLER_0_3_273, 132.863, 21.76, 1.90345e-08
FILLER_0_4_289, 132.863, 21.76, 1.90345e-08
PHY_EDGE_ROW_1_Left_48, 5.52, 16.32, 8.01526e-08
PHY_EDGE_ROW_2_Left_49, 5.52, 16.32, 8.01526e-08
FILLER_0_3_51, 28.673, 16.32, 8.01135e-08
FILLER_0_3_105, 51.826, 16.32, 1.05948e-07
FILLER_0_2_133, 63.403, 16.32, 1.31804e-07
FILLER_0_2_189, 98.133, 16.32, 9.51052e-08
FILLER_0_2_245, 121.286, 16.32, 5.07865e-08
FILLER_0_1_273, 132.863, 16.32, 3.77406e-08
FILLER_0_2_289, 132.863, 16.32, 3.77406e-08
PHY_EDGE_ROW_0_Left_47, 5.52, 10.88, 5.27293e-07
FILLER_0_0_53, 28.673, 10.88, 5.27274e-07
FILLER_0_1_51, 28.673, 10.88, 5.27274e-07
output7, 51.826, 10.88, 1.03917e-06
FILLER_0_0_105, 51.826, 10.88, 1.03917e-06
FILLER_0_0_113, 51.826, 10.88, 1.03917e-06
FILLER_0_1_105, 51.826, 10.88, 1.03917e-06
output4, 63.403, 10.88, 1.55109e-06
output8, 63.403, 10.88, 1.55109e-06
FILLER_0_0_126, 63.403, 10.88, 1.55109e-06
output3, 86.556, 10.88, 1.52299e-06
output10, 86.556, 10.88, 1.52299e-06
output11, 86.556, 10.88, 1.52299e-06
FILLER_0_0_189, 98.133, 10.88, 9.8291e-07
FILLER_0_0_249, 121.286, 10.88, 3.33205e-07
FILLER_0_0_277, 132.863, 10.88, 2.23572e-07

