Instance name, X location, Y location, Voltage
FILLER_0_45_273, 127.075, 133.28, 1.8
FILLER_0_43_273, 127.075, 127.84, 1.8
FILLER_0_41_273, 127.075, 122.4, 1.8
FILLER_0_39_273, 127.075, 116.96, 1.8
FILLER_0_37_273, 127.075, 111.52, 1.8
FILLER_0_35_273, 127.075, 106.08, 1.8
FILLER_0_33_272, 127.075, 100.64, 1.79999
FILLER_0_31_273, 127.075, 95.2, 1.79999
FILLER_0_29_269, 127.075, 89.76, 1.79999
FILLER_0_9_273, 127.075, 35.36, 1.8
FILLER_0_7_273, 127.075, 29.92, 1.8
FILLER_0_5_273, 127.075, 24.48, 1.8
FILLER_0_3_273, 127.075, 19.04, 1.8
FILLER_0_1_273, 127.075, 13.6, 1.8
FILLER_0_46_187, 92.345, 138.72, 1.8
output13, 92.345, 133.28, 1.8
FILLER_0_44_189, 92.345, 127.84, 1.8
FILLER_0_42_189, 92.345, 122.4, 1.8
FILLER_0_40_189, 92.345, 116.96, 1.8
_874_, 92.345, 111.52, 1.79999
FILLER_0_38_191, 92.345, 111.52, 1.79999
_533_, 92.345, 106.08, 1.79999
_573_, 92.345, 106.08, 1.79999
_590_, 92.345, 106.08, 1.79999
_714_, 92.345, 106.08, 1.79999
_716_, 92.345, 106.08, 1.79999
_860_, 92.345, 106.08, 1.79999
FILLER_0_36_190, 92.345, 106.08, 1.79999
_711_, 92.345, 100.64, 1.79998
_836_, 92.345, 100.64, 1.79998
_837_, 92.345, 100.64, 1.79998
_854_, 92.345, 100.64, 1.79998
_855_, 92.345, 100.64, 1.79998
_859_, 92.345, 100.64, 1.79998
FILLER_0_34_197, 92.345, 100.64, 1.79998
_567_, 92.345, 95.2, 1.79998
_592_, 92.345, 95.2, 1.79998
_694_, 92.345, 95.2, 1.79998
_695_, 92.345, 95.2, 1.79998
_810_, 92.345, 95.2, 1.79998
_858_, 92.345, 95.2, 1.79998
FILLER_0_31_186, 92.345, 95.2, 1.79998
FILLER_0_31_197, 92.345, 95.2, 1.79998
_552_, 92.345, 89.76, 1.79998
_691_, 92.345, 89.76, 1.79998
_692_, 92.345, 89.76, 1.79998
_853_, 92.345, 89.76, 1.79998
_873_, 92.345, 89.76, 1.79998
FILLER_0_29_181, 92.345, 89.76, 1.79998
FILLER_0_30_193, 92.345, 89.76, 1.79998
_690_, 92.345, 84.32, 1.79997
_840_, 92.345, 84.32, 1.79997
_872_, 92.345, 84.32, 1.79997
FILLER_0_26_188, 92.345, 84.32, 1.79997
FILLER_0_28_200, 92.345, 84.32, 1.79997
_481_, 92.345, 78.88, 1.79997
_490_, 92.345, 78.88, 1.79997
_765_, 92.345, 78.88, 1.79997
_775_, 92.345, 78.88, 1.79997
_864_, 92.345, 78.88, 1.79997
FILLER_0_25_181, 92.345, 78.88, 1.79997
FILLER_0_25_198, 92.345, 78.88, 1.79997
_850_, 92.345, 73.44, 1.79998
_862_, 92.345, 73.44, 1.79998
_863_, 92.345, 73.44, 1.79998
FILLER_0_22_187, 92.345, 73.44, 1.79998
FILLER_0_23_184, 92.345, 73.44, 1.79998
FILLER_0_24_197, 92.345, 73.44, 1.79998
_650_, 92.345, 68, 1.79997
_654_, 92.345, 68, 1.79997
_658_, 92.345, 68, 1.79997
_773_, 92.345, 68, 1.79997
_839_, 92.345, 68, 1.79997
FILLER_0_20_180, 92.345, 68, 1.79997
FILLER_0_21_182, 92.345, 68, 1.79997
FILLER_0_21_201, 92.345, 68, 1.79997
_535_, 92.345, 62.56, 1.79997
_646_, 92.345, 62.56, 1.79997
_649_, 92.345, 62.56, 1.79997
_653_, 92.345, 62.56, 1.79997
_757_, 92.345, 62.56, 1.79997
_774_, 92.345, 62.56, 1.79997
FILLER_0_18_185, 92.345, 62.56, 1.79997
FILLER_0_20_191, 92.345, 62.56, 1.79997
_521_, 92.345, 57.12, 1.79995
_643_, 92.345, 57.12, 1.79995
_728_, 92.345, 57.12, 1.79995
FILLER_0_16_185, 92.345, 57.12, 1.79995
FILLER_0_18_193, 92.345, 57.12, 1.79995
_463_, 92.345, 51.68, 1.79994
_523_, 92.345, 51.68, 1.79994
_540_, 92.345, 51.68, 1.79994
_593_, 92.345, 51.68, 1.79994
_621_, 92.345, 51.68, 1.79994
_652_, 92.345, 51.68, 1.79994
FILLER_0_16_193, 92.345, 51.68, 1.79994
_519_, 92.345, 46.24, 1.79995
_520_, 92.345, 46.24, 1.79995
_524_, 92.345, 46.24, 1.79995
_534_, 92.345, 46.24, 1.79995
FILLER_0_13_198, 92.345, 46.24, 1.79995
FILLER_0_14_190, 92.345, 46.24, 1.79995
_482_, 92.345, 40.8, 1.79997
_493_, 92.345, 40.8, 1.79997
_494_, 92.345, 40.8, 1.79997
_514_, 92.345, 40.8, 1.79997
_522_, 92.345, 40.8, 1.79997
FILLER_0_10_188, 92.345, 40.8, 1.79997
FILLER_0_11_185, 92.345, 40.8, 1.79997
FILLER_0_12_197, 92.345, 40.8, 1.79997
_496_, 92.345, 35.36, 1.8
_499_, 92.345, 35.36, 1.8
_923_, 92.345, 29.92, 1.79998
_924_, 92.345, 29.92, 1.79998
FILLER_0_7_184, 92.345, 29.92, 1.79998
FILLER_0_6_189, 92.345, 24.48, 1.8
FILLER_0_4_189, 92.345, 19.04, 1.8
output10, 92.345, 13.6, 1.8
output11, 92.345, 13.6, 1.8
FILLER_0_0_189, 92.345, 13.6, 1.8
FILLER_0_2_189, 92.345, 13.6, 1.8
output17, 57.615, 138.72, 1.8
FILLER_0_46_107, 57.615, 138.72, 1.8
FILLER_0_45_105, 57.615, 133.28, 1.8
FILLER_0_46_125, 57.615, 133.28, 1.8
FILLER_0_43_105, 57.615, 127.84, 1.8
FILLER_0_41_105, 57.615, 122.4, 1.8
FILLER_0_39_105, 57.615, 116.96, 1.8
_721_, 57.615, 111.52, 1.79999
_918_, 57.615, 111.52, 1.79999
FILLER_0_36_101, 57.615, 111.52, 1.79999
FILLER_0_37_105, 57.615, 111.52, 1.79999
_518_, 57.615, 106.08, 1.79998
_530_, 57.615, 106.08, 1.79998
_829_, 57.615, 106.08, 1.79998
_844_, 57.615, 106.08, 1.79998
FILLER_0_35_108, 57.615, 106.08, 1.79998
FILLER_0_35_113, 57.615, 106.08, 1.79998
FILLER_0_35_123, 57.615, 106.08, 1.79998
FILLER_0_36_123, 57.615, 106.08, 1.79998
_607_, 57.615, 100.64, 1.79998
_609_, 57.615, 100.64, 1.79998
_612_, 57.615, 100.64, 1.79998
_717_, 57.615, 100.64, 1.79998
_794_, 57.615, 100.64, 1.79998
_797_, 57.615, 100.64, 1.79998
FILLER_0_33_106, 57.615, 100.64, 1.79998
FILLER_0_34_119, 57.615, 100.64, 1.79998
_517_, 57.615, 95.2, 1.79998
_699_, 57.615, 95.2, 1.79998
_788_, 57.615, 95.2, 1.79998
_791_, 57.615, 95.2, 1.79998
FILLER_0_30_102, 57.615, 95.2, 1.79998
FILLER_0_31_123, 57.615, 95.2, 1.79998
_789_, 57.615, 89.76, 1.79998
_798_, 57.615, 89.76, 1.79998
_816_, 57.615, 89.76, 1.79998
_821_, 57.615, 89.76, 1.79998
FILLER_0_29_104, 57.615, 89.76, 1.79998
FILLER_0_29_113, 57.615, 89.76, 1.79998
FILLER_0_30_123, 57.615, 89.76, 1.79998
_526_, 57.615, 84.32, 1.79997
_731_, 57.615, 84.32, 1.79997
_820_, 57.615, 84.32, 1.79997
FILLER_0_27_109, 57.615, 84.32, 1.79997
FILLER_0_27_125, 57.615, 84.32, 1.79997
_725_, 57.615, 78.88, 1.79998
_729_, 57.615, 78.88, 1.79998
_730_, 57.615, 78.88, 1.79998
_783_, 57.615, 78.88, 1.79998
_881_, 57.615, 78.88, 1.79998
FILLER_0_24_113, 57.615, 78.88, 1.79998
_754_, 57.615, 73.44, 1.79998
_766_, 57.615, 73.44, 1.79998
_767_, 57.615, 73.44, 1.79998
_768_, 57.615, 73.44, 1.79998
_889_, 57.615, 73.44, 1.79998
FILLER_0_22_109, 57.615, 73.44, 1.79998
FILLER_0_23_105, 57.615, 73.44, 1.79998
_667_, 57.615, 68, 1.79998
_822_, 57.615, 68, 1.79998
_823_, 57.615, 68, 1.79998
FILLER_0_20_107, 57.615, 68, 1.79998
FILLER_0_21_102, 57.615, 68, 1.79998
FILLER_0_21_120, 57.615, 68, 1.79998
FILLER_0_22_121, 57.615, 68, 1.79998
_632_, 57.615, 62.56, 1.79998
_635_, 57.615, 62.56, 1.79998
_636_, 57.615, 62.56, 1.79998
_761_, 57.615, 62.56, 1.79998
_762_, 57.615, 62.56, 1.79998
FILLER_0_18_101, 57.615, 62.56, 1.79998
FILLER_0_18_107, 57.615, 62.56, 1.79998
FILLER_0_19_116, 57.615, 62.56, 1.79998
FILLER_0_19_124, 57.615, 62.56, 1.79998
_634_, 57.615, 57.12, 1.79997
_638_, 57.615, 57.12, 1.79997
_662_, 57.615, 57.12, 1.79997
_785_, 57.615, 57.12, 1.79997
_786_, 57.615, 57.12, 1.79997
FILLER_0_17_113, 57.615, 57.12, 1.79997
FILLER_0_17_124, 57.615, 57.12, 1.79997
_551_, 57.615, 51.68, 1.79997
_611_, 57.615, 51.68, 1.79997
_784_, 57.615, 51.68, 1.79997
_787_, 57.615, 51.68, 1.79997
FILLER_0_14_109, 57.615, 51.68, 1.79997
FILLER_0_15_107, 57.615, 51.68, 1.79997
FILLER_0_15_113, 57.615, 51.68, 1.79997
_471_, 57.615, 46.24, 1.79998
_637_, 57.615, 46.24, 1.79998
_735_, 57.615, 46.24, 1.79998
_738_, 57.615, 46.24, 1.79998
_741_, 57.615, 46.24, 1.79998
_742_, 57.615, 46.24, 1.79998
FILLER_0_13_105, 57.615, 46.24, 1.79998
_461_, 57.615, 40.8, 1.79999
_462_, 57.615, 40.8, 1.79999
_465_, 57.615, 40.8, 1.79999
_739_, 57.615, 40.8, 1.79999
_740_, 57.615, 40.8, 1.79999
_926_, 57.615, 40.8, 1.79999
FILLER_0_11_102, 57.615, 40.8, 1.79999
FILLER_0_12_119, 57.615, 40.8, 1.79999
_457_, 57.615, 35.36, 1.8
_912_, 57.615, 35.36, 1.8
FILLER_0_8_109, 57.615, 35.36, 1.8
FILLER_0_9_105, 57.615, 35.36, 1.8
_925_, 57.615, 29.92, 1.79999
FILLER_0_7_105, 57.615, 29.92, 1.79999
FILLER_0_7_125, 57.615, 29.92, 1.79999
FILLER_0_5_105, 57.615, 24.48, 1.8
FILLER_0_3_105, 57.615, 19.04, 1.8
output4, 57.615, 13.6, 1.8
FILLER_0_0_105, 57.615, 13.6, 1.8
FILLER_0_0_113, 57.615, 13.6, 1.8
FILLER_0_1_105, 57.615, 13.6, 1.8
FILLER_0_35_45, 22.885, 106.08, 1.79999
FILLER_0_27_45, 22.885, 84.32, 1.79999
FILLER_0_28_41, 22.885, 84.32, 1.79999
FILLER_0_28_49, 22.885, 84.32, 1.79999
_920_, 22.885, 78.88, 1.79999
_916_, 22.885, 73.44, 1.79998
FILLER_0_19_45, 22.885, 62.56, 1.79999
FILLER_0_18_41, 22.885, 57.12, 1.79999
FILLER_0_18_49, 22.885, 57.12, 1.79999
PHY_EDGE_ROW_46_Left_93, 5.52, 138.72, 1.8
PHY_EDGE_ROW_46_Right_46, 144.44, 138.72, 1.8
FILLER_0_46_293, 144.44, 138.72, 1.8
FILLER_0_46_53, 34.461, 138.72, 1.8
FILLER_0_46_81, 46.038, 138.72, 1.8
output14, 69.191, 138.72, 1.8
FILLER_0_46_135, 69.191, 138.72, 1.8
FILLER_0_46_277, 135.757, 138.72, 1.8
PHY_EDGE_ROW_44_Left_91, 5.52, 133.28, 1.8
PHY_EDGE_ROW_45_Left_92, 5.52, 133.28, 1.8
PHY_EDGE_ROW_44_Right_44, 144.44, 133.28, 1.8
PHY_EDGE_ROW_45_Right_45, 144.44, 133.28, 1.8
FILLER_0_45_293, 144.44, 133.28, 1.8
FILLER_0_45_51, 34.461, 133.28, 1.8
FILLER_0_44_77, 46.038, 133.28, 1.8
FILLER_0_46_97, 46.038, 133.28, 1.8
FILLER_0_44_133, 69.191, 133.28, 1.8
output19, 80.768, 133.28, 1.8
FILLER_0_45_161, 80.768, 133.28, 1.8
FILLER_0_46_165, 80.768, 133.28, 1.8
FILLER_0_45_217, 103.921, 133.28, 1.8
FILLER_0_46_215, 103.921, 133.28, 1.8
FILLER_0_46_249, 115.498, 133.28, 1.8
PHY_EDGE_ROW_42_Left_89, 5.52, 127.84, 1.8
PHY_EDGE_ROW_43_Left_90, 5.52, 127.84, 1.8
PHY_EDGE_ROW_42_Right_42, 144.44, 127.84, 1.8
PHY_EDGE_ROW_43_Right_43, 144.44, 127.84, 1.8
FILLER_0_43_293, 144.44, 127.84, 1.8
FILLER_0_43_51, 34.461, 127.84, 1.8
FILLER_0_42_77, 46.038, 127.84, 1.8
FILLER_0_42_133, 69.191, 127.84, 1.8
FILLER_0_43_161, 80.768, 127.84, 1.8
FILLER_0_43_217, 103.921, 127.84, 1.8
FILLER_0_44_245, 115.498, 127.84, 1.8
FILLER_0_44_289, 135.757, 127.84, 1.8
PHY_EDGE_ROW_40_Left_87, 5.52, 122.4, 1.8
PHY_EDGE_ROW_41_Left_88, 5.52, 122.4, 1.8
PHY_EDGE_ROW_40_Right_40, 144.44, 122.4, 1.8
PHY_EDGE_ROW_41_Right_41, 144.44, 122.4, 1.8
FILLER_0_41_293, 144.44, 122.4, 1.8
FILLER_0_41_51, 34.461, 122.4, 1.8
FILLER_0_40_77, 46.038, 122.4, 1.8
FILLER_0_40_133, 69.191, 122.4, 1.8
FILLER_0_41_161, 80.768, 122.4, 1.8
FILLER_0_41_217, 103.921, 122.4, 1.8
FILLER_0_42_245, 115.498, 122.4, 1.8
FILLER_0_42_289, 135.757, 122.4, 1.8
PHY_EDGE_ROW_38_Left_85, 5.52, 116.96, 1.8
PHY_EDGE_ROW_39_Left_86, 5.52, 116.96, 1.8
PHY_EDGE_ROW_38_Right_38, 144.44, 116.96, 1.8
PHY_EDGE_ROW_39_Right_39, 144.44, 116.96, 1.8
FILLER_0_39_293, 144.44, 116.96, 1.8
FILLER_0_39_51, 34.461, 116.96, 1.8
FILLER_0_38_77, 46.038, 116.96, 1.8
FILLER_0_38_133, 69.191, 116.96, 1.8
FILLER_0_39_161, 80.768, 116.96, 1.8
FILLER_0_39_217, 103.921, 116.96, 1.8
FILLER_0_40_245, 115.498, 116.96, 1.8
FILLER_0_40_289, 135.757, 116.96, 1.8
PHY_EDGE_ROW_36_Left_83, 5.52, 111.52, 1.79999
PHY_EDGE_ROW_37_Left_84, 5.52, 111.52, 1.79999
input1, 5.52, 111.52, 1.79999
PHY_EDGE_ROW_36_Right_36, 144.44, 111.52, 1.8
PHY_EDGE_ROW_37_Right_37, 144.44, 111.52, 1.8
FILLER_0_37_293, 144.44, 111.52, 1.8
_915_, 46.038, 111.52, 1.79999
FILLER_0_36_77, 46.038, 111.52, 1.79999
_720_, 69.191, 111.52, 1.79999
_913_, 69.191, 111.52, 1.79999
FILLER_0_36_135, 69.191, 111.52, 1.79999
FILLER_0_38_141, 69.191, 111.52, 1.79999
_843_, 80.768, 111.52, 1.79999
_919_, 80.768, 111.52, 1.79999
FILLER_0_36_155, 80.768, 111.52, 1.79999
_715_, 103.921, 111.52, 1.79999
FILLER_0_37_217, 103.921, 111.52, 1.79999
FILLER_0_38_245, 115.498, 111.52, 1.79999
FILLER_0_38_289, 135.757, 111.52, 1.8
PHY_EDGE_ROW_34_Left_81, 5.52, 106.08, 1.79999
PHY_EDGE_ROW_35_Left_82, 5.52, 106.08, 1.79999
output15, 5.52, 106.08, 1.79999
PHY_EDGE_ROW_34_Right_34, 144.44, 106.08, 1.8
PHY_EDGE_ROW_35_Right_35, 144.44, 106.08, 1.8
FILLER_0_35_293, 144.44, 106.08, 1.8
_687_, 34.461, 106.08, 1.79999
fanout24, 34.461, 106.08, 1.79999
FILLER_0_34_53, 34.461, 106.08, 1.79999
FILLER_0_35_53, 34.461, 106.08, 1.79999
FILLER_0_35_73, 34.461, 106.08, 1.79999
_559_, 46.038, 106.08, 1.79998
_702_, 46.038, 106.08, 1.79998
_732_, 46.038, 106.08, 1.79998
_744_, 46.038, 106.08, 1.79998
FILLER_0_34_80, 46.038, 106.08, 1.79998
FILLER_0_34_85, 46.038, 106.08, 1.79998
FILLER_0_35_95, 46.038, 106.08, 1.79998
_560_, 69.191, 106.08, 1.79998
_603_, 69.191, 106.08, 1.79998
_614_, 69.191, 106.08, 1.79998
_627_, 69.191, 106.08, 1.79998
_628_, 69.191, 106.08, 1.79998
_629_, 69.191, 106.08, 1.79998
FILLER_0_34_128, 69.191, 106.08, 1.79998
_830_, 80.768, 106.08, 1.79998
_831_, 80.768, 106.08, 1.79998
_870_, 80.768, 106.08, 1.79998
_875_, 80.768, 106.08, 1.79998
_876_, 80.768, 106.08, 1.79998
FILLER_0_34_163, 80.768, 106.08, 1.79998
FILLER_0_35_154, 80.768, 106.08, 1.79998
FILLER_0_36_167, 80.768, 106.08, 1.79998
_553_, 103.921, 106.08, 1.79999
_710_, 103.921, 106.08, 1.79999
_712_, 103.921, 106.08, 1.79999
FILLER_0_35_208, 103.921, 106.08, 1.79999
FILLER_0_36_244, 115.498, 106.08, 1.79999
FILLER_0_36_289, 135.757, 106.08, 1.8
PHY_EDGE_ROW_32_Left_79, 5.52, 100.64, 1.79999
PHY_EDGE_ROW_33_Left_80, 5.52, 100.64, 1.79999
PHY_EDGE_ROW_32_Right_32, 144.44, 100.64, 1.79999
PHY_EDGE_ROW_33_Right_33, 144.44, 100.64, 1.79999
FILLER_0_33_293, 144.44, 100.64, 1.79999
_813_, 34.461, 100.64, 1.79997
_917_, 34.461, 100.64, 1.79997
FILLER_0_32_53, 34.461, 100.64, 1.79997
FILLER_0_33_51, 34.461, 100.64, 1.79997
_475_, 46.038, 100.64, 1.79997
_700_, 46.038, 100.64, 1.79997
_701_, 46.038, 100.64, 1.79997
_811_, 46.038, 100.64, 1.79997
FILLER_0_32_85, 46.038, 100.64, 1.79997
FILLER_0_33_81, 46.038, 100.64, 1.79997
_543_, 69.191, 100.64, 1.79997
_554_, 69.191, 100.64, 1.79997
_610_, 69.191, 100.64, 1.79997
FILLER_0_32_136, 69.191, 100.64, 1.79997
FILLER_0_33_140, 69.191, 100.64, 1.79997
FILLER_0_34_141, 69.191, 100.64, 1.79997
_696_, 80.768, 100.64, 1.79997
_713_, 80.768, 100.64, 1.79997
_867_, 80.768, 100.64, 1.79997
_868_, 80.768, 100.64, 1.79997
_869_, 80.768, 100.64, 1.79997
FILLER_0_32_151, 80.768, 100.64, 1.79997
FILLER_0_34_174, 80.768, 100.64, 1.79997
_709_, 103.921, 100.64, 1.79998
_808_, 103.921, 100.64, 1.79998
_824_, 103.921, 100.64, 1.79998
_828_, 103.921, 100.64, 1.79998
FILLER_0_33_204, 103.921, 100.64, 1.79998
FILLER_0_33_225, 103.921, 100.64, 1.79998
_613_, 115.498, 100.64, 1.79998
_826_, 115.498, 100.64, 1.79998
_827_, 115.498, 100.64, 1.79998
FILLER_0_34_247, 115.498, 100.64, 1.79998
FILLER_0_34_289, 135.757, 100.64, 1.79999
PHY_EDGE_ROW_30_Left_77, 5.52, 95.2, 1.79999
PHY_EDGE_ROW_31_Left_78, 5.52, 95.2, 1.79999
PHY_EDGE_ROW_30_Right_30, 144.44, 95.2, 1.79999
PHY_EDGE_ROW_31_Right_31, 144.44, 95.2, 1.79999
FILLER_0_31_293, 144.44, 95.2, 1.79999
_589_, 34.461, 95.2, 1.79998
_805_, 34.461, 95.2, 1.79998
_812_, 34.461, 95.2, 1.79998
FILLER_0_30_53, 34.461, 95.2, 1.79998
FILLER_0_31_51, 34.461, 95.2, 1.79998
FILLER_0_31_57, 34.461, 95.2, 1.79998
FILLER_0_31_69, 34.461, 95.2, 1.79998
_760_, 46.038, 95.2, 1.79997
_790_, 46.038, 95.2, 1.79997
_795_, 46.038, 95.2, 1.79997
_796_, 46.038, 95.2, 1.79997
_877_, 46.038, 95.2, 1.79997
_878_, 46.038, 95.2, 1.79997
_879_, 46.038, 95.2, 1.79997
FILLER_0_30_81, 46.038, 95.2, 1.79997
_598_, 69.191, 95.2, 1.79997
_602_, 69.191, 95.2, 1.79997
_606_, 69.191, 95.2, 1.79997
_618_, 69.191, 95.2, 1.79997
_619_, 69.191, 95.2, 1.79997
_719_, 69.191, 95.2, 1.79997
_782_, 69.191, 95.2, 1.79997
_792_, 69.191, 95.2, 1.79997
FILLER_0_31_138, 69.191, 95.2, 1.79997
_626_, 80.768, 95.2, 1.79997
_835_, 80.768, 95.2, 1.79997
FILLER_0_30_153, 80.768, 95.2, 1.79997
FILLER_0_31_152, 80.768, 95.2, 1.79997
FILLER_0_31_163, 80.768, 95.2, 1.79997
FILLER_0_31_169, 80.768, 95.2, 1.79997
FILLER_0_32_169, 80.768, 95.2, 1.79997
_703_, 103.921, 95.2, 1.79998
_704_, 103.921, 95.2, 1.79998
_809_, 103.921, 95.2, 1.79998
_825_, 103.921, 95.2, 1.79998
FILLER_0_30_210, 103.921, 95.2, 1.79998
FILLER_0_31_221, 103.921, 95.2, 1.79998
_566_, 115.498, 95.2, 1.79999
FILLER_0_32_289, 135.757, 95.2, 1.79999
PHY_EDGE_ROW_28_Left_75, 5.52, 89.76, 1.79999
PHY_EDGE_ROW_29_Left_76, 5.52, 89.76, 1.79999
PHY_EDGE_ROW_28_Right_28, 144.44, 89.76, 1.79999
PHY_EDGE_ROW_29_Right_29, 144.44, 89.76, 1.79999
FILLER_0_29_293, 144.44, 89.76, 1.79999
_800_, 34.461, 89.76, 1.79997
_804_, 34.461, 89.76, 1.79997
_885_, 34.461, 89.76, 1.79997
_887_, 34.461, 89.76, 1.79997
FILLER_0_29_51, 34.461, 89.76, 1.79997
FILLER_0_29_69, 34.461, 89.76, 1.79997
_474_, 46.038, 89.76, 1.79997
_698_, 46.038, 89.76, 1.79997
_799_, 46.038, 89.76, 1.79997
_806_, 46.038, 89.76, 1.79997
_902_, 46.038, 89.76, 1.79997
FILLER_0_29_90, 46.038, 89.76, 1.79997
FILLER_0_30_90, 46.038, 89.76, 1.79997
_818_, 69.191, 89.76, 1.79998
_819_, 69.191, 89.76, 1.79998
_550_, 80.768, 89.76, 1.79998
_624_, 80.768, 89.76, 1.79998
_833_, 80.768, 89.76, 1.79998
_834_, 80.768, 89.76, 1.79998
_838_, 80.768, 89.76, 1.79998
_842_, 80.768, 89.76, 1.79998
FILLER_0_30_167, 80.768, 89.76, 1.79998
_571_, 103.921, 89.76, 1.79998
_572_, 103.921, 89.76, 1.79998
_693_, 103.921, 89.76, 1.79998
_845_, 103.921, 89.76, 1.79998
_846_, 103.921, 89.76, 1.79998
_849_, 103.921, 89.76, 1.79998
FILLER_0_29_221, 103.921, 89.76, 1.79998
FILLER_0_30_218, 103.921, 89.76, 1.79998
_538_, 115.498, 89.76, 1.79998
FILLER_0_30_246, 115.498, 89.76, 1.79998
FILLER_0_29_277, 135.757, 89.76, 1.79999
FILLER_0_30_289, 135.757, 89.76, 1.79999
PHY_EDGE_ROW_26_Left_73, 5.52, 84.32, 1.79999
PHY_EDGE_ROW_27_Left_74, 5.52, 84.32, 1.79999
output6, 5.52, 84.32, 1.79999
PHY_EDGE_ROW_26_Right_26, 144.44, 84.32, 1.79999
PHY_EDGE_ROW_27_Right_27, 144.44, 84.32, 1.79999
FILLER_0_27_293, 144.44, 84.32, 1.79999
_883_, 34.461, 84.32, 1.79997
_886_, 34.461, 84.32, 1.79997
_903_, 34.461, 84.32, 1.79997
_909_, 34.461, 84.32, 1.79997
FILLER_0_27_53, 34.461, 84.32, 1.79997
FILLER_0_27_69, 34.461, 84.32, 1.79997
_470_, 46.038, 84.32, 1.79997
_793_, 46.038, 84.32, 1.79997
_817_, 46.038, 84.32, 1.79997
_882_, 46.038, 84.32, 1.79997
_884_, 46.038, 84.32, 1.79997
FILLER_0_27_89, 46.038, 84.32, 1.79997
_724_, 69.191, 84.32, 1.79996
_726_, 69.191, 84.32, 1.79996
_727_, 69.191, 84.32, 1.79996
_814_, 69.191, 84.32, 1.79996
_815_, 69.191, 84.32, 1.79996
_901_, 69.191, 84.32, 1.79996
_542_, 80.768, 84.32, 1.79996
_549_, 80.768, 84.32, 1.79996
_600_, 80.768, 84.32, 1.79996
_604_, 80.768, 84.32, 1.79996
_841_, 80.768, 84.32, 1.79996
_856_, 80.768, 84.32, 1.79996
_857_, 80.768, 84.32, 1.79996
FILLER_0_26_163, 80.768, 84.32, 1.79996
FILLER_0_28_167, 80.768, 84.32, 1.79996
_577_, 103.921, 84.32, 1.79997
_587_, 103.921, 84.32, 1.79997
_708_, 103.921, 84.32, 1.79997
_866_, 103.921, 84.32, 1.79997
_871_, 103.921, 84.32, 1.79997
FILLER_0_27_211, 103.921, 84.32, 1.79997
FILLER_0_27_221, 103.921, 84.32, 1.79997
FILLER_0_28_217, 103.921, 84.32, 1.79997
_564_, 115.498, 84.32, 1.79998
_898_, 115.498, 84.32, 1.79998
FILLER_0_28_243, 115.498, 84.32, 1.79998
FILLER_0_27_275, 135.757, 84.32, 1.79999
FILLER_0_28_289, 135.757, 84.32, 1.79999
PHY_EDGE_ROW_24_Left_71, 5.52, 78.88, 1.79999
PHY_EDGE_ROW_25_Left_72, 5.52, 78.88, 1.79999
output12, 5.52, 78.88, 1.79999
PHY_EDGE_ROW_24_Right_24, 144.44, 78.88, 1.79999
PHY_EDGE_ROW_25_Right_25, 144.44, 78.88, 1.79999
FILLER_0_25_293, 144.44, 78.88, 1.79999
FILLER_0_26_21, 14.202, 78.88, 1.79999
_807_, 34.461, 78.88, 1.79998
_892_, 34.461, 78.88, 1.79998
_907_, 34.461, 78.88, 1.79998
_908_, 34.461, 78.88, 1.79998
FILLER_0_25_51, 34.461, 78.88, 1.79998
FILLER_0_25_57, 34.461, 78.88, 1.79998
FILLER_0_25_70, 34.461, 78.88, 1.79998
_528_, 46.038, 78.88, 1.79998
_529_, 46.038, 78.88, 1.79998
_880_, 46.038, 78.88, 1.79998
_904_, 46.038, 78.88, 1.79998
_906_, 46.038, 78.88, 1.79998
FILLER_0_24_77, 46.038, 78.88, 1.79998
FILLER_0_24_85, 46.038, 78.88, 1.79998
FILLER_0_25_97, 46.038, 78.88, 1.79998
_581_, 69.191, 78.88, 1.79997
_586_, 69.191, 78.88, 1.79997
_616_, 69.191, 78.88, 1.79997
_723_, 69.191, 78.88, 1.79997
FILLER_0_24_132, 69.191, 78.88, 1.79997
FILLER_0_25_130, 69.191, 78.88, 1.79997
FILLER_0_26_141, 69.191, 78.88, 1.79997
_599_, 80.768, 78.88, 1.79997
_745_, 80.768, 78.88, 1.79997
_750_, 80.768, 78.88, 1.79997
_778_, 80.768, 78.88, 1.79997
FILLER_0_24_162, 80.768, 78.88, 1.79997
FILLER_0_25_152, 80.768, 78.88, 1.79997
_576_, 103.921, 78.88, 1.79997
_707_, 103.921, 78.88, 1.79997
_737_, 103.921, 78.88, 1.79997
_865_, 103.921, 78.88, 1.79997
FILLER_0_25_217, 103.921, 78.88, 1.79997
FILLER_0_26_224, 103.921, 78.88, 1.79997
_894_, 115.498, 78.88, 1.79998
_896_, 115.498, 78.88, 1.79998
_897_, 115.498, 78.88, 1.79998
_899_, 115.498, 78.88, 1.79998
_900_, 115.498, 78.88, 1.79998
FILLER_0_26_249, 115.498, 78.88, 1.79998
FILLER_0_25_275, 135.757, 78.88, 1.79999
FILLER_0_26_289, 135.757, 78.88, 1.79999
PHY_EDGE_ROW_22_Left_69, 5.52, 73.44, 1.79998
PHY_EDGE_ROW_23_Left_70, 5.52, 73.44, 1.79998
output16, 5.52, 73.44, 1.79998
PHY_EDGE_ROW_22_Right_22, 144.44, 73.44, 1.79999
PHY_EDGE_ROW_23_Right_23, 144.44, 73.44, 1.79999
FILLER_0_23_293, 144.44, 73.44, 1.79999
FILLER_0_24_21, 14.202, 73.44, 1.79998
_764_, 34.461, 73.44, 1.79997
_780_, 34.461, 73.44, 1.79997
_781_, 34.461, 73.44, 1.79997
_891_, 34.461, 73.44, 1.79997
FILLER_0_22_53, 34.461, 73.44, 1.79997
FILLER_0_23_57, 34.461, 73.44, 1.79997
_753_, 46.038, 73.44, 1.79997
_756_, 46.038, 73.44, 1.79997
_769_, 46.038, 73.44, 1.79997
_770_, 46.038, 73.44, 1.79997
_888_, 46.038, 73.44, 1.79997
_890_, 46.038, 73.44, 1.79997
FILLER_0_23_87, 46.038, 73.44, 1.79997
FILLER_0_24_93, 46.038, 73.44, 1.79997
_546_, 69.191, 73.44, 1.79997
_746_, 69.191, 73.44, 1.79997
_747_, 69.191, 73.44, 1.79997
_752_, 69.191, 73.44, 1.79997
FILLER_0_22_135, 69.191, 73.44, 1.79997
FILLER_0_23_128, 69.191, 73.44, 1.79997
_666_, 80.768, 73.44, 1.79997
_776_, 80.768, 73.44, 1.79997
_777_, 80.768, 73.44, 1.79997
_779_, 80.768, 73.44, 1.79997
_851_, 80.768, 73.44, 1.79997
_852_, 80.768, 73.44, 1.79997
FILLER_0_23_153, 80.768, 73.44, 1.79997
_579_, 103.921, 73.44, 1.79998
_706_, 103.921, 73.44, 1.79998
_772_, 103.921, 73.44, 1.79998
_861_, 103.921, 73.44, 1.79998
_893_, 103.921, 73.44, 1.79998
FILLER_0_22_202, 103.921, 73.44, 1.79998
FILLER_0_23_213, 103.921, 73.44, 1.79998
FILLER_0_23_221, 103.921, 73.44, 1.79998
FILLER_0_24_214, 103.921, 73.44, 1.79998
_847_, 115.498, 73.44, 1.79998
_895_, 115.498, 73.44, 1.79998
FILLER_0_24_289, 135.757, 73.44, 1.79999
PHY_EDGE_ROW_20_Left_67, 5.52, 68, 1.79999
PHY_EDGE_ROW_21_Left_68, 5.52, 68, 1.79999
PHY_EDGE_ROW_20_Right_20, 144.44, 68, 1.79998
PHY_EDGE_ROW_21_Right_21, 144.44, 68, 1.79998
FILLER_0_21_293, 144.44, 68, 1.79998
_771_, 34.461, 68, 1.79998
_928_, 34.461, 68, 1.79998
fanout23, 34.461, 68, 1.79998
FILLER_0_20_53, 34.461, 68, 1.79998
FILLER_0_21_51, 34.461, 68, 1.79998
FILLER_0_22_73, 34.461, 68, 1.79998
_665_, 46.038, 68, 1.79998
_755_, 46.038, 68, 1.79998
_759_, 46.038, 68, 1.79998
FILLER_0_20_81, 46.038, 68, 1.79998
FILLER_0_21_85, 46.038, 68, 1.79998
_536_, 69.191, 68, 1.79997
_585_, 69.191, 68, 1.79997
_639_, 69.191, 68, 1.79997
_642_, 69.191, 68, 1.79997
_659_, 69.191, 68, 1.79997
_751_, 69.191, 68, 1.79997
FILLER_0_20_136, 69.191, 68, 1.79997
FILLER_0_21_140, 69.191, 68, 1.79997
_631_, 80.768, 68, 1.79996
_656_, 80.768, 68, 1.79996
_657_, 80.768, 68, 1.79996
_660_, 80.768, 68, 1.79996
FILLER_0_21_160, 80.768, 68, 1.79996
_505_, 103.921, 68, 1.79995
_545_, 103.921, 68, 1.79995
_547_, 103.921, 68, 1.79995
_569_, 103.921, 68, 1.79995
_570_, 103.921, 68, 1.79995
_574_, 103.921, 68, 1.79995
_688_, 103.921, 68, 1.79995
_848_, 103.921, 68, 1.79995
FILLER_0_21_211, 103.921, 68, 1.79995
_506_, 115.498, 68, 1.79996
_516_, 115.498, 68, 1.79996
_537_, 115.498, 68, 1.79996
_722_, 115.498, 68, 1.79996
FILLER_0_21_277, 135.757, 68, 1.79998
FILLER_0_22_289, 135.757, 68, 1.79998
PHY_EDGE_ROW_18_Left_65, 5.52, 62.56, 1.79999
PHY_EDGE_ROW_19_Left_66, 5.52, 62.56, 1.79999
output18, 5.52, 62.56, 1.79999
PHY_EDGE_ROW_18_Right_18, 144.44, 62.56, 1.79998
PHY_EDGE_ROW_19_Right_19, 144.44, 62.56, 1.79998
FILLER_0_19_293, 144.44, 62.56, 1.79998
_685_, 34.461, 62.56, 1.79998
_914_, 34.461, 62.56, 1.79998
FILLER_0_19_53, 34.461, 62.56, 1.79998
FILLER_0_19_57, 34.461, 62.56, 1.79998
FILLER_0_19_71, 34.461, 62.56, 1.79998
FILLER_0_20_73, 34.461, 62.56, 1.79998
_608_, 46.038, 62.56, 1.79998
_670_, 46.038, 62.56, 1.79998
_671_, 46.038, 62.56, 1.79998
_683_, 46.038, 62.56, 1.79998
_758_, 46.038, 62.56, 1.79998
_763_, 46.038, 62.56, 1.79998
FILLER_0_18_80, 46.038, 62.56, 1.79998
FILLER_0_19_92, 46.038, 62.56, 1.79998
_531_, 69.191, 62.56, 1.79997
_532_, 69.191, 62.56, 1.79997
_591_, 69.191, 62.56, 1.79997
_615_, 69.191, 62.56, 1.79997
_640_, 69.191, 62.56, 1.79997
_647_, 69.191, 62.56, 1.79997
_749_, 69.191, 62.56, 1.79997
FILLER_0_18_127, 69.191, 62.56, 1.79997
FILLER_0_20_147, 69.191, 62.56, 1.79997
_661_, 80.768, 62.56, 1.79996
_673_, 80.768, 62.56, 1.79996
_674_, 80.768, 62.56, 1.79996
_748_, 80.768, 62.56, 1.79996
FILLER_0_19_162, 80.768, 62.56, 1.79996
FILLER_0_20_170, 80.768, 62.56, 1.79996
_527_, 103.921, 62.56, 1.79995
_544_, 103.921, 62.56, 1.79995
_648_, 103.921, 62.56, 1.79995
_705_, 103.921, 62.56, 1.79995
FILLER_0_19_221, 103.921, 62.56, 1.79995
_515_, 115.498, 62.56, 1.79996
_562_, 115.498, 62.56, 1.79996
FILLER_0_19_276, 135.757, 62.56, 1.79998
FILLER_0_20_289, 135.757, 62.56, 1.79998
PHY_EDGE_ROW_16_Left_63, 5.52, 57.12, 1.79999
PHY_EDGE_ROW_17_Left_64, 5.52, 57.12, 1.79999
PHY_EDGE_ROW_16_Right_16, 144.44, 57.12, 1.79997
PHY_EDGE_ROW_17_Right_17, 144.44, 57.12, 1.79997
FILLER_0_17_293, 144.44, 57.12, 1.79997
_588_, 34.461, 57.12, 1.79998
_684_, 34.461, 57.12, 1.79998
_686_, 34.461, 57.12, 1.79998
FILLER_0_17_51, 34.461, 57.12, 1.79998
FILLER_0_17_61, 34.461, 57.12, 1.79998
FILLER_0_18_68, 34.461, 57.12, 1.79998
_558_, 46.038, 57.12, 1.79997
_676_, 46.038, 57.12, 1.79997
_801_, 46.038, 57.12, 1.79997
_802_, 46.038, 57.12, 1.79997
_803_, 46.038, 57.12, 1.79997
_905_, 46.038, 57.12, 1.79997
FILLER_0_18_93, 46.038, 57.12, 1.79997
_472_, 69.191, 57.12, 1.79994
_473_, 69.191, 57.12, 1.79994
_525_, 69.191, 57.12, 1.79994
_580_, 69.191, 57.12, 1.79994
_641_, 69.191, 57.12, 1.79994
_672_, 69.191, 57.12, 1.79994
FILLER_0_16_129, 69.191, 57.12, 1.79994
FILLER_0_17_136, 69.191, 57.12, 1.79994
FILLER_0_17_145, 69.191, 57.12, 1.79994
_596_, 80.768, 57.12, 1.79994
_597_, 80.768, 57.12, 1.79994
_617_, 80.768, 57.12, 1.79994
_645_, 80.768, 57.12, 1.79994
_664_, 80.768, 57.12, 1.79994
_678_, 80.768, 57.12, 1.79994
FILLER_0_16_157, 80.768, 57.12, 1.79994
FILLER_0_18_165, 80.768, 57.12, 1.79994
FILLER_0_18_176, 80.768, 57.12, 1.79994
_510_, 103.921, 57.12, 1.79992
_575_, 103.921, 57.12, 1.79992
_675_, 103.921, 57.12, 1.79992
_689_, 103.921, 57.12, 1.79992
FILLER_0_16_212, 103.921, 57.12, 1.79992
_561_, 115.498, 57.12, 1.79994
_565_, 115.498, 57.12, 1.79994
FILLER_0_18_248, 115.498, 57.12, 1.79994
FILLER_0_17_276, 135.757, 57.12, 1.79997
FILLER_0_18_289, 135.757, 57.12, 1.79997
PHY_EDGE_ROW_14_Left_61, 5.52, 51.68, 1.79999
PHY_EDGE_ROW_15_Left_62, 5.52, 51.68, 1.79999
PHY_EDGE_ROW_14_Right_14, 144.44, 51.68, 1.79997
PHY_EDGE_ROW_15_Right_15, 144.44, 51.68, 1.79997
FILLER_0_15_293, 144.44, 51.68, 1.79997
_556_, 34.461, 51.68, 1.79998
_557_, 34.461, 51.68, 1.79998
FILLER_0_15_51, 34.461, 51.68, 1.79998
FILLER_0_16_65, 34.461, 51.68, 1.79998
_677_, 46.038, 51.68, 1.79997
_682_, 46.038, 51.68, 1.79997
FILLER_0_14_85, 46.038, 51.68, 1.79997
FILLER_0_15_93, 46.038, 51.68, 1.79997
_469_, 69.191, 51.68, 1.79995
_504_, 69.191, 51.68, 1.79995
_548_, 69.191, 51.68, 1.79995
_633_, 69.191, 51.68, 1.79995
_669_, 69.191, 51.68, 1.79995
_681_, 69.191, 51.68, 1.79995
FILLER_0_14_126, 69.191, 51.68, 1.79995
FILLER_0_15_128, 69.191, 51.68, 1.79995
_479_, 80.768, 51.68, 1.79995
_605_, 80.768, 51.68, 1.79995
_620_, 80.768, 51.68, 1.79995
_663_, 80.768, 51.68, 1.79995
_832_, 80.768, 51.68, 1.79995
FILLER_0_14_160, 80.768, 51.68, 1.79995
FILLER_0_16_168, 80.768, 51.68, 1.79995
_480_, 103.921, 51.68, 1.79993
_509_, 103.921, 51.68, 1.79993
_539_, 103.921, 51.68, 1.79993
_563_, 103.921, 51.68, 1.79993
_630_, 103.921, 51.68, 1.79993
_644_, 103.921, 51.68, 1.79993
_655_, 103.921, 51.68, 1.79993
_464_, 115.498, 51.68, 1.79994
_489_, 115.498, 51.68, 1.79994
_503_, 115.498, 51.68, 1.79994
FILLER_0_16_289, 135.757, 51.68, 1.79997
PHY_EDGE_ROW_12_Left_59, 5.52, 46.24, 1.79999
PHY_EDGE_ROW_13_Left_60, 5.52, 46.24, 1.79999
output5, 5.52, 46.24, 1.79999
PHY_EDGE_ROW_12_Right_12, 144.44, 46.24, 1.79997
PHY_EDGE_ROW_13_Right_13, 144.44, 46.24, 1.79997
FILLER_0_13_293, 144.44, 46.24, 1.79997
FILLER_0_14_21, 14.202, 46.24, 1.79999
_929_, 34.461, 46.24, 1.79999
FILLER_0_13_51, 34.461, 46.24, 1.79999
FILLER_0_13_69, 34.461, 46.24, 1.79999
_456_, 46.038, 46.24, 1.79998
_468_, 46.038, 46.24, 1.79998
_555_, 46.038, 46.24, 1.79998
_733_, 46.038, 46.24, 1.79998
_743_, 46.038, 46.24, 1.79998
FILLER_0_12_77, 46.038, 46.24, 1.79998
_541_, 69.191, 46.24, 1.79995
_601_, 69.191, 46.24, 1.79995
_697_, 69.191, 46.24, 1.79995
_734_, 69.191, 46.24, 1.79995
_736_, 69.191, 46.24, 1.79995
FILLER_0_12_132, 69.191, 46.24, 1.79995
FILLER_0_13_128, 69.191, 46.24, 1.79995
_625_, 80.768, 46.24, 1.79994
_651_, 80.768, 46.24, 1.79994
_718_, 80.768, 46.24, 1.79994
FILLER_0_13_169, 80.768, 46.24, 1.79994
_488_, 103.921, 46.24, 1.79992
_500_, 103.921, 46.24, 1.79992
_501_, 103.921, 46.24, 1.79992
_502_, 103.921, 46.24, 1.79992
_568_, 103.921, 46.24, 1.79992
_578_, 103.921, 46.24, 1.79992
_583_, 103.921, 46.24, 1.79992
_584_, 103.921, 46.24, 1.79992
_594_, 103.921, 46.24, 1.79992
_498_, 115.498, 46.24, 1.79995
_679_, 115.498, 46.24, 1.79995
_680_, 115.498, 46.24, 1.79995
FILLER_0_14_247, 115.498, 46.24, 1.79995
FILLER_0_14_289, 135.757, 46.24, 1.79997
PHY_EDGE_ROW_10_Left_57, 5.52, 40.8, 1.8
PHY_EDGE_ROW_11_Left_58, 5.52, 40.8, 1.8
PHY_EDGE_ROW_10_Right_10, 144.44, 40.8, 1.79999
PHY_EDGE_ROW_11_Right_11, 144.44, 40.8, 1.79999
FILLER_0_11_293, 144.44, 40.8, 1.79999
FILLER_0_11_51, 34.461, 40.8, 1.79999
_466_, 46.038, 40.8, 1.79999
_467_, 46.038, 40.8, 1.79999
_927_, 46.038, 40.8, 1.79999
FILLER_0_10_77, 46.038, 40.8, 1.79999
FILLER_0_11_93, 46.038, 40.8, 1.79999
_476_, 69.191, 40.8, 1.79997
_478_, 69.191, 40.8, 1.79997
FILLER_0_11_140, 69.191, 40.8, 1.79997
_513_, 80.768, 40.8, 1.79996
_582_, 80.768, 40.8, 1.79996
_623_, 80.768, 40.8, 1.79996
_668_, 80.768, 40.8, 1.79996
FILLER_0_12_164, 80.768, 40.8, 1.79996
_483_, 103.921, 40.8, 1.79996
_486_, 103.921, 40.8, 1.79996
_487_, 103.921, 40.8, 1.79996
_491_, 103.921, 40.8, 1.79996
_495_, 103.921, 40.8, 1.79996
_497_, 103.921, 40.8, 1.79996
_507_, 103.921, 40.8, 1.79996
_508_, 103.921, 40.8, 1.79996
FILLER_0_10_209, 103.921, 40.8, 1.79996
FILLER_0_12_244, 115.498, 40.8, 1.79998
FILLER_0_12_289, 135.757, 40.8, 1.79999
PHY_EDGE_ROW_8_Left_55, 5.52, 35.36, 1.8
PHY_EDGE_ROW_9_Left_56, 5.52, 35.36, 1.8
PHY_EDGE_ROW_8_Right_8, 144.44, 35.36, 1.8
PHY_EDGE_ROW_9_Right_9, 144.44, 35.36, 1.8
FILLER_0_9_293, 144.44, 35.36, 1.8
FILLER_0_9_51, 34.461, 35.36, 1.8
FILLER_0_8_77, 46.038, 35.36, 1.8
_458_, 69.191, 35.36, 1.8
_460_, 69.191, 35.36, 1.8
_477_, 69.191, 35.36, 1.8
_595_, 69.191, 35.36, 1.8
fanout21, 69.191, 35.36, 1.8
FILLER_0_9_130, 69.191, 35.36, 1.8
_511_, 80.768, 35.36, 1.8
_512_, 80.768, 35.36, 1.8
_622_, 80.768, 35.36, 1.8
_911_, 80.768, 35.36, 1.8
fanout22, 80.768, 35.36, 1.8
FILLER_0_8_156, 80.768, 35.36, 1.8
FILLER_0_9_218, 103.921, 35.36, 1.8
FILLER_0_10_243, 115.498, 35.36, 1.8
FILLER_0_10_289, 135.757, 35.36, 1.8
PHY_EDGE_ROW_6_Left_53, 5.52, 29.92, 1.8
PHY_EDGE_ROW_7_Left_54, 5.52, 29.92, 1.8
PHY_EDGE_ROW_6_Right_6, 144.44, 29.92, 1.8
PHY_EDGE_ROW_7_Right_7, 144.44, 29.92, 1.8
FILLER_0_7_293, 144.44, 29.92, 1.8
FILLER_0_7_51, 34.461, 29.92, 1.8
FILLER_0_6_77, 46.038, 29.92, 1.8
_910_, 69.191, 29.92, 1.79999
_921_, 69.191, 29.92, 1.79999
FILLER_0_6_133, 69.191, 29.92, 1.79999
FILLER_0_7_133, 69.191, 29.92, 1.79999
FILLER_0_8_148, 69.191, 29.92, 1.79999
_459_, 80.768, 29.92, 1.79999
_484_, 80.768, 29.92, 1.79999
_485_, 80.768, 29.92, 1.79999
_492_, 80.768, 29.92, 1.79999
_922_, 80.768, 29.92, 1.79999
FILLER_0_7_169, 80.768, 29.92, 1.79999
FILLER_0_8_289, 135.757, 29.92, 1.8
PHY_EDGE_ROW_4_Left_51, 5.52, 24.48, 1.8
PHY_EDGE_ROW_5_Left_52, 5.52, 24.48, 1.8
PHY_EDGE_ROW_4_Right_4, 144.44, 24.48, 1.8
PHY_EDGE_ROW_5_Right_5, 144.44, 24.48, 1.8
FILLER_0_5_293, 144.44, 24.48, 1.8
FILLER_0_5_51, 34.461, 24.48, 1.8
FILLER_0_4_77, 46.038, 24.48, 1.8
FILLER_0_4_133, 69.191, 24.48, 1.8
FILLER_0_5_161, 80.768, 24.48, 1.8
FILLER_0_5_217, 103.921, 24.48, 1.8
FILLER_0_6_245, 115.498, 24.48, 1.8
FILLER_0_6_289, 135.757, 24.48, 1.8
PHY_EDGE_ROW_2_Left_49, 5.52, 19.04, 1.8
PHY_EDGE_ROW_3_Left_50, 5.52, 19.04, 1.8
PHY_EDGE_ROW_2_Right_2, 144.44, 19.04, 1.8
PHY_EDGE_ROW_3_Right_3, 144.44, 19.04, 1.8
FILLER_0_3_293, 144.44, 19.04, 1.8
FILLER_0_3_51, 34.461, 19.04, 1.8
FILLER_0_2_77, 46.038, 19.04, 1.8
FILLER_0_2_133, 69.191, 19.04, 1.8
FILLER_0_3_161, 80.768, 19.04, 1.8
FILLER_0_3_217, 103.921, 19.04, 1.8
FILLER_0_4_245, 115.498, 19.04, 1.8
FILLER_0_4_289, 135.757, 19.04, 1.8
PHY_EDGE_ROW_0_Left_47, 5.52, 13.6, 1.8
PHY_EDGE_ROW_1_Left_48, 5.52, 13.6, 1.8
PHY_EDGE_ROW_0_Right_0, 144.44, 13.6, 1.8
PHY_EDGE_ROW_1_Right_1, 144.44, 13.6, 1.8
FILLER_0_0_293, 144.44, 13.6, 1.8
FILLER_0_1_293, 144.44, 13.6, 1.8
FILLER_0_0_53, 34.461, 13.6, 1.8
FILLER_0_1_51, 34.461, 13.6, 1.8
output7, 46.038, 13.6, 1.8
FILLER_0_0_81, 46.038, 13.6, 1.8
output8, 69.191, 13.6, 1.8
output9, 69.191, 13.6, 1.8
output20, 69.191, 13.6, 1.8
FILLER_0_0_126, 69.191, 13.6, 1.8
input2, 80.768, 13.6, 1.8
output3, 80.768, 13.6, 1.8
FILLER_0_0_154, 80.768, 13.6, 1.8
FILLER_0_0_163, 80.768, 13.6, 1.8
FILLER_0_1_161, 80.768, 13.6, 1.8
FILLER_0_0_221, 103.921, 13.6, 1.8
FILLER_0_1_217, 103.921, 13.6, 1.8
FILLER_0_0_249, 115.498, 13.6, 1.8
FILLER_0_2_245, 115.498, 13.6, 1.8
FILLER_0_0_277, 135.757, 13.6, 1.8
FILLER_0_2_289, 135.757, 13.6, 1.8

