
===========================================================================
report_checks -unconstrained
===========================================================================
======================= Fastest Corner ===================================

Startpoint: reset (input port clocked by __VIRTUAL_CLK__)
Endpoint: _913_ (rising edge-triggered flip-flop)
Path Group: unconstrained
Path Type: max
Corner: Fastest

Fanout     Cap    Slew   Delay    Time   Description
-----------------------------------------------------------------------------
                          2.00    2.00 ^ input external delay
     1    0.00    0.02    0.01    2.01 ^ reset (in)
                                         reset (net)
                  0.02    0.00    2.01 ^ input2/A (sky130_fd_sc_hd__clkbuf_4)
     8    0.05    0.12    0.15    2.16 ^ input2/X (sky130_fd_sc_hd__clkbuf_4)
                                         net2 (net)
                  0.12    0.00    2.16 ^ _482_/A (sky130_fd_sc_hd__inv_2)
     5    0.01    0.04    0.04    2.21 v _482_/Y (sky130_fd_sc_hd__inv_2)
                                         _413_ (net)
                  0.04    0.00    2.21 v _500_/A (sky130_fd_sc_hd__or3_1)
     1    0.00    0.04    0.22    2.43 v _500_/X (sky130_fd_sc_hd__or3_1)
                                         _430_ (net)
                  0.04    0.00    2.43 v _501_/A (sky130_fd_sc_hd__clkbuf_4)
     9    0.05    0.07    0.14    2.57 v _501_/X (sky130_fd_sc_hd__clkbuf_4)
                                         _431_ (net)
                  0.07    0.00    2.57 v _502_/A (sky130_fd_sc_hd__inv_2)
     3    0.01    0.04    0.06    2.63 ^ _502_/Y (sky130_fd_sc_hd__inv_2)
                                         _432_ (net)
                  0.04    0.00    2.63 ^ _503_/A (sky130_fd_sc_hd__clkbuf_4)
    10    0.05    0.12    0.16    2.79 ^ _503_/X (sky130_fd_sc_hd__clkbuf_4)
                                         _012_ (net)
                  0.12    0.00    2.79 ^ _540_/B1 (sky130_fd_sc_hd__a22o_2)
     8    0.06    0.22    0.24    3.03 ^ _540_/X (sky130_fd_sc_hd__a22o_2)
                                         _030_ (net)
                  0.22    0.01    3.03 ^ _542_/A (sky130_fd_sc_hd__and3_1)
     3    0.01    0.11    0.18    3.21 ^ _542_/X (sky130_fd_sc_hd__and3_1)
                                         _032_ (net)
                  0.11    0.00    3.21 ^ _543_/S (sky130_fd_sc_hd__mux2_1)
     1    0.00    0.04    0.20    3.41 v _543_/X (sky130_fd_sc_hd__mux2_1)
                                         _033_ (net)
                  0.04    0.00    3.41 v _554_/A2 (sky130_fd_sc_hd__o211a_1)
     1    0.00    0.03    0.14    3.55 v _554_/X (sky130_fd_sc_hd__o211a_1)
                                         _044_ (net)
                  0.03    0.00    3.55 v _560_/B1 (sky130_fd_sc_hd__a211o_1)
     1    0.00    0.03    0.13    3.68 v _560_/X (sky130_fd_sc_hd__a211o_1)
                                         _049_ (net)
                  0.03    0.00    3.68 v _629_/A2 (sky130_fd_sc_hd__a31o_1)
     1    0.00    0.03    0.14    3.82 v _629_/X (sky130_fd_sc_hd__a31o_1)
                                         _000_ (net)
                  0.03    0.00    3.82 v _913_/D (sky130_fd_sc_hd__dfxtp_1)
                                  3.82   data arrival time
-----------------------------------------------------------------------------
(Path is unconstrained)



======================= Slowest Corner ===================================

Startpoint: _925_ (rising edge-triggered flip-flop)
Endpoint: _914_ (rising edge-triggered flip-flop)
Path Group: unconstrained
Path Type: max
Corner: Slowest

Fanout     Cap    Slew   Delay    Time   Description
-----------------------------------------------------------------------------
                  0.28    0.00    0.00 ^ _925_/CLK (sky130_fd_sc_hd__dfxtp_1)
     2    0.01    0.18    0.85    0.85 ^ _925_/Q (sky130_fd_sc_hd__dfxtp_1)
                                         net9 (net)
                  0.18    0.00    0.85 ^ fanout21/A (sky130_fd_sc_hd__buf_4)
    10    0.05    0.25    0.41    1.26 ^ fanout21/X (sky130_fd_sc_hd__buf_4)
                                         net21 (net)
                  0.25    0.00    1.26 ^ _457_/C (sky130_fd_sc_hd__nand4_4)
     8    0.04    0.42    0.50    1.76 v _457_/Y (sky130_fd_sc_hd__nand4_4)
                                         _211_ (net)
                  0.42    0.00    1.76 v _492_/A2 (sky130_fd_sc_hd__o311a_2)
     4    0.02    0.18    1.02    2.78 v _492_/X (sky130_fd_sc_hd__o311a_2)
                                         _423_ (net)
                  0.18    0.00    2.78 v _494_/B (sky130_fd_sc_hd__or3_2)
     4    0.02    0.25    1.30    4.08 v _494_/X (sky130_fd_sc_hd__or3_2)
                                         _425_ (net)
                  0.25    0.00    4.08 v _679_/B (sky130_fd_sc_hd__or3_1)
     1    0.00    0.13    0.89    4.97 v _679_/X (sky130_fd_sc_hd__or3_1)
                                         _166_ (net)
                  0.13    0.00    4.97 v _680_/A (sky130_fd_sc_hd__clkbuf_4)
     9    0.07    0.24    0.46    5.43 v _680_/X (sky130_fd_sc_hd__clkbuf_4)
                                         _167_ (net)
                  0.24    0.00    5.43 v _681_/A2 (sky130_fd_sc_hd__a311o_1)
     1    0.01    0.12    0.73    6.16 v _681_/X (sky130_fd_sc_hd__a311o_1)
                                         _168_ (net)
                  0.12    0.00    6.16 v _682_/B1 (sky130_fd_sc_hd__o31a_1)
     1    0.00    0.08    0.22    6.38 v _682_/X (sky130_fd_sc_hd__o31a_1)
                                         _169_ (net)
                  0.08    0.00    6.38 v _683_/B1 (sky130_fd_sc_hd__o2bb2a_1)
     1    0.00    0.10    0.65    7.02 v _683_/X (sky130_fd_sc_hd__o2bb2a_1)
                                         _170_ (net)
                  0.10    0.00    7.02 v _684_/B1 (sky130_fd_sc_hd__o2bb2a_1)
     1    0.00    0.10    0.66    7.69 v _684_/X (sky130_fd_sc_hd__o2bb2a_1)
                                         _171_ (net)
                  0.10    0.00    7.69 v _685_/A1 (sky130_fd_sc_hd__mux2_1)
     1    0.00    0.11    0.70    8.39 v _685_/X (sky130_fd_sc_hd__mux2_1)
                                         _172_ (net)
                  0.11    0.00    8.39 v _686_/A (sky130_fd_sc_hd__clkbuf_1)
     1    0.00    0.05    0.18    8.57 v _686_/X (sky130_fd_sc_hd__clkbuf_1)
                                         _001_ (net)
                  0.05    0.00    8.57 v _914_/D (sky130_fd_sc_hd__dfxtp_1)
                                  8.57   data arrival time
-----------------------------------------------------------------------------
(Path is unconstrained)



======================= Typical Corner ===================================

Startpoint: reset (input port clocked by __VIRTUAL_CLK__)
Endpoint: _914_ (rising edge-triggered flip-flop)
Path Group: unconstrained
Path Type: max
Corner: Typical

Fanout     Cap    Slew   Delay    Time   Description
-----------------------------------------------------------------------------
                          2.00    2.00 ^ input external delay
     1    0.00    0.02    0.01    2.01 ^ reset (in)
                                         reset (net)
                  0.02    0.00    2.01 ^ input2/A (sky130_fd_sc_hd__clkbuf_4)
     8    0.05    0.16    0.22    2.23 ^ input2/X (sky130_fd_sc_hd__clkbuf_4)
                                         net2 (net)
                  0.16    0.00    2.23 ^ _482_/A (sky130_fd_sc_hd__inv_2)
     5    0.01    0.05    0.08    2.31 v _482_/Y (sky130_fd_sc_hd__inv_2)
                                         _413_ (net)
                  0.05    0.00    2.31 v _494_/A (sky130_fd_sc_hd__or3_2)
     4    0.02    0.12    0.57    2.88 v _494_/X (sky130_fd_sc_hd__or3_2)
                                         _425_ (net)
                  0.12    0.00    2.88 v _679_/B (sky130_fd_sc_hd__or3_1)
     1    0.00    0.06    0.38    3.25 v _679_/X (sky130_fd_sc_hd__or3_1)
                                         _166_ (net)
                  0.06    0.00    3.25 v _680_/A (sky130_fd_sc_hd__clkbuf_4)
     9    0.07    0.14    0.25    3.50 v _680_/X (sky130_fd_sc_hd__clkbuf_4)
                                         _167_ (net)
                  0.14    0.00    3.51 v _681_/A2 (sky130_fd_sc_hd__a311o_1)
     1    0.01    0.07    0.38    3.88 v _681_/X (sky130_fd_sc_hd__a311o_1)
                                         _168_ (net)
                  0.07    0.00    3.89 v _682_/B1 (sky130_fd_sc_hd__o31a_1)
     1    0.00    0.05    0.11    4.00 v _682_/X (sky130_fd_sc_hd__o31a_1)
                                         _169_ (net)
                  0.05    0.00    4.00 v _683_/B1 (sky130_fd_sc_hd__o2bb2a_1)
     1    0.00    0.05    0.29    4.29 v _683_/X (sky130_fd_sc_hd__o2bb2a_1)
                                         _170_ (net)
                  0.05    0.00    4.29 v _684_/B1 (sky130_fd_sc_hd__o2bb2a_1)
     1    0.00    0.05    0.30    4.59 v _684_/X (sky130_fd_sc_hd__o2bb2a_1)
                                         _171_ (net)
                  0.05    0.00    4.59 v _685_/A1 (sky130_fd_sc_hd__mux2_1)
     1    0.00    0.06    0.31    4.89 v _685_/X (sky130_fd_sc_hd__mux2_1)
                                         _172_ (net)
                  0.06    0.00    4.89 v _686_/A (sky130_fd_sc_hd__clkbuf_1)
     1    0.00    0.02    0.09    4.99 v _686_/X (sky130_fd_sc_hd__clkbuf_1)
                                         _001_ (net)
                  0.02    0.00    4.99 v _914_/D (sky130_fd_sc_hd__dfxtp_1)
                                  4.99   data arrival time
-----------------------------------------------------------------------------
(Path is unconstrained)




===========================================================================
report_checks --slack_max -0.01
============================================================================
======================= Fastest Corner ===================================

No paths found.

======================= Slowest Corner ===================================

No paths found.

======================= Typical Corner ===================================

No paths found.


===========================================================================
 report_check_types -max_slew -max_cap -max_fanout -violators
============================================================================
======================= Fastest Corner ===================================


max slew violations count Fastest: 0
max fanout violations count Fastest: 0
max cap violations count Fastest: 0
======================= Slowest Corner ===================================


max slew violations count Slowest: 0
max fanout violations count Slowest: 0
max cap violations count Slowest: 0
======================= Typical Corner ===================================


max slew violations count Typical: 0
max fanout violations count Typical: 0
max cap violations count Typical: 0

===========================================================================
report_parasitic_annotation -report_unannotated
============================================================================
Found 0 unannotated drivers.
Found 0 partially unannotated drivers.

===========================================================================
max slew violation count 0
max fanout violation count 0
max cap violation count 0
============================================================================

===========================================================================
check_setup -verbose -unconstrained_endpoints -multiple_clock -no_clock -no_input_delay -loops -generated_clocks
===========================================================================
Warning: There are 18 unclocked register/latch pins.
  _912_/CLK
  _913_/CLK
  _914_/CLK
  _915_/CLK
  _916_/CLK
  _917_/CLK
  _918_/CLK
  _919_/CLK
  _920_/CLK
  _921_/CLK
  _922_/CLK
  _923_/CLK
  _924_/CLK
  _925_/CLK
  _926_/CLK
  _927_/CLK
  _928_/CLK
  _929_/CLK
Warning: There are 36 unconstrained endpoints.
  ram_ready
  wr_addr[0]
  wr_addr[1]
  wr_addr[2]
  wr_addr[3]
  wr_addr[4]
  wr_addr[5]
  wr_addr[6]
  wr_addr[7]
  wr_data[0]
  wr_data[1]
  wr_data[2]
  wr_data[3]
  wr_data[4]
  wr_data[5]
  wr_data[6]
  wr_data[7]
  wr_enable
  _912_/D
  _913_/D
  _914_/D
  _915_/D
  _916_/D
  _917_/D
  _918_/D
  _919_/D
  _920_/D
  _921_/D
  _922_/D
  _923_/D
  _924_/D
  _925_/D
  _926_/D
  _927_/D
  _928_/D
  _929_/D
