
===========================================================================
 report_power
============================================================================
======================= Fastest Corner ===================================

Group                  Internal  Switching    Leakage      Total
                          Power      Power      Power      Power (Watts)
----------------------------------------------------------------
Sequential             1.72e-05   1.11e-05   3.23e-10   2.82e-05   6.7%
Combinational          1.53e-04   2.39e-04   3.64e-09   3.92e-04  93.3%
Clock                  0.00e+00   0.00e+00   1.47e-09   1.47e-09   0.0%
Macro                  0.00e+00   0.00e+00   0.00e+00   0.00e+00   0.0%
Pad                    0.00e+00   0.00e+00   0.00e+00   0.00e+00   0.0%
----------------------------------------------------------------
Total                  1.70e-04   2.50e-04   5.43e-09   4.20e-04 100.0%
                          40.5%      59.5%       0.0%

======================= Slowest Corner ===================================

Group                  Internal  Switching    Leakage      Total
                          Power      Power      Power      Power (Watts)
----------------------------------------------------------------
Sequential             1.22e-05   7.35e-06   2.62e-07   1.98e-05   6.7%
Combinational          1.16e-04   1.59e-04   2.16e-06   2.77e-04  93.3%
Clock                  0.00e+00   0.00e+00   1.47e-09   1.47e-09   0.0%
Macro                  0.00e+00   0.00e+00   0.00e+00   0.00e+00   0.0%
Pad                    0.00e+00   0.00e+00   0.00e+00   0.00e+00   0.0%
----------------------------------------------------------------
Total                  1.28e-04   1.66e-04   2.42e-06   2.97e-04 100.0%
                          43.1%      56.1%       0.8%

======================= Typical Corner ===================================

Group                  Internal  Switching    Leakage      Total
                          Power      Power      Power      Power (Watts)
----------------------------------------------------------------
Sequential             1.51e-05   9.34e-06   1.51e-10   2.44e-05   6.6%
Combinational          1.41e-04   2.02e-04   1.79e-09   3.43e-04  93.4%
Clock                  0.00e+00   0.00e+00   1.47e-09   1.47e-09   0.0%
Macro                  0.00e+00   0.00e+00   0.00e+00   0.00e+00   0.0%
Pad                    0.00e+00   0.00e+00   0.00e+00   0.00e+00   0.0%
----------------------------------------------------------------
Total                  1.56e-04   2.12e-04   3.42e-09   3.68e-04 100.0%
                          42.4%      57.6%       0.0%

