Saturday 04 May 2024 03:33:55 AM IST: Starting LVS using Netgen /home/shanmugam/OpenRAM/miniconda/bin/netgen
Netgen 1.5.253 compiled on Thu 18 May 2023 01:41:22 PM PDT
Warning: netgen command 'format' use fully-qualified name '::netgen::format'
Warning: netgen command 'global' use fully-qualified name '::netgen::global'
Generating JSON file result
Reading netlist file subbyte2.spice
Call to undefined subcircuit sky130_fd_pr__nfet_01v8
Creating placeholder cell definition.
Call to undefined subcircuit sky130_fd_pr__pfet_01v8
Creating placeholder cell definition.
Call to undefined subcircuit sky130_fd_pr__special_nfet_latch
Creating placeholder cell definition.
Call to undefined subcircuit sky130_fd_pr__special_pfet_pass
Creating placeholder cell definition.
Reading netlist file subbyte2.sp
Call to undefined subcircuit sky130_fd_pr__pfet_01v8
Creating placeholder cell definition.
Call to undefined subcircuit sky130_fd_pr__nfet_01v8
Creating placeholder cell definition.
Call to undefined subcircuit sky130_fd_pr__special_nfet_latch
Creating placeholder cell definition.
Call to undefined subcircuit sky130_fd_pr__special_pfet_pass
Creating placeholder cell definition.

Reading setup file setup.tcl

Model sky130_fd_pr__nfet_01v8 pin 1 == 3
No property mult found for device sky130_fd_pr__nfet_01v8
No property sa found for device sky130_fd_pr__nfet_01v8
No property sb found for device sky130_fd_pr__nfet_01v8
No property sd found for device sky130_fd_pr__nfet_01v8
No property nf found for device sky130_fd_pr__nfet_01v8
No property nrd found for device sky130_fd_pr__nfet_01v8
No property nrs found for device sky130_fd_pr__nfet_01v8
No property area found for device sky130_fd_pr__nfet_01v8
No property perim found for device sky130_fd_pr__nfet_01v8
No property topography found for device sky130_fd_pr__nfet_01v8
Model sky130_fd_pr__nfet_01v8 pin 1 == 3
No property as found for device sky130_fd_pr__nfet_01v8
No property ad found for device sky130_fd_pr__nfet_01v8
No property ps found for device sky130_fd_pr__nfet_01v8
No property pd found for device sky130_fd_pr__nfet_01v8
No property mult found for device sky130_fd_pr__nfet_01v8
No property sa found for device sky130_fd_pr__nfet_01v8
No property sb found for device sky130_fd_pr__nfet_01v8
No property sd found for device sky130_fd_pr__nfet_01v8
No property nf found for device sky130_fd_pr__nfet_01v8
No property nrd found for device sky130_fd_pr__nfet_01v8
No property nrs found for device sky130_fd_pr__nfet_01v8
No property area found for device sky130_fd_pr__nfet_01v8
No property perim found for device sky130_fd_pr__nfet_01v8
No property topography found for device sky130_fd_pr__nfet_01v8
Model sky130_fd_pr__pfet_01v8 pin 1 == 3
No property mult found for device sky130_fd_pr__pfet_01v8
No property sa found for device sky130_fd_pr__pfet_01v8
No property sb found for device sky130_fd_pr__pfet_01v8
No property sd found for device sky130_fd_pr__pfet_01v8
No property nf found for device sky130_fd_pr__pfet_01v8
No property nrd found for device sky130_fd_pr__pfet_01v8
No property nrs found for device sky130_fd_pr__pfet_01v8
No property area found for device sky130_fd_pr__pfet_01v8
No property perim found for device sky130_fd_pr__pfet_01v8
No property topography found for device sky130_fd_pr__pfet_01v8
Model sky130_fd_pr__pfet_01v8 pin 1 == 3
No property as found for device sky130_fd_pr__pfet_01v8
No property ad found for device sky130_fd_pr__pfet_01v8
No property ps found for device sky130_fd_pr__pfet_01v8
No property pd found for device sky130_fd_pr__pfet_01v8
No property mult found for device sky130_fd_pr__pfet_01v8
No property sa found for device sky130_fd_pr__pfet_01v8
No property sb found for device sky130_fd_pr__pfet_01v8
No property sd found for device sky130_fd_pr__pfet_01v8
No property nf found for device sky130_fd_pr__pfet_01v8
No property nrd found for device sky130_fd_pr__pfet_01v8
No property nrs found for device sky130_fd_pr__pfet_01v8
No property area found for device sky130_fd_pr__pfet_01v8
No property perim found for device sky130_fd_pr__pfet_01v8
No property topography found for device sky130_fd_pr__pfet_01v8
Model sky130_fd_pr__special_pfet_pass pin 1 == 3
No property mult found for device sky130_fd_pr__special_pfet_pass
No property sa found for device sky130_fd_pr__special_pfet_pass
No property sb found for device sky130_fd_pr__special_pfet_pass
No property sd found for device sky130_fd_pr__special_pfet_pass
No property nf found for device sky130_fd_pr__special_pfet_pass
No property nrd found for device sky130_fd_pr__special_pfet_pass
No property nrs found for device sky130_fd_pr__special_pfet_pass
No property area found for device sky130_fd_pr__special_pfet_pass
No property perim found for device sky130_fd_pr__special_pfet_pass
No property topography found for device sky130_fd_pr__special_pfet_pass
Model sky130_fd_pr__special_pfet_pass pin 1 == 3
No property as found for device sky130_fd_pr__special_pfet_pass
No property ad found for device sky130_fd_pr__special_pfet_pass
No property ps found for device sky130_fd_pr__special_pfet_pass
No property pd found for device sky130_fd_pr__special_pfet_pass
No property mult found for device sky130_fd_pr__special_pfet_pass
No property sa found for device sky130_fd_pr__special_pfet_pass
No property sb found for device sky130_fd_pr__special_pfet_pass
No property sd found for device sky130_fd_pr__special_pfet_pass
No property nf found for device sky130_fd_pr__special_pfet_pass
No property nrd found for device sky130_fd_pr__special_pfet_pass
No property nrs found for device sky130_fd_pr__special_pfet_pass
No property area found for device sky130_fd_pr__special_pfet_pass
No property perim found for device sky130_fd_pr__special_pfet_pass
No property topography found for device sky130_fd_pr__special_pfet_pass
Model sky130_fd_pr__special_nfet_latch pin 1 == 3
No property mult found for device sky130_fd_pr__special_nfet_latch
No property sa found for device sky130_fd_pr__special_nfet_latch
No property sb found for device sky130_fd_pr__special_nfet_latch
No property sd found for device sky130_fd_pr__special_nfet_latch
No property nf found for device sky130_fd_pr__special_nfet_latch
No property nrd found for device sky130_fd_pr__special_nfet_latch
No property nrs found for device sky130_fd_pr__special_nfet_latch
No property area found for device sky130_fd_pr__special_nfet_latch
No property perim found for device sky130_fd_pr__special_nfet_latch
No property topography found for device sky130_fd_pr__special_nfet_latch
Model sky130_fd_pr__special_nfet_latch pin 1 == 3
No property as found for device sky130_fd_pr__special_nfet_latch
No property ad found for device sky130_fd_pr__special_nfet_latch
No property ps found for device sky130_fd_pr__special_nfet_latch
No property pd found for device sky130_fd_pr__special_nfet_latch
No property mult found for device sky130_fd_pr__special_nfet_latch
No property sa found for device sky130_fd_pr__special_nfet_latch
No property sb found for device sky130_fd_pr__special_nfet_latch
No property sd found for device sky130_fd_pr__special_nfet_latch
No property nf found for device sky130_fd_pr__special_nfet_latch
No property nrd found for device sky130_fd_pr__special_nfet_latch
No property nrs found for device sky130_fd_pr__special_nfet_latch
No property area found for device sky130_fd_pr__special_nfet_latch
No property perim found for device sky130_fd_pr__special_nfet_latch
No property topography found for device sky130_fd_pr__special_nfet_latch
Comparison output logged to file subbyte2.lvs.report
Logging to file "subbyte2.lvs.report" enabled
Circuit sky130_fd_pr__pfet_01v8 contains no devices.
Circuit sky130_fd_pr__nfet_01v8 contains no devices.
Circuit sky130_fd_pr__special_nfet_latch contains no devices.
Circuit sky130_fd_pr__special_pfet_pass contains no devices.

Contents of circuit 1:  Circuit: 'sky130_fd_bd_sram__openram_dp_nand2_dec'
Circuit sky130_fd_bd_sram__openram_dp_nand2_dec contains 4 device instances.
  Class: sky130_fd_pr__nfet_01v8 instances:   2
  Class: sky130_fd_pr__pfet_01v8 instances:   2
Circuit contains 6 nets.
Contents of circuit 2:  Circuit: 'sky130_fd_bd_sram__openram_dp_nand2_dec'
Circuit sky130_fd_bd_sram__openram_dp_nand2_dec contains 4 device instances.
  Class: sky130_fd_pr__nfet_01v8 instances:   2
  Class: sky130_fd_pr__pfet_01v8 instances:   2
Circuit contains 6 nets.

Circuit 1 contains 4 devices, Circuit 2 contains 4 devices.
Circuit 1 contains 6 nets,    Circuit 2 contains 6 nets.


Contents of circuit 1:  Circuit: 'subbyte2_pinv_dec'
Circuit subbyte2_pinv_dec contains 2 device instances.
  Class: sky130_fd_pr__nfet_01v8 instances:   1
  Class: sky130_fd_pr__pfet_01v8 instances:   1
Circuit contains 4 nets.
Contents of circuit 2:  Circuit: 'subbyte2_pinv_dec'
Circuit subbyte2_pinv_dec contains 2 device instances.
  Class: sky130_fd_pr__nfet_01v8 instances:   1
  Class: sky130_fd_pr__pfet_01v8 instances:   1
Circuit contains 4 nets.

Circuit 1 contains 2 devices, Circuit 2 contains 2 devices.
Circuit 1 contains 4 nets,    Circuit 2 contains 4 nets.


Contents of circuit 1:  Circuit: 'subbyte2_pinv'
Circuit subbyte2_pinv contains 2 device instances.
  Class: sky130_fd_pr__nfet_01v8 instances:   1
  Class: sky130_fd_pr__pfet_01v8 instances:   1
Circuit contains 4 nets.
Contents of circuit 2:  Circuit: 'subbyte2_pinv'
Circuit subbyte2_pinv contains 2 device instances.
  Class: sky130_fd_pr__nfet_01v8 instances:   1
  Class: sky130_fd_pr__pfet_01v8 instances:   1
Circuit contains 4 nets.

Circuit 1 contains 2 devices, Circuit 2 contains 2 devices.
Circuit 1 contains 4 nets,    Circuit 2 contains 4 nets.


Contents of circuit 1:  Circuit: 'sky130_fd_bd_sram__openram_dp_cell'
Circuit sky130_fd_bd_sram__openram_dp_cell contains 16 device instances.
  Class: sky130_fd_pr__special_pfet_pass instances:   4
  Class: sky130_fd_pr__special_nfet_latch instances:  12
Circuit contains 12 nets.
Contents of circuit 2:  Circuit: 'sky130_fd_bd_sram__openram_dp_cell'
Circuit sky130_fd_bd_sram__openram_dp_cell contains 16 device instances.
  Class: sky130_fd_pr__special_pfet_pass instances:   4
  Class: sky130_fd_pr__special_nfet_latch instances:  12
Circuit contains 10 nets.

Circuit was modified by parallel/series device merging.
New circuit summary:

Contents of circuit 1:  Circuit: 'sky130_fd_bd_sram__openram_dp_cell'
Circuit sky130_fd_bd_sram__openram_dp_cell contains 14 device instances.
  Class: sky130_fd_pr__special_pfet_pass instances:   4
  Class: sky130_fd_pr__special_nfet_latch instances:  10
Circuit contains 12 nets.
Contents of circuit 2:  Circuit: 'sky130_fd_bd_sram__openram_dp_cell'
Circuit sky130_fd_bd_sram__openram_dp_cell contains 12 device instances.
  Class: sky130_fd_pr__special_pfet_pass instances:   4
  Class: sky130_fd_pr__special_nfet_latch instances:   8
Circuit contains 10 nets.

Circuit 1 contains 14 devices, Circuit 2 contains 12 devices. *** MISMATCH ***
Circuit 1 contains 12 nets,    Circuit 2 contains 10 nets. *** MISMATCH ***

  Flattening non-matched subcircuits sky130_fd_bd_sram__openram_dp_cell sky130_fd_bd_sram__openram_dp_cell

Flattening instances of sky130_fd_bd_sram__openram_dp_cell in file subbyte2.spice
Flattening instances of sky130_fd_bd_sram__openram_dp_cell in file subbyte2.sp

Contents of circuit 1:  Circuit: 'sky130_fd_bd_sram__openram_dp_cell_dummy'
Circuit sky130_fd_bd_sram__openram_dp_cell_dummy contains 12 device instances.
  Class: sky130_fd_pr__special_nfet_latch instances:  12
Circuit contains 13 nets, and 2 disconnected pins.
Contents of circuit 2:  Circuit: 'sky130_fd_bd_sram__openram_dp_cell_dummy'
Circuit sky130_fd_bd_sram__openram_dp_cell_dummy contains 12 device instances.
  Class: sky130_fd_pr__special_nfet_latch instances:  12
Circuit contains 11 nets, and 1 disconnected pin.

Circuit was modified by parallel/series device merging.
New circuit summary:

Contents of circuit 1:  Circuit: 'sky130_fd_bd_sram__openram_dp_cell_dummy'
Circuit sky130_fd_bd_sram__openram_dp_cell_dummy contains 12 device instances.
  Class: sky130_fd_pr__special_nfet_latch instances:  12
Circuit contains 13 nets, and 2 disconnected pins.
Contents of circuit 2:  Circuit: 'sky130_fd_bd_sram__openram_dp_cell_dummy'
Circuit sky130_fd_bd_sram__openram_dp_cell_dummy contains 10 device instances.
  Class: sky130_fd_pr__special_nfet_latch instances:  10
Circuit contains 11 nets, and 1 disconnected pin.

Circuit 1 contains 12 devices, Circuit 2 contains 10 devices. *** MISMATCH ***
Circuit 1 contains 13 nets,    Circuit 2 contains 11 nets. *** MISMATCH ***

  Flattening non-matched subcircuits sky130_fd_bd_sram__openram_dp_cell_dummy sky130_fd_bd_sram__openram_dp_cell_dummy

Flattening instances of sky130_fd_bd_sram__openram_dp_cell_dummy in file subbyte2.spice
Flattening instances of sky130_fd_bd_sram__openram_dp_cell_dummy in file subbyte2.sp

Contents of circuit 1:  Circuit: 'sky130_fd_bd_sram__openram_dp_cell_replica'
Circuit sky130_fd_bd_sram__openram_dp_cell_replica contains 16 device instances.
  Class: sky130_fd_pr__special_pfet_pass instances:   4
  Class: sky130_fd_pr__special_nfet_latch instances:  12
Circuit contains 11 nets.
Contents of circuit 2:  Circuit: 'sky130_fd_bd_sram__openram_dp_cell_replica'
Circuit sky130_fd_bd_sram__openram_dp_cell_replica contains 16 device instances.
  Class: sky130_fd_pr__special_pfet_pass instances:   4
  Class: sky130_fd_pr__special_nfet_latch instances:  12
Circuit contains 9 nets.

Circuit was modified by parallel/series device merging.
New circuit summary:

Contents of circuit 1:  Circuit: 'sky130_fd_bd_sram__openram_dp_cell_replica'
Circuit sky130_fd_bd_sram__openram_dp_cell_replica contains 14 device instances.
  Class: sky130_fd_pr__special_pfet_pass instances:   4
  Class: sky130_fd_pr__special_nfet_latch instances:  10
Circuit contains 11 nets.
Contents of circuit 2:  Circuit: 'sky130_fd_bd_sram__openram_dp_cell_replica'
Circuit sky130_fd_bd_sram__openram_dp_cell_replica contains 12 device instances.
  Class: sky130_fd_pr__special_pfet_pass instances:   4
  Class: sky130_fd_pr__special_nfet_latch instances:   8
Circuit contains 9 nets.

Circuit 1 contains 14 devices, Circuit 2 contains 12 devices. *** MISMATCH ***
Circuit 1 contains 11 nets,    Circuit 2 contains 9 nets. *** MISMATCH ***

  Flattening non-matched subcircuits sky130_fd_bd_sram__openram_dp_cell_replica sky130_fd_bd_sram__openram_dp_cell_replica

Flattening instances of sky130_fd_bd_sram__openram_dp_cell_replica in file subbyte2.spice
Flattening instances of sky130_fd_bd_sram__openram_dp_cell_replica in file subbyte2.sp

Contents of circuit 1:  Circuit: 'sky130_fd_bd_sram__openram_dp_nand3_dec'
Circuit sky130_fd_bd_sram__openram_dp_nand3_dec contains 6 device instances.
  Class: sky130_fd_pr__nfet_01v8 instances:   3
  Class: sky130_fd_pr__pfet_01v8 instances:   3
Circuit contains 8 nets.
Contents of circuit 2:  Circuit: 'sky130_fd_bd_sram__openram_dp_nand3_dec'
Circuit sky130_fd_bd_sram__openram_dp_nand3_dec contains 6 device instances.
  Class: sky130_fd_pr__nfet_01v8 instances:   3
  Class: sky130_fd_pr__pfet_01v8 instances:   3
Circuit contains 8 nets.

Circuit 1 contains 6 devices, Circuit 2 contains 6 devices.
Circuit 1 contains 8 nets,    Circuit 2 contains 8 nets.


Contents of circuit 1:  Circuit: 'subbyte2_and2_dec'
Circuit subbyte2_and2_dec contains 2 device instances.
  Class: sky130_fd_bd_sram__openram_dp_nand2_dec instances:   1
  Class: subbyte2_pinv_dec     instances:   1
Circuit contains 7 nets.
Contents of circuit 2:  Circuit: 'subbyte2_and2_dec'
Circuit subbyte2_and2_dec contains 2 device instances.
  Class: sky130_fd_bd_sram__openram_dp_nand2_dec instances:   1
  Class: subbyte2_pinv_dec     instances:   1
Circuit contains 6 nets.

Circuit 1 contains 2 devices, Circuit 2 contains 2 devices.
Circuit 1 contains 7 nets,    Circuit 2 contains 6 nets. *** MISMATCH ***

  Flattening non-matched subcircuits subbyte2_and2_dec subbyte2_and2_dec

Flattening instances of subbyte2_and2_dec in file subbyte2.spice
Flattening instances of subbyte2_and2_dec in file subbyte2.sp

Contents of circuit 1:  Circuit: 'subbyte2_pinv_dec_0'
Circuit subbyte2_pinv_dec_0 contains 2 device instances.
  Class: sky130_fd_pr__nfet_01v8 instances:   1
  Class: sky130_fd_pr__pfet_01v8 instances:   1
Circuit contains 4 nets.
Contents of circuit 2:  Circuit: 'subbyte2_pinv_dec_0'
Circuit subbyte2_pinv_dec_0 contains 2 device instances.
  Class: sky130_fd_pr__nfet_01v8 instances:   1
  Class: sky130_fd_pr__pfet_01v8 instances:   1
Circuit contains 4 nets.

Circuit 1 contains 2 devices, Circuit 2 contains 2 devices.
Circuit 1 contains 4 nets,    Circuit 2 contains 4 nets.


Contents of circuit 1:  Circuit: 'subbyte2_pdriver'
Circuit subbyte2_pdriver contains 1 device instances.
  Class: subbyte2_pinv         instances:   1
Circuit contains 4 nets.
Contents of circuit 2:  Circuit: 'subbyte2_pdriver'
Circuit subbyte2_pdriver contains 1 device instances.
  Class: subbyte2_pinv         instances:   1
Circuit contains 4 nets.

Circuit 1 contains 1 devices, Circuit 2 contains 1 devices.
Circuit 1 contains 4 nets,    Circuit 2 contains 4 nets.


Contents of circuit 1:  Circuit: 'subbyte2_pnand2'
Circuit subbyte2_pnand2 contains 4 device instances.
  Class: sky130_fd_pr__nfet_01v8 instances:   2
  Class: sky130_fd_pr__pfet_01v8 instances:   2
Circuit contains 7 nets.
Contents of circuit 2:  Circuit: 'subbyte2_pnand2'
Circuit subbyte2_pnand2 contains 4 device instances.
  Class: sky130_fd_pr__nfet_01v8 instances:   2
  Class: sky130_fd_pr__pfet_01v8 instances:   2
Circuit contains 6 nets.

Circuit 1 contains 4 devices, Circuit 2 contains 4 devices.
Circuit 1 contains 7 nets,    Circuit 2 contains 6 nets. *** MISMATCH ***

  Flattening non-matched subcircuits subbyte2_pnand2 subbyte2_pnand2

Flattening instances of subbyte2_pnand2 in file subbyte2.spice
Flattening instances of subbyte2_pnand2 in file subbyte2.sp

Contents of circuit 1:  Circuit: 'subbyte2_pinv_3'
Circuit subbyte2_pinv_3 contains 14 device instances.
  Class: sky130_fd_pr__nfet_01v8 instances:   7
  Class: sky130_fd_pr__pfet_01v8 instances:   7
Circuit contains 4 nets.
Contents of circuit 2:  Circuit: 'subbyte2_pinv_3'
Circuit subbyte2_pinv_3 contains 2 device instances.
  Class: sky130_fd_pr__nfet_01v8 instances:   1
  Class: sky130_fd_pr__pfet_01v8 instances:   1
Circuit contains 4 nets.

Circuit was modified by parallel/series device merging.
New circuit summary:

Contents of circuit 1:  Circuit: 'subbyte2_pinv_3'
Circuit subbyte2_pinv_3 contains 2 device instances.
  Class: sky130_fd_pr__nfet_01v8 instances:   1
  Class: sky130_fd_pr__pfet_01v8 instances:   1
Circuit contains 4 nets.
Contents of circuit 2:  Circuit: 'subbyte2_pinv_3'
Circuit subbyte2_pinv_3 contains 2 device instances.
  Class: sky130_fd_pr__nfet_01v8 instances:   1
  Class: sky130_fd_pr__pfet_01v8 instances:   1
Circuit contains 4 nets.

Circuit 1 contains 2 devices, Circuit 2 contains 2 devices.
Circuit 1 contains 4 nets,    Circuit 2 contains 4 nets.


Contents of circuit 1:  Circuit: 'subbyte2_pinv_12'
Circuit subbyte2_pinv_12 contains 10 device instances.
  Class: sky130_fd_pr__nfet_01v8 instances:   5
  Class: sky130_fd_pr__pfet_01v8 instances:   5
Circuit contains 4 nets.
Contents of circuit 2:  Circuit: 'subbyte2_pinv_12'
Circuit subbyte2_pinv_12 contains 2 device instances.
  Class: sky130_fd_pr__nfet_01v8 instances:   1
  Class: sky130_fd_pr__pfet_01v8 instances:   1
Circuit contains 4 nets.

Circuit was modified by parallel/series device merging.
New circuit summary:

Contents of circuit 1:  Circuit: 'subbyte2_pinv_12'
Circuit subbyte2_pinv_12 contains 2 device instances.
  Class: sky130_fd_pr__nfet_01v8 instances:   1
  Class: sky130_fd_pr__pfet_01v8 instances:   1
Circuit contains 4 nets.
Contents of circuit 2:  Circuit: 'subbyte2_pinv_12'
Circuit subbyte2_pinv_12 contains 2 device instances.
  Class: sky130_fd_pr__nfet_01v8 instances:   1
  Class: sky130_fd_pr__pfet_01v8 instances:   1
Circuit contains 4 nets.

Circuit 1 contains 2 devices, Circuit 2 contains 2 devices.
Circuit 1 contains 4 nets,    Circuit 2 contains 4 nets.


Contents of circuit 1:  Circuit: 'subbyte2_pinv_2'
Circuit subbyte2_pinv_2 contains 6 device instances.
  Class: sky130_fd_pr__nfet_01v8 instances:   3
  Class: sky130_fd_pr__pfet_01v8 instances:   3
Circuit contains 4 nets.
Contents of circuit 2:  Circuit: 'subbyte2_pinv_2'
Circuit subbyte2_pinv_2 contains 2 device instances.
  Class: sky130_fd_pr__nfet_01v8 instances:   1
  Class: sky130_fd_pr__pfet_01v8 instances:   1
Circuit contains 4 nets.

Circuit was modified by parallel/series device merging.
New circuit summary:

Contents of circuit 1:  Circuit: 'subbyte2_pinv_2'
Circuit subbyte2_pinv_2 contains 2 device instances.
  Class: sky130_fd_pr__nfet_01v8 instances:   1
  Class: sky130_fd_pr__pfet_01v8 instances:   1
Circuit contains 4 nets.
Contents of circuit 2:  Circuit: 'subbyte2_pinv_2'
Circuit subbyte2_pinv_2 contains 2 device instances.
  Class: sky130_fd_pr__nfet_01v8 instances:   1
  Class: sky130_fd_pr__pfet_01v8 instances:   1
Circuit contains 4 nets.

Circuit 1 contains 2 devices, Circuit 2 contains 2 devices.
Circuit 1 contains 4 nets,    Circuit 2 contains 4 nets.


Contents of circuit 1:  Circuit: 'sky130_fd_bd_sram__openram_dff'
Circuit sky130_fd_bd_sram__openram_dff contains 22 device instances.
  Class: sky130_fd_pr__nfet_01v8 instances:  11
  Class: sky130_fd_pr__pfet_01v8 instances:  11
Circuit contains 17 nets.
Contents of circuit 2:  Circuit: 'sky130_fd_bd_sram__openram_dff'
Circuit sky130_fd_bd_sram__openram_dff contains 22 device instances.
  Class: sky130_fd_pr__nfet_01v8 instances:  11
  Class: sky130_fd_pr__pfet_01v8 instances:  11
Circuit contains 17 nets.

Circuit 1 contains 22 devices, Circuit 2 contains 22 devices.
Circuit 1 contains 17 nets,    Circuit 2 contains 17 nets.

  Flattening non-matched subcircuits sky130_fd_bd_sram__openram_dff sky130_fd_bd_sram__openram_dff

Flattening instances of sky130_fd_bd_sram__openram_dff in file subbyte2.spice
Flattening instances of sky130_fd_bd_sram__openram_dff in file subbyte2.sp

Contents of circuit 1:  Circuit: 'subbyte2_pinv_1'
Circuit subbyte2_pinv_1 contains 4 device instances.
  Class: sky130_fd_pr__nfet_01v8 instances:   2
  Class: sky130_fd_pr__pfet_01v8 instances:   2
Circuit contains 4 nets.
Contents of circuit 2:  Circuit: 'subbyte2_pinv_1'
Circuit subbyte2_pinv_1 contains 2 device instances.
  Class: sky130_fd_pr__nfet_01v8 instances:   1
  Class: sky130_fd_pr__pfet_01v8 instances:   1
Circuit contains 4 nets.

Circuit was modified by parallel/series device merging.
New circuit summary:

Contents of circuit 1:  Circuit: 'subbyte2_pinv_1'
Circuit subbyte2_pinv_1 contains 2 device instances.
  Class: sky130_fd_pr__nfet_01v8 instances:   1
  Class: sky130_fd_pr__pfet_01v8 instances:   1
Circuit contains 4 nets.
Contents of circuit 2:  Circuit: 'subbyte2_pinv_1'
Circuit subbyte2_pinv_1 contains 2 device instances.
  Class: sky130_fd_pr__nfet_01v8 instances:   1
  Class: sky130_fd_pr__pfet_01v8 instances:   1
Circuit contains 4 nets.

Circuit 1 contains 2 devices, Circuit 2 contains 2 devices.
Circuit 1 contains 4 nets,    Circuit 2 contains 4 nets.


Contents of circuit 1:  Circuit: 'subbyte2_pinv_11'
Circuit subbyte2_pinv_11 contains 18 device instances.
  Class: sky130_fd_pr__nfet_01v8 instances:   9
  Class: sky130_fd_pr__pfet_01v8 instances:   9
Circuit contains 4 nets.
Contents of circuit 2:  Circuit: 'subbyte2_pinv_11'
Circuit subbyte2_pinv_11 contains 2 device instances.
  Class: sky130_fd_pr__nfet_01v8 instances:   1
  Class: sky130_fd_pr__pfet_01v8 instances:   1
Circuit contains 4 nets.

Circuit was modified by parallel/series device merging.
New circuit summary:

Contents of circuit 1:  Circuit: 'subbyte2_pinv_11'
Circuit subbyte2_pinv_11 contains 2 device instances.
  Class: sky130_fd_pr__nfet_01v8 instances:   1
  Class: sky130_fd_pr__pfet_01v8 instances:   1
Circuit contains 4 nets.
Contents of circuit 2:  Circuit: 'subbyte2_pinv_11'
Circuit subbyte2_pinv_11 contains 2 device instances.
  Class: sky130_fd_pr__nfet_01v8 instances:   1
  Class: sky130_fd_pr__pfet_01v8 instances:   1
Circuit contains 4 nets.

Circuit 1 contains 2 devices, Circuit 2 contains 2 devices.
Circuit 1 contains 4 nets,    Circuit 2 contains 4 nets.


Contents of circuit 1:  Circuit: 'subbyte2_bitcell_array'
Circuit subbyte2_bitcell_array contains 28672 device instances.
  Class: sky130_fd_pr__special_pfet_pass instances: 8192
  Class: sky130_fd_pr__special_nfet_latch instances: 20480
Circuit contains 4513 nets.
Contents of circuit 2:  Circuit: 'subbyte2_bitcell_array'
Circuit subbyte2_bitcell_array contains 24576 device instances.
  Class: sky130_fd_pr__special_pfet_pass instances: 8192
  Class: sky130_fd_pr__special_nfet_latch instances: 16384
Circuit contains 4354 nets.

Circuit was modified by parallel/series device merging.
New circuit summary:

Contents of circuit 1:  Circuit: 'subbyte2_bitcell_array'
Circuit subbyte2_bitcell_array contains 20672 device instances.
  Class: sky130_fd_pr__special_pfet_pass instances: 8192
  Class: sky130_fd_pr__special_nfet_latch instances: 12480
Circuit contains 4513 nets.
Contents of circuit 2:  Circuit: 'subbyte2_bitcell_array'
Circuit subbyte2_bitcell_array contains 20544 device instances.
  Class: sky130_fd_pr__special_pfet_pass instances: 8192
  Class: sky130_fd_pr__special_nfet_latch instances: 12352
Circuit contains 4354 nets.

Circuit 1 contains 20672 devices, Circuit 2 contains 20544 devices. *** MISMATCH ***
Circuit 1 contains 4513 nets,    Circuit 2 contains 4354 nets. *** MISMATCH ***

  Flattening non-matched subcircuits subbyte2_bitcell_array subbyte2_bitcell_array

Flattening instances of subbyte2_bitcell_array in file subbyte2.spice
Flattening instances of subbyte2_bitcell_array in file subbyte2.sp

Contents of circuit 1:  Circuit: 'subbyte2_dummy_array'
Circuit subbyte2_dummy_array contains 384 device instances.
  Class: sky130_fd_pr__special_nfet_latch instances: 384
Circuit contains 323 nets, and 64 disconnected pins.
Contents of circuit 2:  Circuit: 'subbyte2_dummy_array'
Circuit subbyte2_dummy_array contains 320 device instances.
  Class: sky130_fd_pr__special_nfet_latch instances: 320
Circuit contains 259 nets, and 1 disconnected pin.

Circuit 1 contains 384 devices, Circuit 2 contains 320 devices. *** MISMATCH ***
Circuit 1 contains 323 nets,    Circuit 2 contains 259 nets. *** MISMATCH ***

  Flattening non-matched subcircuits subbyte2_dummy_array subbyte2_dummy_array

Flattening instances of subbyte2_dummy_array in file subbyte2.spice
Flattening instances of subbyte2_dummy_array in file subbyte2.sp

Contents of circuit 1:  Circuit: 'subbyte2_replica_column'
Circuit subbyte2_replica_column contains 922 device instances.
  Class: sky130_fd_pr__special_pfet_pass instances: 260
  Class: sky130_fd_pr__special_nfet_latch instances: 662
Circuit contains 207 nets.
Contents of circuit 2:  Circuit: 'subbyte2_replica_column'
Circuit subbyte2_replica_column contains 790 device instances.
  Class: sky130_fd_pr__special_pfet_pass instances: 260
  Class: sky130_fd_pr__special_nfet_latch instances: 530
Circuit contains 207 nets.

Circuit was modified by parallel/series device merging.
New circuit summary:

Contents of circuit 1:  Circuit: 'subbyte2_replica_column'
Circuit subbyte2_replica_column contains 660 device instances.
  Class: sky130_fd_pr__special_pfet_pass instances: 260
  Class: sky130_fd_pr__special_nfet_latch instances: 400
Circuit contains 207 nets.
Contents of circuit 2:  Circuit: 'subbyte2_replica_column'
Circuit subbyte2_replica_column contains 660 device instances.
  Class: sky130_fd_pr__special_pfet_pass instances: 260
  Class: sky130_fd_pr__special_nfet_latch instances: 400
Circuit contains 207 nets.

Circuit 1 contains 660 devices, Circuit 2 contains 660 devices.
Circuit 1 contains 207 nets,    Circuit 2 contains 207 nets.


Contents of circuit 1:  Circuit: 'subbyte2_replica_column_0'
Circuit subbyte2_replica_column_0 contains 922 device instances.
  Class: sky130_fd_pr__special_pfet_pass instances: 260
  Class: sky130_fd_pr__special_nfet_latch instances: 662
Circuit contains 207 nets.
Contents of circuit 2:  Circuit: 'subbyte2_replica_column_0'
Circuit subbyte2_replica_column_0 contains 790 device instances.
  Class: sky130_fd_pr__special_pfet_pass instances: 260
  Class: sky130_fd_pr__special_nfet_latch instances: 530
Circuit contains 207 nets.

Circuit was modified by parallel/series device merging.
New circuit summary:

Contents of circuit 1:  Circuit: 'subbyte2_replica_column_0'
Circuit subbyte2_replica_column_0 contains 660 device instances.
  Class: sky130_fd_pr__special_pfet_pass instances: 260
  Class: sky130_fd_pr__special_nfet_latch instances: 400
Circuit contains 207 nets.
Contents of circuit 2:  Circuit: 'subbyte2_replica_column_0'
Circuit subbyte2_replica_column_0 contains 660 device instances.
  Class: sky130_fd_pr__special_pfet_pass instances: 260
  Class: sky130_fd_pr__special_nfet_latch instances: 400
Circuit contains 207 nets.

Circuit 1 contains 660 devices, Circuit 2 contains 660 devices.
Circuit 1 contains 207 nets,    Circuit 2 contains 207 nets.


Contents of circuit 1:  Circuit: 'subbyte2_column_mux_0'
Circuit subbyte2_column_mux_0 contains 2 device instances.
  Class: sky130_fd_pr__nfet_01v8 instances:   2
Circuit contains 6 nets.
Contents of circuit 2:  Circuit: 'subbyte2_column_mux_0'
Circuit subbyte2_column_mux_0 contains 2 device instances.
  Class: sky130_fd_pr__nfet_01v8 instances:   2
Circuit contains 6 nets.

Circuit 1 contains 2 devices, Circuit 2 contains 2 devices.
Circuit 1 contains 6 nets,    Circuit 2 contains 6 nets.


Contents of circuit 1:  Circuit: 'sky130_fd_bd_sram__openram_sense_amp'
Circuit sky130_fd_bd_sram__openram_sense_amp contains 9 device instances.
  Class: sky130_fd_pr__nfet_01v8 instances:   4
  Class: sky130_fd_pr__pfet_01v8 instances:   5
Circuit contains 10 nets.
Contents of circuit 2:  Circuit: 'sky130_fd_bd_sram__openram_sense_amp'
Circuit sky130_fd_bd_sram__openram_sense_amp contains 9 device instances.
  Class: sky130_fd_pr__nfet_01v8 instances:   4
  Class: sky130_fd_pr__pfet_01v8 instances:   5
Circuit contains 9 nets.

Circuit 1 contains 9 devices, Circuit 2 contains 9 devices.
Circuit 1 contains 10 nets,    Circuit 2 contains 9 nets. *** MISMATCH ***

  Flattening non-matched subcircuits sky130_fd_bd_sram__openram_sense_amp sky130_fd_bd_sram__openram_sense_amp

Flattening instances of sky130_fd_bd_sram__openram_sense_amp in file subbyte2.spice
Flattening instances of sky130_fd_bd_sram__openram_sense_amp in file subbyte2.sp

Contents of circuit 1:  Circuit: 'subbyte2_precharge_1'
Circuit subbyte2_precharge_1 contains 3 device instances.
  Class: sky130_fd_pr__pfet_01v8 instances:   3
Circuit contains 4 nets.
Contents of circuit 2:  Circuit: 'subbyte2_precharge_1'
Circuit subbyte2_precharge_1 contains 3 device instances.
  Class: sky130_fd_pr__pfet_01v8 instances:   3
Circuit contains 4 nets.

Circuit 1 contains 3 devices, Circuit 2 contains 3 devices.
Circuit 1 contains 4 nets,    Circuit 2 contains 4 nets.


Contents of circuit 1:  Circuit: 'subbyte2_precharge_0'
Circuit subbyte2_precharge_0 contains 3 device instances.
  Class: sky130_fd_pr__pfet_01v8 instances:   3
Circuit contains 4 nets.
Contents of circuit 2:  Circuit: 'subbyte2_precharge_0'
Circuit subbyte2_precharge_0 contains 3 device instances.
  Class: sky130_fd_pr__pfet_01v8 instances:   3
Circuit contains 4 nets.

Circuit 1 contains 3 devices, Circuit 2 contains 3 devices.
Circuit 1 contains 4 nets,    Circuit 2 contains 4 nets.


Contents of circuit 1:  Circuit: 'sky130_fd_bd_sram__openram_write_driver'
Circuit sky130_fd_bd_sram__openram_write_driver contains 16 device instances.
  Class: sky130_fd_pr__nfet_01v8 instances:   9
  Class: sky130_fd_pr__pfet_01v8 instances:   7
Circuit contains 14 nets.
Contents of circuit 2:  Circuit: 'sky130_fd_bd_sram__openram_write_driver'
Circuit sky130_fd_bd_sram__openram_write_driver contains 16 device instances.
  Class: sky130_fd_pr__nfet_01v8 instances:   9
  Class: sky130_fd_pr__pfet_01v8 instances:   7
Circuit contains 13 nets.

Circuit 1 contains 16 devices, Circuit 2 contains 16 devices.
Circuit 1 contains 14 nets,    Circuit 2 contains 13 nets. *** MISMATCH ***

  Flattening non-matched subcircuits sky130_fd_bd_sram__openram_write_driver sky130_fd_bd_sram__openram_write_driver

Flattening instances of sky130_fd_bd_sram__openram_write_driver in file subbyte2.spice
Flattening instances of sky130_fd_bd_sram__openram_write_driver in file subbyte2.sp

Contents of circuit 1:  Circuit: 'subbyte2_column_mux'
Circuit subbyte2_column_mux contains 2 device instances.
  Class: sky130_fd_pr__nfet_01v8 instances:   2
Circuit contains 6 nets.
Contents of circuit 2:  Circuit: 'subbyte2_column_mux'
Circuit subbyte2_column_mux contains 2 device instances.
  Class: sky130_fd_pr__nfet_01v8 instances:   2
Circuit contains 6 nets.

Circuit 1 contains 2 devices, Circuit 2 contains 2 devices.
Circuit 1 contains 6 nets,    Circuit 2 contains 6 nets.


Contents of circuit 1:  Circuit: 'subbyte2_and3_dec'
Circuit subbyte2_and3_dec contains 2 device instances.
  Class: sky130_fd_bd_sram__openram_dp_nand3_dec instances:   1
  Class: subbyte2_pinv_dec     instances:   1
Circuit contains 8 nets.
Contents of circuit 2:  Circuit: 'subbyte2_and3_dec'
Circuit subbyte2_and3_dec contains 2 device instances.
  Class: sky130_fd_bd_sram__openram_dp_nand3_dec instances:   1
  Class: subbyte2_pinv_dec     instances:   1
Circuit contains 7 nets.

Circuit 1 contains 2 devices, Circuit 2 contains 2 devices.
Circuit 1 contains 8 nets,    Circuit 2 contains 7 nets. *** MISMATCH ***

  Flattening non-matched subcircuits subbyte2_and3_dec subbyte2_and3_dec

Flattening instances of subbyte2_and3_dec in file subbyte2.spice
Flattening instances of subbyte2_and3_dec in file subbyte2.sp

Contents of circuit 1:  Circuit: 'subbyte2_hierarchical_predecode2x4'
Circuit subbyte2_hierarchical_predecode2x4 contains 10 device instances.
  Class: sky130_fd_bd_sram__openram_dp_nand2_dec instances:   4
  Class: subbyte2_pinv_dec     instances:   6
Circuit contains 16 nets.
Contents of circuit 2:  Circuit: 'subbyte2_hierarchical_predecode2x4'
Circuit subbyte2_hierarchical_predecode2x4 contains 10 device instances.
  Class: sky130_fd_bd_sram__openram_dp_nand2_dec instances:   4
  Class: subbyte2_pinv_dec     instances:   6
Circuit contains 14 nets.

Circuit 1 contains 10 devices, Circuit 2 contains 10 devices.
Circuit 1 contains 16 nets,    Circuit 2 contains 14 nets. *** MISMATCH ***

  Flattening non-matched subcircuits subbyte2_hierarchical_predecode2x4 subbyte2_hierarchical_predecode2x4

Flattening instances of subbyte2_hierarchical_predecode2x4 in file subbyte2.spice
Flattening instances of subbyte2_hierarchical_predecode2x4 in file subbyte2.sp

Contents of circuit 1:  Circuit: 'subbyte2_wordline_driver'
Circuit subbyte2_wordline_driver contains 2 device instances.
  Class: subbyte2_pinv_dec_0   instances:   1
  Class: sky130_fd_bd_sram__openram_dp_nand2_dec instances:   1
Circuit contains 7 nets.
Contents of circuit 2:  Circuit: 'subbyte2_wordline_driver'
Circuit subbyte2_wordline_driver contains 2 device instances.
  Class: subbyte2_pinv_dec_0   instances:   1
  Class: sky130_fd_bd_sram__openram_dp_nand2_dec instances:   1
Circuit contains 6 nets.

Circuit 1 contains 2 devices, Circuit 2 contains 2 devices.
Circuit 1 contains 7 nets,    Circuit 2 contains 6 nets. *** MISMATCH ***

  Flattening non-matched subcircuits subbyte2_wordline_driver subbyte2_wordline_driver

Flattening instances of subbyte2_wordline_driver in file subbyte2.spice
Flattening instances of subbyte2_wordline_driver in file subbyte2.sp

Contents of circuit 1:  Circuit: 'subbyte2_pinv_0'
Circuit subbyte2_pinv_0 contains 2 device instances.
  Class: sky130_fd_pr__nfet_01v8 instances:   1
  Class: sky130_fd_pr__pfet_01v8 instances:   1
Circuit contains 4 nets.
Contents of circuit 2:  Circuit: 'subbyte2_pinv_0'
Circuit subbyte2_pinv_0 contains 2 device instances.
  Class: sky130_fd_pr__nfet_01v8 instances:   1
  Class: sky130_fd_pr__pfet_01v8 instances:   1
Circuit contains 4 nets.

Circuit 1 contains 2 devices, Circuit 2 contains 2 devices.
Circuit 1 contains 4 nets,    Circuit 2 contains 4 nets.


Contents of circuit 1:  Circuit: 'subbyte2_pand2'
Circuit subbyte2_pand2 contains 5 device instances.
  Class: sky130_fd_pr__nfet_01v8 instances:   2
  Class: sky130_fd_pr__pfet_01v8 instances:   2
  Class: subbyte2_pdriver      instances:   1
Circuit contains 7 nets.
Contents of circuit 2:  Circuit: 'subbyte2_pand2'
Circuit subbyte2_pand2 contains 5 device instances.
  Class: sky130_fd_pr__nfet_01v8 instances:   2
  Class: sky130_fd_pr__pfet_01v8 instances:   2
  Class: subbyte2_pdriver      instances:   1
Circuit contains 7 nets.

Circuit 1 contains 5 devices, Circuit 2 contains 5 devices.
Circuit 1 contains 7 nets,    Circuit 2 contains 7 nets.


Contents of circuit 1:  Circuit: 'subbyte2_pdriver_0'
Circuit subbyte2_pdriver_0 contains 1 device instances.
  Class: subbyte2_pinv_3       instances:   1
Circuit contains 4 nets.
Contents of circuit 2:  Circuit: 'subbyte2_pdriver_0'
Circuit subbyte2_pdriver_0 contains 1 device instances.
  Class: subbyte2_pinv_3       instances:   1
Circuit contains 4 nets.

Circuit 1 contains 1 devices, Circuit 2 contains 1 devices.
Circuit 1 contains 4 nets,    Circuit 2 contains 4 nets.


Contents of circuit 1:  Circuit: 'subbyte2_pinv_10'
Circuit subbyte2_pinv_10 contains 24 device instances.
  Class: sky130_fd_pr__nfet_01v8 instances:  12
  Class: sky130_fd_pr__pfet_01v8 instances:  12
Circuit contains 4 nets.
Contents of circuit 2:  Circuit: 'subbyte2_pinv_10'
Circuit subbyte2_pinv_10 contains 2 device instances.
  Class: sky130_fd_pr__nfet_01v8 instances:   1
  Class: sky130_fd_pr__pfet_01v8 instances:   1
Circuit contains 4 nets.

Circuit was modified by parallel/series device merging.
New circuit summary:

Contents of circuit 1:  Circuit: 'subbyte2_pinv_10'
Circuit subbyte2_pinv_10 contains 2 device instances.
  Class: sky130_fd_pr__nfet_01v8 instances:   1
  Class: sky130_fd_pr__pfet_01v8 instances:   1
Circuit contains 4 nets.
Contents of circuit 2:  Circuit: 'subbyte2_pinv_10'
Circuit subbyte2_pinv_10 contains 2 device instances.
  Class: sky130_fd_pr__nfet_01v8 instances:   1
  Class: sky130_fd_pr__pfet_01v8 instances:   1
Circuit contains 4 nets.

Circuit 1 contains 2 devices, Circuit 2 contains 2 devices.
Circuit 1 contains 4 nets,    Circuit 2 contains 4 nets.


Contents of circuit 1:  Circuit: 'subbyte2_pinv_9'
Circuit subbyte2_pinv_9 contains 8 device instances.
  Class: sky130_fd_pr__nfet_01v8 instances:   4
  Class: sky130_fd_pr__pfet_01v8 instances:   4
Circuit contains 4 nets.
Contents of circuit 2:  Circuit: 'subbyte2_pinv_9'
Circuit subbyte2_pinv_9 contains 2 device instances.
  Class: sky130_fd_pr__nfet_01v8 instances:   1
  Class: sky130_fd_pr__pfet_01v8 instances:   1
Circuit contains 4 nets.

Circuit was modified by parallel/series device merging.
New circuit summary:

Contents of circuit 1:  Circuit: 'subbyte2_pinv_9'
Circuit subbyte2_pinv_9 contains 2 device instances.
  Class: sky130_fd_pr__nfet_01v8 instances:   1
  Class: sky130_fd_pr__pfet_01v8 instances:   1
Circuit contains 4 nets.
Contents of circuit 2:  Circuit: 'subbyte2_pinv_9'
Circuit subbyte2_pinv_9 contains 2 device instances.
  Class: sky130_fd_pr__nfet_01v8 instances:   1
  Class: sky130_fd_pr__pfet_01v8 instances:   1
Circuit contains 4 nets.

Circuit 1 contains 2 devices, Circuit 2 contains 2 devices.
Circuit 1 contains 4 nets,    Circuit 2 contains 4 nets.


Contents of circuit 1:  Circuit: 'subbyte2_pinv_13'
Circuit subbyte2_pinv_13 contains 2 device instances.
  Class: sky130_fd_pr__nfet_01v8 instances:   1
  Class: sky130_fd_pr__pfet_01v8 instances:   1
Circuit contains 4 nets.
Contents of circuit 2:  Circuit: 'subbyte2_pinv_13'
Circuit subbyte2_pinv_13 contains 2 device instances.
  Class: sky130_fd_pr__nfet_01v8 instances:   1
  Class: sky130_fd_pr__pfet_01v8 instances:   1
Circuit contains 4 nets.

Circuit 1 contains 2 devices, Circuit 2 contains 2 devices.
Circuit 1 contains 4 nets,    Circuit 2 contains 4 nets.


Contents of circuit 1:  Circuit: 'subbyte2_pinv_6'
Circuit subbyte2_pinv_6 contains 6 device instances.
  Class: sky130_fd_pr__nfet_01v8 instances:   3
  Class: sky130_fd_pr__pfet_01v8 instances:   3
Circuit contains 4 nets.
Contents of circuit 2:  Circuit: 'subbyte2_pinv_6'
Circuit subbyte2_pinv_6 contains 2 device instances.
  Class: sky130_fd_pr__nfet_01v8 instances:   1
  Class: sky130_fd_pr__pfet_01v8 instances:   1
Circuit contains 4 nets.

Circuit was modified by parallel/series device merging.
New circuit summary:

Contents of circuit 1:  Circuit: 'subbyte2_pinv_6'
Circuit subbyte2_pinv_6 contains 2 device instances.
  Class: sky130_fd_pr__nfet_01v8 instances:   1
  Class: sky130_fd_pr__pfet_01v8 instances:   1
Circuit contains 4 nets.
Contents of circuit 2:  Circuit: 'subbyte2_pinv_6'
Circuit subbyte2_pinv_6 contains 2 device instances.
  Class: sky130_fd_pr__nfet_01v8 instances:   1
  Class: sky130_fd_pr__pfet_01v8 instances:   1
Circuit contains 4 nets.

Circuit 1 contains 2 devices, Circuit 2 contains 2 devices.
Circuit 1 contains 4 nets,    Circuit 2 contains 4 nets.


Contents of circuit 1:  Circuit: 'subbyte2_pinv_7'
Circuit subbyte2_pinv_7 contains 12 device instances.
  Class: sky130_fd_pr__nfet_01v8 instances:   6
  Class: sky130_fd_pr__pfet_01v8 instances:   6
Circuit contains 4 nets.
Contents of circuit 2:  Circuit: 'subbyte2_pinv_7'
Circuit subbyte2_pinv_7 contains 2 device instances.
  Class: sky130_fd_pr__nfet_01v8 instances:   1
  Class: sky130_fd_pr__pfet_01v8 instances:   1
Circuit contains 4 nets.

Circuit was modified by parallel/series device merging.
New circuit summary:

Contents of circuit 1:  Circuit: 'subbyte2_pinv_7'
Circuit subbyte2_pinv_7 contains 2 device instances.
  Class: sky130_fd_pr__nfet_01v8 instances:   1
  Class: sky130_fd_pr__pfet_01v8 instances:   1
Circuit contains 4 nets.
Contents of circuit 2:  Circuit: 'subbyte2_pinv_7'
Circuit subbyte2_pinv_7 contains 2 device instances.
  Class: sky130_fd_pr__nfet_01v8 instances:   1
  Class: sky130_fd_pr__pfet_01v8 instances:   1
Circuit contains 4 nets.

Circuit 1 contains 2 devices, Circuit 2 contains 2 devices.
Circuit 1 contains 4 nets,    Circuit 2 contains 4 nets.


Contents of circuit 1:  Circuit: 'subbyte2_pinv_8'
Circuit subbyte2_pinv_8 contains 36 device instances.
  Class: sky130_fd_pr__nfet_01v8 instances:  18
  Class: sky130_fd_pr__pfet_01v8 instances:  18
Circuit contains 4 nets.
Contents of circuit 2:  Circuit: 'subbyte2_pinv_8'
Circuit subbyte2_pinv_8 contains 2 device instances.
  Class: sky130_fd_pr__nfet_01v8 instances:   1
  Class: sky130_fd_pr__pfet_01v8 instances:   1
Circuit contains 4 nets.

Circuit was modified by parallel/series device merging.
New circuit summary:

Contents of circuit 1:  Circuit: 'subbyte2_pinv_8'
Circuit subbyte2_pinv_8 contains 2 device instances.
  Class: sky130_fd_pr__nfet_01v8 instances:   1
  Class: sky130_fd_pr__pfet_01v8 instances:   1
Circuit contains 4 nets.
Contents of circuit 2:  Circuit: 'subbyte2_pinv_8'
Circuit subbyte2_pinv_8 contains 2 device instances.
  Class: sky130_fd_pr__nfet_01v8 instances:   1
  Class: sky130_fd_pr__pfet_01v8 instances:   1
Circuit contains 4 nets.

Circuit 1 contains 2 devices, Circuit 2 contains 2 devices.
Circuit 1 contains 4 nets,    Circuit 2 contains 4 nets.


Contents of circuit 1:  Circuit: 'subbyte2_pdriver_4'
Circuit subbyte2_pdriver_4 contains 1 device instances.
  Class: subbyte2_pinv_12      instances:   1
Circuit contains 4 nets.
Contents of circuit 2:  Circuit: 'subbyte2_pdriver_4'
Circuit subbyte2_pdriver_4 contains 1 device instances.
  Class: subbyte2_pinv_12      instances:   1
Circuit contains 4 nets.

Circuit 1 contains 1 devices, Circuit 2 contains 1 devices.
Circuit 1 contains 4 nets,    Circuit 2 contains 4 nets.


Contents of circuit 1:  Circuit: 'subbyte2_pnand3'
Circuit subbyte2_pnand3 contains 6 device instances.
  Class: sky130_fd_pr__nfet_01v8 instances:   3
  Class: sky130_fd_pr__pfet_01v8 instances:   3
Circuit contains 9 nets.
Contents of circuit 2:  Circuit: 'subbyte2_pnand3'
Circuit subbyte2_pnand3 contains 6 device instances.
  Class: sky130_fd_pr__nfet_01v8 instances:   3
  Class: sky130_fd_pr__pfet_01v8 instances:   3
Circuit contains 8 nets.

Circuit 1 contains 6 devices, Circuit 2 contains 6 devices.
Circuit 1 contains 9 nets,    Circuit 2 contains 8 nets. *** MISMATCH ***

  Flattening non-matched subcircuits subbyte2_pnand3 subbyte2_pnand3

Flattening instances of subbyte2_pnand3 in file subbyte2.spice
Flattening instances of subbyte2_pnand3 in file subbyte2.sp

Contents of circuit 1:  Circuit: 'subbyte2_dff_buf_0'
Circuit subbyte2_dff_buf_0 contains 24 device instances.
  Class: sky130_fd_pr__nfet_01v8 instances:  11
  Class: subbyte2_pinv_1       instances:   1
  Class: subbyte2_pinv_2       instances:   1
  Class: sky130_fd_pr__pfet_01v8 instances:  11
Circuit contains 19 nets.
Contents of circuit 2:  Circuit: 'subbyte2_dff_buf_0'
Circuit subbyte2_dff_buf_0 contains 24 device instances.
  Class: sky130_fd_pr__nfet_01v8 instances:  11
  Class: subbyte2_pinv_1       instances:   1
  Class: subbyte2_pinv_2       instances:   1
  Class: sky130_fd_pr__pfet_01v8 instances:  11
Circuit contains 20 nets.

Circuit 1 contains 24 devices, Circuit 2 contains 24 devices.
Circuit 1 contains 19 nets,    Circuit 2 contains 19 nets.


Contents of circuit 1:  Circuit: 'subbyte2_pdriver_3'
Circuit subbyte2_pdriver_3 contains 1 device instances.
  Class: subbyte2_pinv_11      instances:   1
Circuit contains 4 nets.
Contents of circuit 2:  Circuit: 'subbyte2_pdriver_3'
Circuit subbyte2_pdriver_3 contains 1 device instances.
  Class: subbyte2_pinv_11      instances:   1
Circuit contains 4 nets.

Circuit 1 contains 1 devices, Circuit 2 contains 1 devices.
Circuit 1 contains 4 nets,    Circuit 2 contains 4 nets.


Contents of circuit 1:  Circuit: 'subbyte2_replica_bitcell_array'
Circuit subbyte2_replica_bitcell_array contains 21442 device instances.
  Class: sky130_fd_pr__special_pfet_pass instances: 8192
  Class: sky130_fd_pr__special_nfet_latch instances: 13248
  Class: subbyte2_replica_column_0 instances:   1
  Class: subbyte2_replica_column instances:   1
Circuit contains 4655 nets.
Contents of circuit 2:  Circuit: 'subbyte2_replica_bitcell_array'
Circuit subbyte2_replica_bitcell_array contains 21186 device instances.
  Class: sky130_fd_pr__special_pfet_pass instances: 8192
  Class: sky130_fd_pr__special_nfet_latch instances: 12992
  Class: subbyte2_replica_column_0 instances:   1
  Class: subbyte2_replica_column instances:   1
Circuit contains 4622 nets.

Circuit was modified by parallel/series device merging.
New circuit summary:

Contents of circuit 1:  Circuit: 'subbyte2_replica_bitcell_array'
Circuit subbyte2_replica_bitcell_array contains 21058 device instances.
  Class: sky130_fd_pr__special_pfet_pass instances: 8192
  Class: sky130_fd_pr__special_nfet_latch instances: 12864
  Class: subbyte2_replica_column_0 instances:   1
  Class: subbyte2_replica_column instances:   1
Circuit contains 4655 nets.
Contents of circuit 2:  Circuit: 'subbyte2_replica_bitcell_array'
Circuit subbyte2_replica_bitcell_array contains 21058 device instances.
  Class: sky130_fd_pr__special_pfet_pass instances: 8192
  Class: sky130_fd_pr__special_nfet_latch instances: 12864
  Class: subbyte2_replica_column_0 instances:   1
  Class: subbyte2_replica_column instances:   1
Circuit contains 4622 nets.

Circuit 1 contains 21058 devices, Circuit 2 contains 21058 devices.
Circuit 1 contains 4655 nets,    Circuit 2 contains 4622 nets. *** MISMATCH ***

  Flattening non-matched subcircuits subbyte2_replica_bitcell_array subbyte2_replica_bitcell_array

Flattening instances of subbyte2_replica_bitcell_array in file subbyte2.spice
Flattening instances of subbyte2_replica_bitcell_array in file subbyte2.sp

Contents of circuit 1:  Circuit: 'subbyte2_column_mux_array_0'
Circuit subbyte2_column_mux_array_0 contains 32 device instances.
  Class: subbyte2_column_mux_0 instances:  32
Circuit contains 85 nets.
Contents of circuit 2:  Circuit: 'subbyte2_column_mux_array_0'
Circuit subbyte2_column_mux_array_0 contains 32 device instances.
  Class: subbyte2_column_mux_0 instances:  32
Circuit contains 85 nets.

Circuit 1 contains 32 devices, Circuit 2 contains 32 devices.
Circuit 1 contains 85 nets,    Circuit 2 contains 85 nets.


Contents of circuit 1:  Circuit: 'subbyte2_sense_amp_array'
Circuit subbyte2_sense_amp_array contains 72 device instances.
  Class: sky130_fd_pr__nfet_01v8 instances:  32
  Class: sky130_fd_pr__pfet_01v8 instances:  40
Circuit contains 52 nets.
Contents of circuit 2:  Circuit: 'subbyte2_sense_amp_array'
Circuit subbyte2_sense_amp_array contains 72 device instances.
  Class: sky130_fd_pr__nfet_01v8 instances:  32
  Class: sky130_fd_pr__pfet_01v8 instances:  40
Circuit contains 51 nets.

Circuit 1 contains 72 devices, Circuit 2 contains 72 devices.
Circuit 1 contains 52 nets,    Circuit 2 contains 51 nets. *** MISMATCH ***

  Flattening non-matched subcircuits subbyte2_sense_amp_array subbyte2_sense_amp_array

Flattening instances of subbyte2_sense_amp_array in file subbyte2.spice
Flattening instances of subbyte2_sense_amp_array in file subbyte2.sp

Contents of circuit 1:  Circuit: 'subbyte2_precharge_array_0'
Circuit subbyte2_precharge_array_0 contains 33 device instances.
  Class: subbyte2_precharge_1  instances:  33
Circuit contains 68 nets.
Contents of circuit 2:  Circuit: 'subbyte2_precharge_array_0'
Circuit subbyte2_precharge_array_0 contains 33 device instances.
  Class: subbyte2_precharge_1  instances:  33
Circuit contains 68 nets.

Circuit 1 contains 33 devices, Circuit 2 contains 33 devices.
Circuit 1 contains 68 nets,    Circuit 2 contains 68 nets.


Contents of circuit 1:  Circuit: 'subbyte2_precharge_array'
Circuit subbyte2_precharge_array contains 33 device instances.
  Class: subbyte2_precharge_0  instances:  33
Circuit contains 68 nets.
Contents of circuit 2:  Circuit: 'subbyte2_precharge_array'
Circuit subbyte2_precharge_array contains 33 device instances.
  Class: subbyte2_precharge_0  instances:  33
Circuit contains 68 nets.

Circuit 1 contains 33 devices, Circuit 2 contains 33 devices.
Circuit 1 contains 68 nets,    Circuit 2 contains 68 nets.


Contents of circuit 1:  Circuit: 'subbyte2_write_driver_array'
Circuit subbyte2_write_driver_array contains 128 device instances.
  Class: sky130_fd_pr__nfet_01v8 instances:  72
  Class: sky130_fd_pr__pfet_01v8 instances:  56
Circuit contains 84 nets.
Contents of circuit 2:  Circuit: 'subbyte2_write_driver_array'
Circuit subbyte2_write_driver_array contains 128 device instances.
  Class: sky130_fd_pr__nfet_01v8 instances:  72
  Class: sky130_fd_pr__pfet_01v8 instances:  56
Circuit contains 83 nets.

Circuit 1 contains 128 devices, Circuit 2 contains 128 devices.
Circuit 1 contains 84 nets,    Circuit 2 contains 83 nets. *** MISMATCH ***

  Flattening non-matched subcircuits subbyte2_write_driver_array subbyte2_write_driver_array

Flattening instances of subbyte2_write_driver_array in file subbyte2.spice
Flattening instances of subbyte2_write_driver_array in file subbyte2.sp

Contents of circuit 1:  Circuit: 'subbyte2_column_mux_array'
Circuit subbyte2_column_mux_array contains 32 device instances.
  Class: subbyte2_column_mux   instances:  32
Circuit contains 85 nets.
Contents of circuit 2:  Circuit: 'subbyte2_column_mux_array'
Circuit subbyte2_column_mux_array contains 32 device instances.
  Class: subbyte2_column_mux   instances:  32
Circuit contains 85 nets.

Circuit 1 contains 32 devices, Circuit 2 contains 32 devices.
Circuit 1 contains 85 nets,    Circuit 2 contains 85 nets.


Contents of circuit 1:  Circuit: 'subbyte2_and2_dec_0'
Circuit subbyte2_and2_dec_0 contains 2 device instances.
  Class: subbyte2_pinv_dec_0   instances:   1
  Class: sky130_fd_bd_sram__openram_dp_nand2_dec instances:   1
Circuit contains 7 nets.
Contents of circuit 2:  Circuit: 'subbyte2_and2_dec_0'
Circuit subbyte2_and2_dec_0 contains 2 device instances.
  Class: subbyte2_pinv_dec_0   instances:   1
  Class: sky130_fd_bd_sram__openram_dp_nand2_dec instances:   1
Circuit contains 6 nets.

Circuit 1 contains 2 devices, Circuit 2 contains 2 devices.
Circuit 1 contains 7 nets,    Circuit 2 contains 6 nets. *** MISMATCH ***

  Flattening non-matched subcircuits subbyte2_and2_dec_0 subbyte2_and2_dec_0

Flattening instances of subbyte2_and2_dec_0 in file subbyte2.spice
Flattening instances of subbyte2_and2_dec_0 in file subbyte2.sp

Contents of circuit 1:  Circuit: 'subbyte2_hierarchical_decoder'
Circuit subbyte2_hierarchical_decoder contains 158 device instances.
  Class: sky130_fd_bd_sram__openram_dp_nand3_dec instances:  64
  Class: sky130_fd_bd_sram__openram_dp_nand2_dec instances:  12
  Class: subbyte2_pinv_dec     instances:  82
Circuit contains 176 nets.
Contents of circuit 2:  Circuit: 'subbyte2_hierarchical_decoder'
Circuit subbyte2_hierarchical_decoder contains 158 device instances.
  Class: sky130_fd_bd_sram__openram_dp_nand3_dec instances:  64
  Class: sky130_fd_bd_sram__openram_dp_nand2_dec instances:  12
  Class: subbyte2_pinv_dec     instances:  82
Circuit contains 166 nets.

Circuit 1 contains 158 devices, Circuit 2 contains 158 devices.
Circuit 1 contains 176 nets,    Circuit 2 contains 166 nets. *** MISMATCH ***

  Flattening non-matched subcircuits subbyte2_hierarchical_decoder subbyte2_hierarchical_decoder

Flattening instances of subbyte2_hierarchical_decoder in file subbyte2.spice
Flattening instances of subbyte2_hierarchical_decoder in file subbyte2.sp

Contents of circuit 1:  Circuit: 'subbyte2_wordline_driver_array'
Circuit subbyte2_wordline_driver_array contains 128 device instances.
  Class: subbyte2_pinv_dec_0   instances:  64
  Class: sky130_fd_bd_sram__openram_dp_nand2_dec instances:  64
Circuit contains 196 nets.
Contents of circuit 2:  Circuit: 'subbyte2_wordline_driver_array'
Circuit subbyte2_wordline_driver_array contains 128 device instances.
  Class: subbyte2_pinv_dec_0   instances:  64
  Class: sky130_fd_bd_sram__openram_dp_nand2_dec instances:  64
Circuit contains 195 nets.

Circuit 1 contains 128 devices, Circuit 2 contains 128 devices.
Circuit 1 contains 196 nets,    Circuit 2 contains 195 nets. *** MISMATCH ***

  Flattening non-matched subcircuits subbyte2_wordline_driver_array subbyte2_wordline_driver_array

Flattening instances of subbyte2_wordline_driver_array in file subbyte2.spice
Flattening instances of subbyte2_wordline_driver_array in file subbyte2.sp

Contents of circuit 1:  Circuit: 'subbyte2_hierarchical_predecode2x4_0'
Circuit subbyte2_hierarchical_predecode2x4_0 contains 6 device instances.
  Class: subbyte2_pand2        instances:   4
  Class: subbyte2_pinv_0       instances:   2
Circuit contains 11 nets.
Contents of circuit 2:  Circuit: 'subbyte2_hierarchical_predecode2x4_0'
Circuit subbyte2_hierarchical_predecode2x4_0 contains 6 device instances.
  Class: subbyte2_pand2        instances:   4
  Class: subbyte2_pinv_0       instances:   2
Circuit contains 10 nets.

Circuit 1 contains 6 devices, Circuit 2 contains 6 devices.
Circuit 1 contains 11 nets,    Circuit 2 contains 10 nets. *** MISMATCH ***

  Flattening non-matched subcircuits subbyte2_hierarchical_predecode2x4_0 subbyte2_hierarchical_predecode2x4_0

Flattening instances of subbyte2_hierarchical_predecode2x4_0 in file subbyte2.spice
Flattening instances of subbyte2_hierarchical_predecode2x4_0 in file subbyte2.sp

Contents of circuit 1:  Circuit: 'subbyte2_pnand2_0'
Circuit subbyte2_pnand2_0 contains 4 device instances.
  Class: sky130_fd_pr__nfet_01v8 instances:   2
  Class: sky130_fd_pr__pfet_01v8 instances:   2
Circuit contains 6 nets.
Contents of circuit 2:  Circuit: 'subbyte2_pnand2_0'
Circuit subbyte2_pnand2_0 contains 4 device instances.
  Class: sky130_fd_pr__nfet_01v8 instances:   2
  Class: sky130_fd_pr__pfet_01v8 instances:   2
Circuit contains 6 nets.

Circuit 1 contains 4 devices, Circuit 2 contains 4 devices.
Circuit 1 contains 6 nets,    Circuit 2 contains 6 nets.


Contents of circuit 1:  Circuit: 'subbyte2_pand2_0'
Circuit subbyte2_pand2_0 contains 5 device instances.
  Class: sky130_fd_pr__nfet_01v8 instances:   2
  Class: subbyte2_pdriver_0    instances:   1
  Class: sky130_fd_pr__pfet_01v8 instances:   2
Circuit contains 7 nets.
Contents of circuit 2:  Circuit: 'subbyte2_pand2_0'
Circuit subbyte2_pand2_0 contains 5 device instances.
  Class: sky130_fd_pr__nfet_01v8 instances:   2
  Class: subbyte2_pdriver_0    instances:   1
  Class: sky130_fd_pr__pfet_01v8 instances:   2
Circuit contains 7 nets.

Circuit 1 contains 5 devices, Circuit 2 contains 5 devices.
Circuit 1 contains 7 nets,    Circuit 2 contains 7 nets.


Contents of circuit 1:  Circuit: 'subbyte2_pdriver_2'
Circuit subbyte2_pdriver_2 contains 2 device instances.
  Class: subbyte2_pinv_9       instances:   1
  Class: subbyte2_pinv_10      instances:   1
Circuit contains 5 nets.
Contents of circuit 2:  Circuit: 'subbyte2_pdriver_2'
Circuit subbyte2_pdriver_2 contains 2 device instances.
  Class: subbyte2_pinv_9       instances:   1
  Class: subbyte2_pinv_10      instances:   1
Circuit contains 5 nets.

Circuit 1 contains 2 devices, Circuit 2 contains 2 devices.
Circuit 1 contains 5 nets,    Circuit 2 contains 5 nets.


Contents of circuit 1:  Circuit: 'subbyte2_delay_chain'
Circuit subbyte2_delay_chain contains 45 device instances.
  Class: subbyte2_pinv_13      instances:  45
Circuit contains 48 nets.
Contents of circuit 2:  Circuit: 'subbyte2_delay_chain'
Circuit subbyte2_delay_chain contains 45 device instances.
  Class: subbyte2_pinv_13      instances:  45
Circuit contains 48 nets.

Circuit 1 contains 45 devices, Circuit 2 contains 45 devices.
Circuit 1 contains 48 nets,    Circuit 2 contains 48 nets.


Contents of circuit 1:  Circuit: 'subbyte2_pdriver_5'
Circuit subbyte2_pdriver_5 contains 4 device instances.
  Class: subbyte2_pinv_6       instances:   1
  Class: subbyte2_pinv_7       instances:   1
  Class: subbyte2_pinv         instances:   2
Circuit contains 7 nets.
Contents of circuit 2:  Circuit: 'subbyte2_pdriver_5'
Circuit subbyte2_pdriver_5 contains 4 device instances.
  Class: subbyte2_pinv_6       instances:   1
  Class: subbyte2_pinv_7       instances:   1
  Class: subbyte2_pinv         instances:   2
Circuit contains 7 nets.

Circuit 1 contains 4 devices, Circuit 2 contains 4 devices.
Circuit 1 contains 7 nets,    Circuit 2 contains 7 nets.


Contents of circuit 1:  Circuit: 'subbyte2_pdriver_1'
Circuit subbyte2_pdriver_1 contains 6 device instances.
  Class: subbyte2_pinv_6       instances:   1
  Class: subbyte2_pinv_7       instances:   1
  Class: subbyte2_pinv_8       instances:   1
  Class: subbyte2_pinv         instances:   3
Circuit contains 9 nets.
Contents of circuit 2:  Circuit: 'subbyte2_pdriver_1'
Circuit subbyte2_pdriver_1 contains 6 device instances.
  Class: subbyte2_pinv_6       instances:   1
  Class: subbyte2_pinv_7       instances:   1
  Class: subbyte2_pinv_8       instances:   1
  Class: subbyte2_pinv         instances:   3
Circuit contains 9 nets.

Circuit 1 contains 6 devices, Circuit 2 contains 6 devices.
Circuit 1 contains 9 nets,    Circuit 2 contains 9 nets.


Contents of circuit 1:  Circuit: 'subbyte2_pand3_0'
Circuit subbyte2_pand3_0 contains 7 device instances.
  Class: sky130_fd_pr__nfet_01v8 instances:   3
  Class: subbyte2_pdriver_4    instances:   1
  Class: sky130_fd_pr__pfet_01v8 instances:   3
Circuit contains 9 nets.
Contents of circuit 2:  Circuit: 'subbyte2_pand3_0'
Circuit subbyte2_pand3_0 contains 7 device instances.
  Class: sky130_fd_pr__nfet_01v8 instances:   3
  Class: subbyte2_pdriver_4    instances:   1
  Class: sky130_fd_pr__pfet_01v8 instances:   3
Circuit contains 9 nets.

Circuit 1 contains 7 devices, Circuit 2 contains 7 devices.
Circuit 1 contains 9 nets,    Circuit 2 contains 9 nets.


Contents of circuit 1:  Circuit: 'subbyte2_dff_buf_array'
Circuit subbyte2_dff_buf_array contains 1 device instances.
  Class: subbyte2_dff_buf_0    instances:   1
Circuit contains 6 nets.
Contents of circuit 2:  Circuit: 'subbyte2_dff_buf_array'
Circuit subbyte2_dff_buf_array contains 1 device instances.
  Class: subbyte2_dff_buf_0    instances:   1
Circuit contains 6 nets.

Circuit 1 contains 1 devices, Circuit 2 contains 1 devices.
Circuit 1 contains 6 nets,    Circuit 2 contains 6 nets.


Contents of circuit 1:  Circuit: 'subbyte2_pand3'
Circuit subbyte2_pand3 contains 7 device instances.
  Class: sky130_fd_pr__nfet_01v8 instances:   3
  Class: subbyte2_pdriver_3    instances:   1
  Class: sky130_fd_pr__pfet_01v8 instances:   3
Circuit contains 9 nets.
Contents of circuit 2:  Circuit: 'subbyte2_pand3'
Circuit subbyte2_pand3 contains 7 device instances.
  Class: sky130_fd_pr__nfet_01v8 instances:   3
  Class: subbyte2_pdriver_3    instances:   1
  Class: sky130_fd_pr__pfet_01v8 instances:   3
Circuit contains 9 nets.

Circuit 1 contains 7 devices, Circuit 2 contains 7 devices.
Circuit 1 contains 9 nets,    Circuit 2 contains 9 nets.


Contents of circuit 1:  Circuit: 'subbyte2_capped_replica_bitcell_array'
Circuit subbyte2_capped_replica_bitcell_array contains 21058 device instances.
  Class: sky130_fd_pr__special_pfet_pass instances: 8192
  Class: sky130_fd_pr__special_nfet_latch instances: 12864
  Class: subbyte2_replica_column_0 instances:   1
  Class: subbyte2_replica_column instances:   1
Circuit contains 4620 nets.
Contents of circuit 2:  Circuit: 'subbyte2_capped_replica_bitcell_array'
Circuit subbyte2_capped_replica_bitcell_array contains 21058 device instances.
  Class: sky130_fd_pr__special_pfet_pass instances: 8192
  Class: sky130_fd_pr__special_nfet_latch instances: 12864
  Class: subbyte2_replica_column_0 instances:   1
  Class: subbyte2_replica_column instances:   1
Circuit contains 4620 nets.

Circuit 1 contains 21058 devices, Circuit 2 contains 21058 devices.
Circuit 1 contains 4620 nets,    Circuit 2 contains 4620 nets.


Contents of circuit 1:  Circuit: 'subbyte2_port_data_0'
Circuit subbyte2_port_data_0 contains 74 device instances.
  Class: sky130_fd_pr__nfet_01v8 instances:  32
  Class: subbyte2_precharge_array_0 instances:   1
  Class: subbyte2_column_mux_array_0 instances:   1
  Class: sky130_fd_pr__pfet_01v8 instances:  40
Circuit contains 124 nets.
Contents of circuit 2:  Circuit: 'subbyte2_port_data_0'
Circuit subbyte2_port_data_0 contains 74 device instances.
  Class: sky130_fd_pr__nfet_01v8 instances:  32
  Class: subbyte2_precharge_array_0 instances:   1
  Class: subbyte2_column_mux_array_0 instances:   1
  Class: sky130_fd_pr__pfet_01v8 instances:  40
Circuit contains 122 nets.

Circuit 1 contains 74 devices, Circuit 2 contains 74 devices.
Circuit 1 contains 124 nets,    Circuit 2 contains 122 nets. *** MISMATCH ***

  Flattening non-matched subcircuits subbyte2_port_data_0 subbyte2_port_data_0

Flattening instances of subbyte2_port_data_0 in file subbyte2.spice
Flattening instances of subbyte2_port_data_0 in file subbyte2.sp

Contents of circuit 1:  Circuit: 'subbyte2_port_data'
Circuit subbyte2_port_data contains 130 device instances.
  Class: sky130_fd_pr__nfet_01v8 instances:  72
  Class: sky130_fd_pr__pfet_01v8 instances:  56
  Class: subbyte2_precharge_array instances:   1
  Class: subbyte2_column_mux_array instances:   1
Circuit contains 156 nets.
Contents of circuit 2:  Circuit: 'subbyte2_port_data'
Circuit subbyte2_port_data contains 130 device instances.
  Class: sky130_fd_pr__nfet_01v8 instances:  72
  Class: sky130_fd_pr__pfet_01v8 instances:  56
  Class: subbyte2_precharge_array instances:   1
  Class: subbyte2_column_mux_array instances:   1
Circuit contains 154 nets.

Circuit 1 contains 130 devices, Circuit 2 contains 130 devices.
Circuit 1 contains 156 nets,    Circuit 2 contains 154 nets. *** MISMATCH ***

  Flattening non-matched subcircuits subbyte2_port_data subbyte2_port_data

Flattening instances of subbyte2_port_data in file subbyte2.spice
Flattening instances of subbyte2_port_data in file subbyte2.sp

Contents of circuit 1:  Circuit: 'subbyte2_port_address'
Circuit subbyte2_port_address contains 288 device instances.
  Class: subbyte2_pinv_dec_0   instances:  65
  Class: sky130_fd_bd_sram__openram_dp_nand3_dec instances:  64
  Class: sky130_fd_bd_sram__openram_dp_nand2_dec instances:  77
  Class: subbyte2_pinv_dec     instances:  82
Circuit contains 310 nets.
Contents of circuit 2:  Circuit: 'subbyte2_port_address'
Circuit subbyte2_port_address contains 288 device instances.
  Class: subbyte2_pinv_dec_0   instances:  65
  Class: sky130_fd_bd_sram__openram_dp_nand3_dec instances:  64
  Class: sky130_fd_bd_sram__openram_dp_nand2_dec instances:  77
  Class: subbyte2_pinv_dec     instances:  82
Circuit contains 297 nets.

Circuit 1 contains 288 devices, Circuit 2 contains 288 devices.
Circuit 1 contains 310 nets,    Circuit 2 contains 297 nets. *** MISMATCH ***

  Flattening non-matched subcircuits subbyte2_port_address subbyte2_port_address

Flattening instances of subbyte2_port_address in file subbyte2.spice
Flattening instances of subbyte2_port_address in file subbyte2.sp

Contents of circuit 1:  Circuit: 'subbyte2_port_address_0'
Circuit subbyte2_port_address_0 contains 288 device instances.
  Class: subbyte2_pinv_dec_0   instances:  65
  Class: sky130_fd_bd_sram__openram_dp_nand3_dec instances:  64
  Class: sky130_fd_bd_sram__openram_dp_nand2_dec instances:  77
  Class: subbyte2_pinv_dec     instances:  82
Circuit contains 310 nets.
Contents of circuit 2:  Circuit: 'subbyte2_port_address_0'
Circuit subbyte2_port_address_0 contains 288 device instances.
  Class: subbyte2_pinv_dec_0   instances:  65
  Class: sky130_fd_bd_sram__openram_dp_nand3_dec instances:  64
  Class: sky130_fd_bd_sram__openram_dp_nand2_dec instances:  77
  Class: subbyte2_pinv_dec     instances:  82
Circuit contains 297 nets.

Circuit 1 contains 288 devices, Circuit 2 contains 288 devices.
Circuit 1 contains 310 nets,    Circuit 2 contains 297 nets. *** MISMATCH ***

  Flattening non-matched subcircuits subbyte2_port_address_0 subbyte2_port_address_0

Flattening instances of subbyte2_port_address_0 in file subbyte2.spice
Flattening instances of subbyte2_port_address_0 in file subbyte2.sp

Contents of circuit 1:  Circuit: 'subbyte2_column_decoder'
Circuit subbyte2_column_decoder contains 6 device instances.
  Class: subbyte2_pand2        instances:   4
  Class: subbyte2_pinv_0       instances:   2
Circuit contains 10 nets.
Contents of circuit 2:  Circuit: 'subbyte2_column_decoder'
Circuit subbyte2_column_decoder contains 6 device instances.
  Class: subbyte2_pand2        instances:   4
  Class: subbyte2_pinv_0       instances:   2
Circuit contains 10 nets.

Circuit 1 contains 6 devices, Circuit 2 contains 6 devices.
Circuit 1 contains 10 nets,    Circuit 2 contains 10 nets.


Contents of circuit 1:  Circuit: 'subbyte2_control_logic_r'
Circuit subbyte2_control_logic_r contains 10 device instances.
  Class: subbyte2_pand2_0      instances:   2
  Class: subbyte2_delay_chain  instances:   1
  Class: subbyte2_dff_buf_array instances:   1
  Class: subbyte2_pinv_0       instances:   1
  Class: subbyte2_pdriver_1    instances:   1
  Class: subbyte2_pdriver_2    instances:   1
  Class: subbyte2_pdriver_5    instances:   1
  Class: subbyte2_pand3_0      instances:   1
  Class: subbyte2_pnand2_0     instances:   1
Circuit contains 18 nets.
Contents of circuit 2:  Circuit: 'subbyte2_control_logic_r'
Circuit subbyte2_control_logic_r contains 10 device instances.
  Class: subbyte2_pand2_0      instances:   2
  Class: subbyte2_delay_chain  instances:   1
  Class: subbyte2_dff_buf_array instances:   1
  Class: subbyte2_pinv_0       instances:   1
  Class: subbyte2_pdriver_1    instances:   1
  Class: subbyte2_pdriver_2    instances:   1
  Class: subbyte2_pdriver_5    instances:   1
  Class: subbyte2_pand3_0      instances:   1
  Class: subbyte2_pnand2_0     instances:   1
Circuit contains 16 nets.

Circuit 1 contains 10 devices, Circuit 2 contains 10 devices.
Circuit 1 contains 18 nets,    Circuit 2 contains 16 nets. *** MISMATCH ***

  Flattening non-matched subcircuits subbyte2_control_logic_r subbyte2_control_logic_r

Flattening instances of subbyte2_control_logic_r in file subbyte2.spice
Flattening instances of subbyte2_control_logic_r in file subbyte2.sp

Contents of circuit 1:  Circuit: 'subbyte2_control_logic_w'
Circuit subbyte2_control_logic_w contains 11 device instances.
  Class: subbyte2_pand2_0      instances:   2
  Class: subbyte2_delay_chain  instances:   1
  Class: subbyte2_pand3        instances:   1
  Class: subbyte2_dff_buf_array instances:   1
  Class: subbyte2_pinv_0       instances:   2
  Class: subbyte2_pdriver_1    instances:   1
  Class: subbyte2_pdriver_2    instances:   1
  Class: subbyte2_pdriver_5    instances:   1
  Class: subbyte2_pnand2_0     instances:   1
Circuit contains 19 nets.
Contents of circuit 2:  Circuit: 'subbyte2_control_logic_w'
Circuit subbyte2_control_logic_w contains 11 device instances.
  Class: subbyte2_pand2_0      instances:   2
  Class: subbyte2_delay_chain  instances:   1
  Class: subbyte2_pand3        instances:   1
  Class: subbyte2_dff_buf_array instances:   1
  Class: subbyte2_pinv_0       instances:   2
  Class: subbyte2_pdriver_1    instances:   1
  Class: subbyte2_pdriver_2    instances:   1
  Class: subbyte2_pdriver_5    instances:   1
  Class: subbyte2_pnand2_0     instances:   1
Circuit contains 17 nets.

Circuit 1 contains 11 devices, Circuit 2 contains 11 devices.
Circuit 1 contains 19 nets,    Circuit 2 contains 17 nets. *** MISMATCH ***

  Flattening non-matched subcircuits subbyte2_control_logic_w subbyte2_control_logic_w

Flattening instances of subbyte2_control_logic_w in file subbyte2.spice
Flattening instances of subbyte2_control_logic_w in file subbyte2.sp

Contents of circuit 1:  Circuit: 'subbyte2_bank'
Circuit subbyte2_bank contains 783 device instances.
  Class: sky130_fd_pr__nfet_01v8 instances: 104
  Class: subbyte2_precharge_array_0 instances:   1
  Class: subbyte2_pinv_dec_0   instances: 130
  Class: subbyte2_capped_replica_bitcell_array instances:   1
  Class: subbyte2_column_mux_array_0 instances:   1
  Class: sky130_fd_pr__pfet_01v8 instances:  96
  Class: subbyte2_precharge_array instances:   1
  Class: sky130_fd_bd_sram__openram_dp_nand3_dec instances: 128
  Class: sky130_fd_bd_sram__openram_dp_nand2_dec instances: 154
  Class: subbyte2_column_mux_array instances:   1
  Class: subbyte2_pinv_dec     instances: 164
  Class: subbyte2_column_decoder instances:   2
Circuit contains 908 nets.
Contents of circuit 2:  Circuit: 'subbyte2_bank'
Circuit subbyte2_bank contains 783 device instances.
  Class: sky130_fd_pr__nfet_01v8 instances: 104
  Class: subbyte2_precharge_array_0 instances:   1
  Class: subbyte2_pinv_dec_0   instances: 130
  Class: subbyte2_capped_replica_bitcell_array instances:   1
  Class: subbyte2_column_mux_array_0 instances:   1
  Class: sky130_fd_pr__pfet_01v8 instances:  96
  Class: subbyte2_precharge_array instances:   1
  Class: sky130_fd_bd_sram__openram_dp_nand3_dec instances: 128
  Class: sky130_fd_bd_sram__openram_dp_nand2_dec instances: 154
  Class: subbyte2_column_mux_array instances:   1
  Class: subbyte2_pinv_dec     instances: 164
  Class: subbyte2_column_decoder instances:   2
Circuit contains 872 nets.

Circuit 1 contains 783 devices, Circuit 2 contains 783 devices.
Circuit 1 contains 908 nets,    Circuit 2 contains 872 nets. *** MISMATCH ***

  Flattening non-matched subcircuits subbyte2_bank subbyte2_bank

Flattening instances of subbyte2_bank in file subbyte2.spice
Flattening instances of subbyte2_bank in file subbyte2.sp

Contents of circuit 1:  Circuit: 'subbyte2_col_addr_dff'
Circuit subbyte2_col_addr_dff contains 44 device instances.
  Class: sky130_fd_pr__nfet_01v8 instances:  22
  Class: sky130_fd_pr__pfet_01v8 instances:  22
Circuit contains 31 nets.
Contents of circuit 2:  Circuit: 'subbyte2_col_addr_dff'
Circuit subbyte2_col_addr_dff contains 44 device instances.
  Class: sky130_fd_pr__nfet_01v8 instances:  22
  Class: sky130_fd_pr__pfet_01v8 instances:  22
Circuit contains 33 nets.

Circuit 1 contains 44 devices, Circuit 2 contains 44 devices.
Circuit 1 contains 31 nets,    Circuit 2 contains 31 nets.


Contents of circuit 1:  Circuit: 'subbyte2_row_addr_dff'
Circuit subbyte2_row_addr_dff contains 132 device instances.
  Class: sky130_fd_pr__nfet_01v8 instances:  66
  Class: sky130_fd_pr__pfet_01v8 instances:  66
Circuit contains 87 nets.
Contents of circuit 2:  Circuit: 'subbyte2_row_addr_dff'
Circuit subbyte2_row_addr_dff contains 132 device instances.
  Class: sky130_fd_pr__nfet_01v8 instances:  66
  Class: sky130_fd_pr__pfet_01v8 instances:  66
Circuit contains 93 nets.

Circuit 1 contains 132 devices, Circuit 2 contains 132 devices.
Circuit 1 contains 87 nets,    Circuit 2 contains 87 nets.


Contents of circuit 1:  Circuit: 'subbyte2_data_dff'
Circuit subbyte2_data_dff contains 176 device instances.
  Class: sky130_fd_pr__nfet_01v8 instances:  88
  Class: sky130_fd_pr__pfet_01v8 instances:  88
Circuit contains 115 nets.
Contents of circuit 2:  Circuit: 'subbyte2_data_dff'
Circuit subbyte2_data_dff contains 176 device instances.
  Class: sky130_fd_pr__nfet_01v8 instances:  88
  Class: sky130_fd_pr__pfet_01v8 instances:  88
Circuit contains 123 nets.

Circuit 1 contains 176 devices, Circuit 2 contains 176 devices.
Circuit 1 contains 115 nets,    Circuit 2 contains 115 nets.


Contents of circuit 1:  Circuit: 'subbyte2'
Circuit subbyte2 contains 809 device instances.
  Class: subbyte2_pand2_0      instances:   4
  Class: sky130_fd_pr__nfet_01v8 instances: 104
  Class: subbyte2_data_dff     instances:   1
  Class: subbyte2_delay_chain  instances:   2
  Class: subbyte2_pand3        instances:   1
  Class: subbyte2_precharge_array_0 instances:   1
  Class: subbyte2_dff_buf_array instances:   2
  Class: subbyte2_pinv_dec_0   instances: 130
  Class: subbyte2_pinv_0       instances:   3
  Class: subbyte2_capped_replica_bitcell_array instances:   1
  Class: subbyte2_pdriver_1    instances:   2
  Class: subbyte2_pdriver_2    instances:   2
  Class: subbyte2_pdriver_5    instances:   2
  Class: subbyte2_column_mux_array_0 instances:   1
  Class: sky130_fd_pr__pfet_01v8 instances:  96
  Class: subbyte2_precharge_array instances:   1
  Class: subbyte2_col_addr_dff instances:   2
  Class: sky130_fd_bd_sram__openram_dp_nand3_dec instances: 128
  Class: sky130_fd_bd_sram__openram_dp_nand2_dec instances: 154
  Class: subbyte2_row_addr_dff instances:   2
  Class: subbyte2_pand3_0      instances:   1
  Class: subbyte2_column_mux_array instances:   1
  Class: subbyte2_pinv_dec     instances: 164
  Class: subbyte2_pnand2_0     instances:   2
  Class: subbyte2_column_decoder instances:   2
Circuit contains 917 nets.
Contents of circuit 2:  Circuit: 'subbyte2'
Circuit subbyte2 contains 809 device instances.
  Class: subbyte2_pand2_0      instances:   4
  Class: sky130_fd_pr__nfet_01v8 instances: 104
  Class: subbyte2_data_dff     instances:   1
  Class: subbyte2_delay_chain  instances:   2
  Class: subbyte2_pand3        instances:   1
  Class: subbyte2_precharge_array_0 instances:   1
  Class: subbyte2_dff_buf_array instances:   2
  Class: subbyte2_pinv_dec_0   instances: 130
  Class: subbyte2_pinv_0       instances:   3
  Class: subbyte2_capped_replica_bitcell_array instances:   1
  Class: subbyte2_pdriver_1    instances:   2
  Class: subbyte2_pdriver_2    instances:   2
  Class: subbyte2_pdriver_5    instances:   2
  Class: subbyte2_column_mux_array_0 instances:   1
  Class: sky130_fd_pr__pfet_01v8 instances:  96
  Class: subbyte2_precharge_array instances:   1
  Class: subbyte2_col_addr_dff instances:   2
  Class: sky130_fd_bd_sram__openram_dp_nand3_dec instances: 128
  Class: sky130_fd_bd_sram__openram_dp_nand2_dec instances: 154
  Class: subbyte2_row_addr_dff instances:   2
  Class: subbyte2_pand3_0      instances:   1
  Class: subbyte2_column_mux_array instances:   1
  Class: subbyte2_pinv_dec     instances: 164
  Class: subbyte2_pnand2_0     instances:   2
  Class: subbyte2_column_decoder instances:   2
Circuit contains 917 nets.

Circuit 1 contains 809 devices, Circuit 2 contains 809 devices.
Circuit 1 contains 917 nets,    Circuit 2 contains 917 nets.


Final result: 
Circuits match uniquely.
.
Logging to file "subbyte2.lvs.report" disabled
LVS Done.
Saturday 04 May 2024 03:34:27 AM IST: Finished (0) LVS using Netgen /home/shanmugam/OpenRAM/miniconda/bin/netgen
