Fri May 03 20:30:58 UTC 2024 - Executing "{openroad -exit -no_init -python /openlane/scripts/odbpy/lefutil.py get_metal_layers -o /openlane/designs/s_box_maker/runs/full_guide/tmp/layers.list /home/shanmugam/.volare/sky130A/libs.ref/sky130_fd_sc_hd/techlef/sky130_fd_sc_hd__nom.tlef}"

Fri May 03 20:30:58 UTC 2024 - Executing "{/openlane/scripts/mergeLef.py -o /openlane/designs/s_box_maker/runs/full_guide/tmp/merged.nom.lef -i /home/shanmugam/.volare/sky130A/libs.ref/sky130_fd_sc_hd/techlef/sky130_fd_sc_hd__nom.tlef {/home/shanmugam/.volare/sky130A/libs.ref/sky130_fd_sc_hd/lef/sky130_ef_sc_hd.lef /home/shanmugam/.volare/sky130A/libs.ref/sky130_fd_sc_hd/lef/sky130_fd_sc_hd.lef} |& tee /dev/null}"

Fri May 03 20:30:58 UTC 2024 - Executing "{/openlane/scripts/mergeLef.py -o /openlane/designs/s_box_maker/runs/full_guide/tmp/merged.min.lef -i /home/shanmugam/.volare/sky130A/libs.ref/sky130_fd_sc_hd/techlef/sky130_fd_sc_hd__min.tlef {/home/shanmugam/.volare/sky130A/libs.ref/sky130_fd_sc_hd/lef/sky130_ef_sc_hd.lef /home/shanmugam/.volare/sky130A/libs.ref/sky130_fd_sc_hd/lef/sky130_fd_sc_hd.lef} |& tee /dev/null}"

Fri May 03 20:30:58 UTC 2024 - Executing "{/openlane/scripts/mergeLef.py -o /openlane/designs/s_box_maker/runs/full_guide/tmp/merged.max.lef -i /home/shanmugam/.volare/sky130A/libs.ref/sky130_fd_sc_hd/techlef/sky130_fd_sc_hd__max.tlef {/home/shanmugam/.volare/sky130A/libs.ref/sky130_fd_sc_hd/lef/sky130_ef_sc_hd.lef /home/shanmugam/.volare/sky130A/libs.ref/sky130_fd_sc_hd/lef/sky130_fd_sc_hd.lef} |& tee /dev/null}"

Fri May 03 20:30:59 UTC 2024 - Executing "{python3 /openlane/scripts/mergeLib.py --output /openlane/designs/s_box_maker/runs/full_guide/tmp/synthesis/merged.lib --name sky130A_merged /home/shanmugam/.volare/sky130A/libs.ref/sky130_fd_sc_hd/lib/sky130_fd_sc_hd__tt_025C_1v80.lib}"

Fri May 03 20:30:59 UTC 2024 - Executing "{python3 /openlane/scripts/libtrim.py --cell-file /openlane/designs/s_box_maker/runs/full_guide/tmp/synthesis/trimmed.lib.exclude.list --output /openlane/designs/s_box_maker/runs/full_guide/tmp/synthesis/trimmed.lib /openlane/designs/s_box_maker/runs/full_guide/tmp/synthesis/merged.lib}"

Fri May 03 20:31:00 UTC 2024 - Executing "{python3 /openlane/scripts/libtrim.py --cell-file /openlane/designs/s_box_maker/runs/full_guide/tmp/cts/cts.lib.exclude.list --output /openlane/designs/s_box_maker/runs/full_guide/tmp/cts/cts.lib /home/shanmugam/.volare/sky130A/libs.ref/sky130_fd_sc_hd/lib/sky130_fd_sc_hd__tt_025C_1v80.lib}"

Fri May 03 20:31:00 UTC 2024 - Executing "{python3 /openlane/scripts/libtrim.py --cell-file /openlane/designs/s_box_maker/runs/full_guide/tmp/cts/cts-fastest.lib.exclude.list --output /openlane/designs/s_box_maker/runs/full_guide/tmp/cts/cts-fastest.lib /home/shanmugam/.volare/sky130A/libs.ref/sky130_fd_sc_hd/lib/sky130_fd_sc_hd__ff_n40C_1v95.lib}"

Fri May 03 20:31:02 UTC 2024 - Executing "{python3 /openlane/scripts/libtrim.py --cell-file /openlane/designs/s_box_maker/runs/full_guide/tmp/cts/cts-slowest.lib.exclude.list --output /openlane/designs/s_box_maker/runs/full_guide/tmp/cts/cts-slowest.lib /home/shanmugam/.volare/sky130A/libs.ref/sky130_fd_sc_hd/lib/sky130_fd_sc_hd__ss_100C_1v60.lib}"

Fri May 03 20:31:03 UTC 2024 - Executing "{python3 /openlane/scripts/new_tracks.py -i /home/shanmugam/.volare/sky130A/libs.tech/openlane/sky130_fd_sc_hd/tracks.info -o /openlane/designs/s_box_maker/runs/full_guide/tmp/routing/config.tracks}"

Fri May 03 20:31:03 UTC 2024 - Executing "{echo {OpenLane 2719508edbb579ab7317d1e0942b774d8d4aa214} > /openlane/designs/s_box_maker/runs/full_guide/OPENLANE_VERSION}"

Fri May 03 20:31:03 UTC 2024 - Executing "{yosys -c /openlane/scripts/yosys/blackbox.tcl}"

Fri May 03 20:31:04 UTC 2024 - Executing "{verilator -Wall --lint-only --Wno-DECLFILENAME --top-module s_box_maker /openlane/designs/s_box_maker/runs/full_guide/tmp/synthesis/blackbox/sky130_fd_sc_hd__blackbox.v /openlane/designs/s_box_maker/src/s_box_maker.v -Wno-fatal --relative-includes |& tee /openlane/designs/s_box_maker/runs/full_guide/logs/synthesis/linter.log /dev/null}"

Fri May 03 20:31:04 UTC 2024 - Executing "{sed -E {s/^([[:space:]]+)pg_pin(.*)/\1pin\2\n\1    direction : "inout";/g} /home/shanmugam/.volare/sky130A/libs.ref/sky130_fd_sc_hd/lib/sky130_fd_sc_hd__tt_025C_1v80.lib > /openlane/designs/s_box_maker/runs/full_guide/tmp/synthesis/1-sky130_fd_sc_hd__tt_025C_1v80.no_pg.lib}"

Fri May 03 20:31:04 UTC 2024 - Executing "{sed -E {s/^([[:space:]]+)pg_pin(.*)/\1pin\2\n\1    direction : "inout";/g} /openlane/designs/s_box_maker/runs/full_guide/tmp/synthesis/trimmed.lib > /openlane/designs/s_box_maker/runs/full_guide/tmp/synthesis/1-trimmed.no_pg.lib}"

Fri May 03 20:31:05 UTC 2024 - Executing "yosys -c /openlane/scripts/yosys/synth.tcl |& tee /dev/null /openlane/designs/s_box_maker/runs/full_guide/logs/synthesis/1-synthesis.log"

Fri May 03 20:31:05 UTC 2024 - Executing "{yosys -c /openlane/scripts/yosys/synth.tcl |& tee /dev/null /openlane/designs/s_box_maker/runs/full_guide/logs/synthesis/1-synthesis.log}"

Fri May 03 20:31:09 UTC 2024 - Executing "{sed -i.bak -e {s/\(set ::env(CURRENT_NETLIST)\).*/\1 \/openlane\/designs\/s_box_maker\/runs\/full_guide\/results\/synthesis\/s_box_maker.v/} /openlane/designs/s_box_maker/runs/full_guide/config.tcl}"

Fri May 03 20:31:09 UTC 2024 - Executing "{sed -i.bak /defparam/d /openlane/designs/s_box_maker/runs/full_guide/results/synthesis/s_box_maker.v}"

Fri May 03 20:31:10 UTC 2024 - Executing "sta -exit -no_init /openlane/scripts/openroad/sta/multi_corner.tcl |& tee /dev/null /openlane/designs/s_box_maker/runs/full_guide/logs/synthesis/2-sta.log"

Fri May 03 20:31:10 UTC 2024 - Executing "{sta -exit -no_init /openlane/scripts/openroad/sta/multi_corner.tcl |& tee /dev/null /openlane/designs/s_box_maker/runs/full_guide/logs/synthesis/2-sta.log}"

Fri May 03 20:31:11 UTC 2024 - Executing "openroad -exit /openlane/scripts/openroad/floorplan.tcl |& tee /dev/null /openlane/designs/s_box_maker/runs/full_guide/logs/floorplan/3-initial_fp.log"

Fri May 03 20:31:11 UTC 2024 - Executing "{openroad -exit /openlane/scripts/openroad/floorplan.tcl |& tee /dev/null /openlane/designs/s_box_maker/runs/full_guide/logs/floorplan/3-initial_fp.log}"

Fri May 03 20:31:12 UTC 2024 - Executing "{openroad -exit -no_init -python /openlane/scripts/odbpy/snap_to_grid.py --output /openlane/designs/s_box_maker/runs/full_guide/tmp/floorplan/3-minimized_pdn.txt --input-lef /openlane/designs/s_box_maker/runs/full_guide/tmp/merged.nom.lef 17.365 15.98 34.73 31.96}"

Fri May 03 20:31:13 UTC 2024 - Executing "{openroad -exit -no_init -python /openlane/scripts/odbpy/defutil.py extract_core_dims --output-data /openlane/designs/s_box_maker/runs/full_guide/tmp/dimensions.txt --input-lef /openlane/designs/s_box_maker/runs/full_guide/tmp/merged.nom.lef /openlane/designs/s_box_maker/runs/full_guide/tmp/floorplan/3-initial_fp.def}"

Fri May 03 20:31:13 UTC 2024 - Executing "openroad -exit /openlane/scripts/openroad/ioplacer.tcl |& tee /dev/null /openlane/designs/s_box_maker/runs/full_guide/logs/floorplan/4-io.log"

Fri May 03 20:31:13 UTC 2024 - Executing "{openroad -exit /openlane/scripts/openroad/ioplacer.tcl |& tee /dev/null /openlane/designs/s_box_maker/runs/full_guide/logs/floorplan/4-io.log}"

Fri May 03 20:31:14 UTC 2024 - Executing "openroad -exit /openlane/scripts/openroad/tapcell.tcl |& tee /dev/null /openlane/designs/s_box_maker/runs/full_guide/logs/floorplan/5-tap.log"

Fri May 03 20:31:14 UTC 2024 - Executing "{openroad -exit /openlane/scripts/openroad/tapcell.tcl |& tee /dev/null /openlane/designs/s_box_maker/runs/full_guide/logs/floorplan/5-tap.log}"

Fri May 03 20:31:16 UTC 2024 - Executing "openroad -exit /openlane/scripts/openroad/pdn.tcl |& tee /dev/null /openlane/designs/s_box_maker/runs/full_guide/logs/floorplan/6-pdn.log"

Fri May 03 20:31:16 UTC 2024 - Executing "{openroad -exit /openlane/scripts/openroad/pdn.tcl |& tee /dev/null /openlane/designs/s_box_maker/runs/full_guide/logs/floorplan/6-pdn.log}"

Fri May 03 20:31:17 UTC 2024 - Executing "openroad -exit /openlane/scripts/openroad/gpl.tcl |& tee /dev/null /openlane/designs/s_box_maker/runs/full_guide/logs/placement/6-global_skip_io.log"

Fri May 03 20:31:17 UTC 2024 - Executing "{openroad -exit /openlane/scripts/openroad/gpl.tcl |& tee /dev/null /openlane/designs/s_box_maker/runs/full_guide/logs/placement/6-global_skip_io.log}"

Fri May 03 20:31:18 UTC 2024 - Executing "{sed -i.bak -e {s/\(set ::env(CURRENT_NETLIST)\).*/\1 \/openlane\/designs\/s_box_maker\/runs\/full_guide\/tmp\/placement\/7-global_skip_io.nl.v/} /openlane/designs/s_box_maker/runs/full_guide/config.tcl}"

Fri May 03 20:31:19 UTC 2024 - Executing "openroad -exit /openlane/scripts/openroad/sta/multi_corner.tcl |& tee /dev/null /openlane/designs/s_box_maker/runs/full_guide/logs/placement/8-gpl_sta.log"

Fri May 03 20:31:19 UTC 2024 - Executing "{openroad -exit /openlane/scripts/openroad/sta/multi_corner.tcl |& tee /dev/null /openlane/designs/s_box_maker/runs/full_guide/logs/placement/8-gpl_sta.log}"

Fri May 03 20:31:20 UTC 2024 - Executing "openroad -exit /openlane/scripts/openroad/ioplacer.tcl |& tee /dev/null /openlane/designs/s_box_maker/runs/full_guide/logs/placement/9-io.log"

Fri May 03 20:31:20 UTC 2024 - Executing "{openroad -exit /openlane/scripts/openroad/ioplacer.tcl |& tee /dev/null /openlane/designs/s_box_maker/runs/full_guide/logs/placement/9-io.log}"

Fri May 03 20:31:21 UTC 2024 - Executing "openroad -exit /openlane/scripts/openroad/gpl.tcl |& tee /dev/null /openlane/designs/s_box_maker/runs/full_guide/logs/placement/9-global.log"

Fri May 03 20:31:21 UTC 2024 - Executing "{openroad -exit /openlane/scripts/openroad/gpl.tcl |& tee /dev/null /openlane/designs/s_box_maker/runs/full_guide/logs/placement/9-global.log}"

Fri May 03 20:31:22 UTC 2024 - Executing "{sed -i.bak -e {s/\(set ::env(CURRENT_NETLIST)\).*/\1 \/openlane\/designs\/s_box_maker\/runs\/full_guide\/tmp\/placement\/10-global.nl.v/} /openlane/designs/s_box_maker/runs/full_guide/config.tcl}"

Fri May 03 20:31:23 UTC 2024 - Executing "openroad -exit /openlane/scripts/openroad/sta/multi_corner.tcl |& tee /dev/null /openlane/designs/s_box_maker/runs/full_guide/logs/placement/11-gpl_sta.log"

Fri May 03 20:31:23 UTC 2024 - Executing "{openroad -exit /openlane/scripts/openroad/sta/multi_corner.tcl |& tee /dev/null /openlane/designs/s_box_maker/runs/full_guide/logs/placement/11-gpl_sta.log}"

Fri May 03 20:31:24 UTC 2024 - Executing "openroad -exit /openlane/scripts/openroad/resizer.tcl |& tee /dev/null /openlane/designs/s_box_maker/runs/full_guide/logs/placement/12-resizer.log"

Fri May 03 20:31:24 UTC 2024 - Executing "{openroad -exit /openlane/scripts/openroad/resizer.tcl |& tee /dev/null /openlane/designs/s_box_maker/runs/full_guide/logs/placement/12-resizer.log}"

Fri May 03 20:31:28 UTC 2024 - Executing "{sed -i.bak -e {s/\(set ::env(CURRENT_NETLIST)\).*/\1 \/openlane\/designs\/s_box_maker\/runs\/full_guide\/tmp\/placement\/12-resizer.nl.v/} /openlane/designs/s_box_maker/runs/full_guide/config.tcl}"

Fri May 03 20:31:28 UTC 2024 - Executing "openroad -exit /openlane/scripts/openroad/dpl.tcl |& tee /dev/null /openlane/designs/s_box_maker/runs/full_guide/logs/placement/13-detailed.log"

Fri May 03 20:31:28 UTC 2024 - Executing "{openroad -exit /openlane/scripts/openroad/dpl.tcl |& tee /dev/null /openlane/designs/s_box_maker/runs/full_guide/logs/placement/13-detailed.log}"

Fri May 03 20:31:29 UTC 2024 - Executing "{sed -i.bak -e {s/\(set ::env(CURRENT_NETLIST)\).*/\1 \/openlane\/designs\/s_box_maker\/runs\/full_guide\/results\/placement\/s_box_maker.nl.v/} /openlane/designs/s_box_maker/runs/full_guide/config.tcl}"

Fri May 03 20:31:30 UTC 2024 - Executing "openroad -exit /openlane/scripts/openroad/sta/multi_corner.tcl |& tee /dev/null /openlane/designs/s_box_maker/runs/full_guide/logs/placement/14-dpl_sta.log"

Fri May 03 20:31:30 UTC 2024 - Executing "{openroad -exit /openlane/scripts/openroad/sta/multi_corner.tcl |& tee /dev/null /openlane/designs/s_box_maker/runs/full_guide/logs/placement/14-dpl_sta.log}"

Fri May 03 20:31:31 UTC 2024 - Executing "openroad -exit /openlane/scripts/openroad/cts.tcl |& tee /dev/null /openlane/designs/s_box_maker/runs/full_guide/logs/cts/15-cts.log"

Fri May 03 20:31:31 UTC 2024 - Executing "{openroad -exit /openlane/scripts/openroad/cts.tcl |& tee /dev/null /openlane/designs/s_box_maker/runs/full_guide/logs/cts/15-cts.log}"

Fri May 03 20:31:43 UTC 2024 - Executing "openroad -exit /openlane/scripts/openroad/sta/multi_corner.tcl |& tee /dev/null /openlane/designs/s_box_maker/runs/full_guide/logs/cts/16-cts_sta.log"

Fri May 03 20:31:43 UTC 2024 - Executing "{openroad -exit /openlane/scripts/openroad/sta/multi_corner.tcl |& tee /dev/null /openlane/designs/s_box_maker/runs/full_guide/logs/cts/16-cts_sta.log}"

Fri May 03 20:31:44 UTC 2024 - Executing "openroad -exit /openlane/scripts/openroad/resizer_timing.tcl |& tee /dev/null /openlane/designs/s_box_maker/runs/full_guide/logs/cts/17-resizer.log"

Fri May 03 20:31:44 UTC 2024 - Executing "{openroad -exit /openlane/scripts/openroad/resizer_timing.tcl |& tee /dev/null /openlane/designs/s_box_maker/runs/full_guide/logs/cts/17-resizer.log}"

Fri May 03 20:31:47 UTC 2024 - Executing "{sed -i.bak -e {s/\(set ::env(CURRENT_NETLIST)\).*/\1 \/openlane\/designs\/s_box_maker\/runs\/full_guide\/tmp\/cts\/17-s_box_maker.resized.nl.v/} /openlane/designs/s_box_maker/runs/full_guide/config.tcl}"

Fri May 03 20:31:48 UTC 2024 - Executing "openroad -exit /openlane/scripts/openroad/resizer_routing_design.tcl |& tee /dev/null /openlane/designs/s_box_maker/runs/full_guide/logs/routing/18-resizer_design.log"

Fri May 03 20:31:48 UTC 2024 - Executing "{openroad -exit /openlane/scripts/openroad/resizer_routing_design.tcl |& tee /dev/null /openlane/designs/s_box_maker/runs/full_guide/logs/routing/18-resizer_design.log}"

Fri May 03 20:31:52 UTC 2024 - Executing "{sed -i.bak -e {s/\(set ::env(CURRENT_NETLIST)\).*/\1 \/openlane\/designs\/s_box_maker\/runs\/full_guide\/tmp\/18-s_box_maker.nl.v/} /openlane/designs/s_box_maker/runs/full_guide/config.tcl}"

Fri May 03 20:31:52 UTC 2024 - Executing "openroad -exit /openlane/scripts/openroad/sta/multi_corner.tcl |& tee /dev/null /openlane/designs/s_box_maker/runs/full_guide/logs/routing/19-rsz_design_sta.log"

Fri May 03 20:31:52 UTC 2024 - Executing "{openroad -exit /openlane/scripts/openroad/sta/multi_corner.tcl |& tee /dev/null /openlane/designs/s_box_maker/runs/full_guide/logs/routing/19-rsz_design_sta.log}"

Fri May 03 20:31:54 UTC 2024 - Executing "openroad -exit /openlane/scripts/openroad/resizer_routing_timing.tcl |& tee /dev/null /openlane/designs/s_box_maker/runs/full_guide/logs/routing/20-resizer_timing.log"

Fri May 03 20:31:54 UTC 2024 - Executing "{openroad -exit /openlane/scripts/openroad/resizer_routing_timing.tcl |& tee /dev/null /openlane/designs/s_box_maker/runs/full_guide/logs/routing/20-resizer_timing.log}"

Fri May 03 20:31:58 UTC 2024 - Executing "{sed -i.bak -e {s/\(set ::env(CURRENT_NETLIST)\).*/\1 \/openlane\/designs\/s_box_maker\/runs\/full_guide\/tmp\/20-s_box_maker.nl.v/} /openlane/designs/s_box_maker/runs/full_guide/config.tcl}"

Fri May 03 20:31:59 UTC 2024 - Executing "openroad -exit /openlane/scripts/openroad/sta/multi_corner.tcl |& tee /dev/null /openlane/designs/s_box_maker/runs/full_guide/logs/routing/21-rsz_timing_sta.log"

Fri May 03 20:31:59 UTC 2024 - Executing "{openroad -exit /openlane/scripts/openroad/sta/multi_corner.tcl |& tee /dev/null /openlane/designs/s_box_maker/runs/full_guide/logs/routing/21-rsz_timing_sta.log}"

Fri May 03 20:32:00 UTC 2024 - Executing "openroad -exit /openlane/scripts/openroad/repair_antennas.tcl |& tee /dev/null /openlane/designs/s_box_maker/runs/full_guide/logs/routing/22-global.log"

Fri May 03 20:32:00 UTC 2024 - Executing "{openroad -exit /openlane/scripts/openroad/repair_antennas.tcl |& tee /dev/null /openlane/designs/s_box_maker/runs/full_guide/logs/routing/22-global.log}"

Fri May 03 20:32:02 UTC 2024 - Executing "openroad -exit /openlane/scripts/openroad/write_views.tcl |& tee /dev/null /openlane/designs/s_box_maker/runs/full_guide/logs/routing/22-global_write_netlist.log"

Fri May 03 20:32:02 UTC 2024 - Executing "{openroad -exit /openlane/scripts/openroad/write_views.tcl |& tee /dev/null /openlane/designs/s_box_maker/runs/full_guide/logs/routing/22-global_write_netlist.log}"

Fri May 03 20:32:02 UTC 2024 - Executing "{sed -i.bak -e {s/\(set ::env(CURRENT_NETLIST)\).*/\1 \/openlane\/designs\/s_box_maker\/runs\/full_guide\/tmp\/routing\/global.nl.v/} /openlane/designs/s_box_maker/runs/full_guide/config.tcl}"

Fri May 03 20:32:03 UTC 2024 - Executing "openroad -exit /openlane/scripts/openroad/sta/multi_corner.tcl |& tee /dev/null /openlane/designs/s_box_maker/runs/full_guide/logs/routing/24-grt_sta.log"

Fri May 03 20:32:03 UTC 2024 - Executing "{openroad -exit /openlane/scripts/openroad/sta/multi_corner.tcl |& tee /dev/null /openlane/designs/s_box_maker/runs/full_guide/logs/routing/24-grt_sta.log}"

Fri May 03 20:32:04 UTC 2024 - Executing "openroad -exit /openlane/scripts/openroad/fill.tcl |& tee /dev/null /openlane/designs/s_box_maker/runs/full_guide/logs/routing/25-fill.log"

Fri May 03 20:32:04 UTC 2024 - Executing "{openroad -exit /openlane/scripts/openroad/fill.tcl |& tee /dev/null /openlane/designs/s_box_maker/runs/full_guide/logs/routing/25-fill.log}"

Fri May 03 20:32:05 UTC 2024 - Executing "{sed -i.bak -e {s/\(set ::env(CURRENT_NETLIST)\).*/\1 \/openlane\/designs\/s_box_maker\/runs\/full_guide\/tmp\/routing\/25-fill.nl.v/} /openlane/designs/s_box_maker/runs/full_guide/config.tcl}"

Fri May 03 20:32:06 UTC 2024 - Executing "openroad -exit -metrics /openlane/designs/s_box_maker/runs/full_guide/reports/routing/26-drt_metrics.json /openlane/scripts/openroad/droute.tcl |& tee /dev/null /openlane/designs/s_box_maker/runs/full_guide/logs/routing/26-detailed.log"

Fri May 03 20:32:06 UTC 2024 - Executing "{openroad -exit -metrics /openlane/designs/s_box_maker/runs/full_guide/reports/routing/26-drt_metrics.json /openlane/scripts/openroad/droute.tcl |& tee /dev/null /openlane/designs/s_box_maker/runs/full_guide/logs/routing/26-detailed.log}"

Fri May 03 20:40:09 UTC 2024 - Executing "{sed -i.bak -e {s/\(set ::env(CURRENT_NETLIST)\).*/\1 \/openlane\/designs\/s_box_maker\/runs\/full_guide\/results\/routing\/s_box_maker.nl.v/} /openlane/designs/s_box_maker/runs/full_guide/config.tcl}"

Fri May 03 20:40:09 UTC 2024 - Executing "{python3 /openlane/scripts/drc_rosetta.py tr to_klayout -o /openlane/designs/s_box_maker/runs/full_guide/reports/routing/drt.klayout.xml --design-name s_box_maker /openlane/designs/s_box_maker/runs/full_guide/reports/routing/drt.drc}"

Fri May 03 20:40:10 UTC 2024 - Executing "{openroad -exit -no_init -python /openlane/scripts/odbpy/wire_lengths.py --report-out /openlane/designs/s_box_maker/runs/full_guide/reports/routing/27-wire_lengths.csv --input-lef /openlane/designs/s_box_maker/runs/full_guide/tmp/merged.nom.lef --output-def /dev/null --output /openlane/designs/s_box_maker/runs/full_guide/results/routing/s_box_maker.odb /openlane/designs/s_box_maker/runs/full_guide/results/routing/s_box_maker.odb |& tee /dev/null /openlane/designs/s_box_maker/runs/full_guide/logs/routing/27-wire_lengths.log}"

Fri May 03 20:40:11 UTC 2024 - Executing "openroad -exit /openlane/scripts/openroad/rcx.tcl |& tee /dev/null /openlane/designs/s_box_maker/runs/full_guide/logs/signoff/28-parasitics_extraction.min.log"

Fri May 03 20:40:11 UTC 2024 - Executing "{openroad -exit /openlane/scripts/openroad/rcx.tcl |& tee /dev/null /openlane/designs/s_box_maker/runs/full_guide/logs/signoff/28-parasitics_extraction.min.log}"

Fri May 03 20:40:12 UTC 2024 - Executing "sta -exit -no_init /openlane/scripts/openroad/sta/multi_corner.tcl |& tee /dev/null /openlane/designs/s_box_maker/runs/full_guide/logs/signoff/29-rcx_mcsta.min.log"

Fri May 03 20:40:12 UTC 2024 - Executing "{sta -exit -no_init /openlane/scripts/openroad/sta/multi_corner.tcl |& tee /dev/null /openlane/designs/s_box_maker/runs/full_guide/logs/signoff/29-rcx_mcsta.min.log}"

Fri May 03 20:40:17 UTC 2024 - Executing "openroad -exit /openlane/scripts/openroad/rcx.tcl |& tee /dev/null /openlane/designs/s_box_maker/runs/full_guide/logs/signoff/30-parasitics_extraction.max.log"

Fri May 03 20:40:17 UTC 2024 - Executing "{openroad -exit /openlane/scripts/openroad/rcx.tcl |& tee /dev/null /openlane/designs/s_box_maker/runs/full_guide/logs/signoff/30-parasitics_extraction.max.log}"

Fri May 03 20:40:18 UTC 2024 - Executing "sta -exit -no_init /openlane/scripts/openroad/sta/multi_corner.tcl |& tee /dev/null /openlane/designs/s_box_maker/runs/full_guide/logs/signoff/31-rcx_mcsta.max.log"

Fri May 03 20:40:18 UTC 2024 - Executing "{sta -exit -no_init /openlane/scripts/openroad/sta/multi_corner.tcl |& tee /dev/null /openlane/designs/s_box_maker/runs/full_guide/logs/signoff/31-rcx_mcsta.max.log}"

Fri May 03 20:40:23 UTC 2024 - Executing "openroad -exit /openlane/scripts/openroad/rcx.tcl |& tee /dev/null /openlane/designs/s_box_maker/runs/full_guide/logs/signoff/32-parasitics_extraction.nom.log"

Fri May 03 20:40:23 UTC 2024 - Executing "{openroad -exit /openlane/scripts/openroad/rcx.tcl |& tee /dev/null /openlane/designs/s_box_maker/runs/full_guide/logs/signoff/32-parasitics_extraction.nom.log}"

Fri May 03 20:40:24 UTC 2024 - Executing "sta -exit -no_init /openlane/scripts/openroad/sta/multi_corner.tcl |& tee /dev/null /openlane/designs/s_box_maker/runs/full_guide/logs/signoff/33-rcx_mcsta.nom.log"

Fri May 03 20:40:24 UTC 2024 - Executing "{sta -exit -no_init /openlane/scripts/openroad/sta/multi_corner.tcl |& tee /dev/null /openlane/designs/s_box_maker/runs/full_guide/logs/signoff/33-rcx_mcsta.nom.log}"

Fri May 03 20:40:29 UTC 2024 - Executing "openroad -exit /openlane/scripts/openroad/irdrop.tcl |& tee /dev/null /openlane/designs/s_box_maker/runs/full_guide/logs/signoff/34-irdrop.log"

Fri May 03 20:40:29 UTC 2024 - Executing "{openroad -exit /openlane/scripts/openroad/irdrop.tcl |& tee /dev/null /openlane/designs/s_box_maker/runs/full_guide/logs/signoff/34-irdrop.log}"

Fri May 03 20:40:31 UTC 2024 - Executing "magic -noconsole -dnull -rcfile /home/shanmugam/.volare/sky130A/libs.tech/magic/sky130A.magicrc < /openlane/scripts/magic/wrapper.tcl |& tee /dev/null /openlane/designs/s_box_maker/runs/full_guide/logs/signoff/35-gdsii.log"

Fri May 03 20:40:31 UTC 2024 - Executing "{magic -noconsole -dnull -rcfile /home/shanmugam/.volare/sky130A/libs.tech/magic/sky130A.magicrc < /openlane/scripts/magic/wrapper.tcl |& tee /dev/null /openlane/designs/s_box_maker/runs/full_guide/logs/signoff/35-gdsii.log}"

Fri May 03 20:40:33 UTC 2024 - Executing "magic -noconsole -dnull -rcfile /home/shanmugam/.volare/sky130A/libs.tech/magic/sky130A.magicrc < /openlane/scripts/magic/wrapper.tcl |& tee /dev/null /openlane/designs/s_box_maker/runs/full_guide/logs/signoff/35-gds_ptrs.log"

Fri May 03 20:40:33 UTC 2024 - Executing "{magic -noconsole -dnull -rcfile /home/shanmugam/.volare/sky130A/libs.tech/magic/sky130A.magicrc < /openlane/scripts/magic/wrapper.tcl |& tee /dev/null /openlane/designs/s_box_maker/runs/full_guide/logs/signoff/35-gds_ptrs.log}"

Fri May 03 20:40:34 UTC 2024 - Executing "{sed -i.bak -n {/^<< properties >>/,/^<< end >>/p} /openlane/designs/s_box_maker/runs/full_guide/tmp/signoff/gds_ptrs.mag}"

Fri May 03 20:40:35 UTC 2024 - Executing "magic -noconsole -dnull -rcfile /home/shanmugam/.volare/sky130A/libs.tech/magic/sky130A.magicrc < /openlane/scripts/magic/wrapper.tcl |& tee /dev/null /openlane/designs/s_box_maker/runs/full_guide/logs/signoff/35-lef.log"

Fri May 03 20:40:35 UTC 2024 - Executing "{magic -noconsole -dnull -rcfile /home/shanmugam/.volare/sky130A/libs.tech/magic/sky130A.magicrc < /openlane/scripts/magic/wrapper.tcl |& tee /dev/null /openlane/designs/s_box_maker/runs/full_guide/logs/signoff/35-lef.log}"

Fri May 03 20:40:36 UTC 2024 - Executing "magic -noconsole -dnull -rcfile /home/shanmugam/.volare/sky130A/libs.tech/magic/sky130A.magicrc < /openlane/scripts/magic/wrapper.tcl |& tee /dev/null /openlane/designs/s_box_maker/runs/full_guide/logs/signoff/35-maglef.log"

Fri May 03 20:40:36 UTC 2024 - Executing "{magic -noconsole -dnull -rcfile /home/shanmugam/.volare/sky130A/libs.tech/magic/sky130A.magicrc < /openlane/scripts/magic/wrapper.tcl |& tee /dev/null /openlane/designs/s_box_maker/runs/full_guide/logs/signoff/35-maglef.log}"

Fri May 03 20:40:37 UTC 2024 - Executing "{python3 /openlane/scripts/klayout/stream_out.py --output /openlane/designs/s_box_maker/runs/full_guide/results/signoff/s_box_maker.klayout.gds --lyt /home/shanmugam/.volare/sky130A/libs.tech/klayout/tech/sky130A.lyt --lym /home/shanmugam/.volare/sky130A/libs.tech/klayout/tech/sky130A.map --lyp /home/shanmugam/.volare/sky130A/libs.tech/klayout/tech/sky130A.lyp --top s_box_maker --with-gds-file /home/shanmugam/.volare/sky130A/libs.ref/sky130_fd_sc_hd/gds/sky130_fd_sc_hd.gds --input-lef /openlane/designs/s_box_maker/runs/full_guide/tmp/merged.nom.lef /openlane/designs/s_box_maker/runs/full_guide/results/routing/s_box_maker.def |& tee /dev/null /openlane/designs/s_box_maker/runs/full_guide/logs/signoff/36-gdsii-klayout.log}"

Fri May 03 20:40:38 UTC 2024 - Executing "{klayout -b -r /openlane/scripts/klayout/xor.drc -rd a=/openlane/designs/s_box_maker/runs/full_guide/results/signoff/s_box_maker.gds -rd b=/openlane/designs/s_box_maker/runs/full_guide/results/signoff/s_box_maker.klayout.gds -rd jobs=1 -rd rdb_out=/openlane/designs/s_box_maker/runs/full_guide/reports/signoff/37-xor.xml -rd ignore=81/14 -rd rpt_out=/openlane/designs/s_box_maker/runs/full_guide/reports/signoff/37-xor.rpt |& tee /dev/null /openlane/designs/s_box_maker/runs/full_guide/logs/signoff/37-xor.log}"

Fri May 03 20:40:41 UTC 2024 - Executing "magic -noconsole -dnull -rcfile /home/shanmugam/.volare/sky130A/libs.tech/magic/sky130A.magicrc < /openlane/scripts/magic/wrapper.tcl |& tee /dev/null /openlane/designs/s_box_maker/runs/full_guide/logs/signoff/38-spice.log"

Fri May 03 20:40:41 UTC 2024 - Executing "{magic -noconsole -dnull -rcfile /home/shanmugam/.volare/sky130A/libs.tech/magic/sky130A.magicrc < /openlane/scripts/magic/wrapper.tcl |& tee /dev/null /openlane/designs/s_box_maker/runs/full_guide/logs/signoff/38-spice.log}"

Fri May 03 20:40:45 UTC 2024 - Executing "{openroad -exit -no_init -python /openlane/scripts/odbpy/power_utils.py write_powered_def --output /openlane/designs/s_box_maker/runs/full_guide/tmp/signoff/38-s_box_maker.p.def --input-lef /openlane/designs/s_box_maker/runs/full_guide/tmp/merged.nom.lef --power-port VPWR --ground-port VGND --powered-netlist {} /openlane/designs/s_box_maker/runs/full_guide/results/routing/s_box_maker.def |& tee /dev/null /openlane/designs/s_box_maker/runs/full_guide/logs/signoff/39-write_powered_def.log}"

Fri May 03 20:40:46 UTC 2024 - Executing "openroad -exit /openlane/scripts/openroad/write_views.tcl |& tee /dev/null /openlane/designs/s_box_maker/runs/full_guide/logs/signoff/39-write_powered_verilog.log"

Fri May 03 20:40:46 UTC 2024 - Executing "{openroad -exit /openlane/scripts/openroad/write_views.tcl |& tee /dev/null /openlane/designs/s_box_maker/runs/full_guide/logs/signoff/39-write_powered_verilog.log}"

Fri May 03 20:40:47 UTC 2024 - Executing "{sed -i.bak -e {s/\(set ::env(CURRENT_NETLIST)\).*/\1 \/openlane\/designs\/s_box_maker\/runs\/full_guide\/tmp\/signoff\/38-s_box_maker.nl.v/} /openlane/designs/s_box_maker/runs/full_guide/config.tcl}"

Fri May 03 20:40:47 UTC 2024 - Executing "{netgen -batch source /openlane/designs/s_box_maker/runs/full_guide/tmp/signoff/41-setup_file.lef.lvs |& tee /dev/null /openlane/designs/s_box_maker/runs/full_guide/logs/signoff/41-lvs.lef.log}"

Fri May 03 20:40:48 UTC 2024 - Executing "magic -noconsole -dnull -rcfile /home/shanmugam/.volare/sky130A/libs.tech/magic/sky130A.magicrc < /openlane/scripts/magic/wrapper.tcl |& tee /dev/null /openlane/designs/s_box_maker/runs/full_guide/logs/signoff/42-drc.log"

Fri May 03 20:40:48 UTC 2024 - Executing "{magic -noconsole -dnull -rcfile /home/shanmugam/.volare/sky130A/libs.tech/magic/sky130A.magicrc < /openlane/scripts/magic/wrapper.tcl |& tee /dev/null /openlane/designs/s_box_maker/runs/full_guide/logs/signoff/42-drc.log}"

Fri May 03 20:40:55 UTC 2024 - Executing "{python3 /openlane/scripts/drc_rosetta.py magic to_tcl -o /openlane/designs/s_box_maker/runs/full_guide/reports/signoff/drc.tcl /openlane/designs/s_box_maker/runs/full_guide/reports/signoff/drc.rpt}"

Fri May 03 20:40:55 UTC 2024 - Executing "{python3 /openlane/scripts/drc_rosetta.py magic to_tr -o /openlane/designs/s_box_maker/runs/full_guide/reports/signoff/drc.tr /openlane/designs/s_box_maker/runs/full_guide/reports/signoff/drc.rpt}"

Fri May 03 20:40:55 UTC 2024 - Executing "{python3 /openlane/scripts/drc_rosetta.py tr to_klayout -o /openlane/designs/s_box_maker/runs/full_guide/reports/signoff/drc.klayout.xml --design-name s_box_maker /openlane/designs/s_box_maker/runs/full_guide/reports/signoff/drc.tr}"

Fri May 03 20:40:56 UTC 2024 - Executing "{python3 /openlane/scripts/drc_rosetta.py magic to_rdb -o /openlane/designs/s_box_maker/runs/full_guide/reports/signoff/drc.rdb /openlane/designs/s_box_maker/runs/full_guide/reports/signoff/drc.rpt}"

Fri May 03 20:40:56 UTC 2024 - Executing "{klayout -b -zz -r /home/shanmugam/.volare/sky130A/libs.tech/klayout/drc/sky130A_mr.drc -rd topcell=s_box_maker -rd input=/openlane/designs/s_box_maker/runs/full_guide/results/signoff/s_box_maker.gds -rd report=/openlane/designs/s_box_maker/runs/full_guide/reports/signoff/violations.xml -rd feol=true -rd beol=true -rd floating_metal=false -rd seal=true -rd thread=1 |& tee /dev/null /openlane/designs/s_box_maker/runs/full_guide/logs/signoff/43-drc-klayout.log}"

Fri May 03 20:41:05 UTC 2024 - Executing "{python3 /openlane/scripts/klayout/xml_drc_report_to_json.py --xml-file /openlane/designs/s_box_maker/runs/full_guide/reports/signoff/violations.xml --json-file /openlane/designs/s_box_maker/runs/full_guide/reports/signoff/violations.json}"

Fri May 03 20:41:06 UTC 2024 - Executing "openroad -exit /openlane/scripts/openroad/antenna_check.tcl |& tee /dev/null /openlane/designs/s_box_maker/runs/full_guide/logs/signoff/44-arc.log"

Fri May 03 20:41:06 UTC 2024 - Executing "{openroad -exit /openlane/scripts/openroad/antenna_check.tcl |& tee /dev/null /openlane/designs/s_box_maker/runs/full_guide/logs/signoff/44-arc.log}"

Fri May 03 20:41:07 UTC 2024 - Executing "{python3 /openlane/scripts/extract_antenna_violators.py --output /openlane/designs/s_box_maker/runs/full_guide/reports/signoff/44-antenna_violators.rpt --plain-out /openlane/designs/s_box_maker/runs/full_guide/reports/signoff/44-antenna_violators_pins.txt /openlane/designs/s_box_maker/runs/full_guide/logs/signoff/44-arc.log}"

Fri May 03 20:41:07 UTC 2024 - Executing "{python3 /openlane/scripts/write_runtime.py --conclude --seconds --time-in 1714768867 {flow completed}}"

Fri May 03 20:41:08 UTC 2024 - Executing "{python3 /openlane/scripts/generate_reports.py -d /openlane/designs/s_box_maker --design_name s_box_maker --tag full_guide --output_file /openlane/designs/s_box_maker/runs/full_guide/reports/metrics.csv --man_report /openlane/designs/s_box_maker/runs/full_guide/reports/manufacturability.rpt --run_path /openlane/designs/s_box_maker/runs/full_guide}"

