[2024-05-04 02:58:25.671624] [openram.globals/init_openram]: Initializing OpenRAM...
[2024-05-04 02:58:25.672137] [openram.globals/setup_paths]: OpenRAM source code found in /home/shanmugam/OpenRAM/compiler
[2024-05-04 02:58:25.672423] [openram.globals/setup_paths]: Temporary files saved in /home/shanmugam/OpenRAM/macros/subbyte2/tmp/
[2024-05-04 02:58:25.672813] [openram.globals/read_config]: Configuration file is /home/shanmugam/OpenRAM/macros/sram_configs/subbyte2.py
[2024-05-04 02:58:25.674119] [openram.globals/read_config]: Output saved in /home/shanmugam/OpenRAM/macros/subbyte2/
[2024-05-04 02:58:25.674474] [openram.globals/install_conda]: Creating conda setup...
[2024-05-04 02:58:25.679839] [openram.globals/import_tech]: Tech directory found in /home/shanmugam/OpenRAM/technology:/home/shanmugam/.local/lib/python3.10/site-packages/openram/technology
[2024-05-04 02:58:25.680279] [openram.globals/import_tech]: Adding technology path: /home/shanmugam/OpenRAM/technology
[2024-05-04 02:58:25.680566] [openram.globals/import_tech]: Adding technology path: /home/shanmugam/.local/lib/python3.10/site-packages/openram/technology
[2024-05-04 02:58:25.686790] [openram.globals/init_paths]: Creating temp directory: /home/shanmugam/OpenRAM/macros/subbyte2/tmp/
[2024-05-04 02:58:25.851872] [openram.globals/setup_bitcell]: Using bitcell: bitcell_2port
[2024-05-04 02:58:26.679763] [openram.characterizer/<module>]: Initializing characterizer...
[2024-05-04 02:58:26.704042] [openram.characterizer/<module>]: Analytical model enabled.
[2024-05-04 02:58:26.727752] [openram.verify/<module>]: Initializing verify...
[2024-05-04 02:58:26.753264] [openram.verify/<module>]: Finding DRC/LVS/PEX tools.
[2024-05-04 02:58:26.790295] [openram.globals/get_tool]: Using DRC: /home/shanmugam/OpenRAM/miniconda/bin/magic
[2024-05-04 02:58:26.818873] [openram.globals/get_tool]: Using LVS: /home/shanmugam/OpenRAM/miniconda/bin/netgen
[2024-05-04 02:58:26.838917] [openram.globals/get_tool]: Using PEX: /home/shanmugam/OpenRAM/miniconda/bin/magic
[2024-05-04 02:58:26.840316] [openram.globals/setup_bitcell]: Using bitcell: bitcell_2port
[2024-05-04 02:58:26.840419] |==============================================================================|
[2024-05-04 02:58:26.840506] |=========                      OpenRAM v1.2.48                       =========|
[2024-05-04 02:58:26.840578] |=========                                                            =========|
[2024-05-04 02:58:26.840654] |=========               VLSI Design and Automation Lab               =========|
[2024-05-04 02:58:26.840728] |=========        Computer Science and Engineering Department         =========|
[2024-05-04 02:58:26.840804] |=========            University of California Santa Cruz             =========|
[2024-05-04 02:58:26.840882] |=========                                                            =========|
[2024-05-04 02:58:26.840964] |=========          Usage help: openram-user-group@ucsc.edu           =========|
[2024-05-04 02:58:26.841086] |=========        Development help: openram-dev-group@ucsc.edu        =========|
[2024-05-04 02:58:26.841165] |=========                See LICENSE for license info                =========|
[2024-05-04 02:58:26.841232] |==============================================================================|
[2024-05-04 02:58:26.841316] ** Start: 05/04/2024 02:58:26
[2024-05-04 02:58:26.841390] Technology: sky130
[2024-05-04 02:58:26.841462] Total size: 2048 bits
[2024-05-04 02:58:26.841535] Word size: 8
Words: 256
Banks: 1
[2024-05-04 02:58:26.841607] RW ports: 0
R-only ports: 1
W-only ports: 1
[2024-05-04 02:58:26.841676] DRC/LVS/PEX is only run on the top-level design to save run-time (inline_lvsdrc=True to do inline checking).
[2024-05-04 02:58:26.841743] Characterization is disabled (using analytical delay models) (analytical_delay=False to simulate).
[2024-05-04 02:58:26.841811] Only generating nominal corner timing.
[2024-05-04 02:58:26.841882] Words per row: None
[2024-05-04 02:58:26.841962] Output files are: 
[2024-05-04 02:58:26.842032] /home/shanmugam/OpenRAM/macros/subbyte2/subbyte2.lvs
[2024-05-04 02:58:26.842131] /home/shanmugam/OpenRAM/macros/subbyte2/subbyte2.sp
[2024-05-04 02:58:26.842201] /home/shanmugam/OpenRAM/macros/subbyte2/subbyte2.v
[2024-05-04 02:58:26.842267] /home/shanmugam/OpenRAM/macros/subbyte2/subbyte2.lib
[2024-05-04 02:58:26.842332] /home/shanmugam/OpenRAM/macros/subbyte2/subbyte2.py
[2024-05-04 02:58:26.842398] /home/shanmugam/OpenRAM/macros/subbyte2/subbyte2.html
[2024-05-04 02:58:26.842463] /home/shanmugam/OpenRAM/macros/subbyte2/subbyte2.log
[2024-05-04 02:58:26.842530] /home/shanmugam/OpenRAM/macros/subbyte2/subbyte2.lef
[2024-05-04 02:58:26.842596] /home/shanmugam/OpenRAM/macros/subbyte2/subbyte2.gds
[2024-05-04 02:58:26.894844] [openram.sram_config/recompute_sizes]: Recomputing with words per row: 4
[2024-05-04 02:58:26.895285] [openram.sram_config/recompute_sizes]: Rows: 64 Cols: 32
[2024-05-04 02:58:26.895634] [openram.sram_config/recompute_sizes]: Row addr size: 6 Col addr size: 2 Bank addr size: 8
[2024-05-04 02:58:26.895934] [openram.sram_config/compute_sizes]: Set SRAM Words Per Row=4
[2024-05-04 02:58:26.923520] [openram.modules.bitcell_base_array/__init__]: Creating subbyte2_capped_replica_bitcell_array 64 x 32
[2024-05-04 02:58:26.924237] [openram.modules.capped_replica_bitcell_array/__init__]: Creating subbyte2_capped_replica_bitcell_array 64 x 32 rbls: [1, 1] left_rbl: [0] right_rbl: [1]
[2024-05-04 02:58:26.925780] [openram.modules.bitcell_base_array/__init__]: Creating subbyte2_replica_bitcell_array 64 x 32
[2024-05-04 02:58:26.926535] [openram.modules.replica_bitcell_array/__init__]: Creating subbyte2_replica_bitcell_array 64 x 32 rbls: [1, 1] left_rbl: [0] right_rbl: [1]
[2024-05-04 02:58:26.927929] [openram.modules.bitcell_base_array/__init__]: Creating subbyte2_bitcell_array 64 x 32
[2024-05-04 02:58:26.928831] [openram.modules.bitcell_array/__init__]: Creating subbyte2_bitcell_array 64 x 32
[2024-05-04 02:58:31.969116] [openram.modules.bitcell_base_array/__init__]: Creating subbyte2_replica_column 66 x 1
[2024-05-04 02:58:32.234554] [openram.modules.bitcell_base_array/__init__]: Creating subbyte2_replica_column_0 66 x 1
[2024-05-04 02:58:32.332283] [openram.modules.bitcell_base_array/__init__]: Creating subbyte2_dummy_array 1 x 32
[2024-05-04 02:58:33.126356] [openram.modules.bitcell_base_array/__init__]: Creating subbyte2_col_cap_array 1 x 34
[2024-05-04 02:58:33.162373] [openram.modules.bitcell_base_array/__init__]: Creating subbyte2_col_cap_array_0 1 x 34
[2024-05-04 02:58:33.194519] [openram.modules.bitcell_base_array/__init__]: Creating subbyte2_row_cap_array 66 x 1
[2024-05-04 02:58:33.245069] [openram.modules.bitcell_base_array/__init__]: Creating subbyte2_row_cap_array_0 66 x 1
[2024-05-04 02:58:33.577238] [openram.modules.and2_dec/__init__]: Creating and2_dec and2_dec
[2024-05-04 02:58:33.638276] [openram.modules.and3_dec/__init__]: Creating and3_dec and3_dec
[2024-05-04 02:58:33.700391] [openram.modules.and4_dec/__init__]: Creating and4_dec and4_dec
[2024-05-04 02:58:34.194294] [openram.modules.wordline_driver_array/__init__]: Creating subbyte2_wordline_driver_array
[2024-05-04 02:58:34.196079] [openram.modules.wordline_driver/__init__]: Creating wordline_driver wordline_driver
[2024-05-04 02:58:34.398445] [openram.modules.and2_dec/__init__]: Creating and2_dec and2_dec_0
[2024-05-04 02:58:34.545137] [openram.modules.precharge_array/__init__]: Creating subbyte2_precharge_array
[2024-05-04 02:58:34.606425] [openram.modules.column_mux_array/__init__]: Creating subbyte2_column_mux_array
[2024-05-04 02:58:34.727879] [openram.modules.write_driver_array/__init__]: Creating subbyte2_write_driver_array
[2024-05-04 02:58:34.859131] [openram.modules.precharge_array/__init__]: Creating subbyte2_precharge_array_0
[2024-05-04 02:58:34.924931] [openram.modules.sense_amp_array/__init__]: Creating subbyte2_sense_amp_array
[2024-05-04 02:58:35.124058] [openram.modules.column_mux_array/__init__]: Creating subbyte2_column_mux_array_0
[2024-05-04 02:58:35.292740] [openram.modules.pand2/__init__]: Creating pand2 pand2
[2024-05-04 02:58:35.305775] [openram.modules.pdriver/__init__]: creating pdriver pdriver
[2024-05-04 02:58:35.554773] [openram.modules.dff_array/__init__]: Creating subbyte2_row_addr_dff rows=6 cols=1
[2024-05-04 02:58:35.568736] [openram.modules.dff_array/__init__]: Creating subbyte2_col_addr_dff rows=1 cols=2
[2024-05-04 02:58:35.575164] [openram.modules.dff_array/__init__]: Creating subbyte2_data_dff rows=1 cols=8
[2024-05-04 02:58:35.587712] [openram.modules.control_logic_base/__init__]: Creating control_logic_w
[2024-05-04 02:58:35.589678] [openram.modules.dff_buf/__init__]: Creating subbyte2_dff_buf
[2024-05-04 02:58:35.611128] [openram.modules.dff_buf_array/__init__]: Creating subbyte2_dff_buf_array
[2024-05-04 02:58:35.612264] [openram.modules.dff_buf/__init__]: Creating subbyte2_dff_buf_0
[2024-05-04 02:58:35.619779] [openram.modules.pand2/__init__]: Creating pand2 pand2_0
[2024-05-04 02:58:35.621216] [openram.modules.pdriver/__init__]: creating pdriver pdriver_0
[2024-05-04 02:58:35.638497] [openram.modules.pbuf/__init__]: creating pbuf with size of 32
[2024-05-04 02:58:35.672596] [openram.modules.pdriver/__init__]: creating pdriver pdriver_1
[2024-05-04 02:58:35.699695] [openram.modules.pdriver/__init__]: creating pdriver pdriver_2
[2024-05-04 02:58:35.729351] [openram.modules.pand3/__init__]: Creating pand3 pand3
[2024-05-04 02:58:35.737492] [openram.modules.pdriver/__init__]: creating pdriver pdriver_3
[2024-05-04 02:58:35.756240] [openram.modules.pand3/__init__]: Creating pand3 pand3_0
[2024-05-04 02:58:35.757672] [openram.modules.pdriver/__init__]: creating pdriver pdriver_4
[2024-05-04 02:58:35.766075] [openram.modules.pdriver/__init__]: creating pdriver pdriver_5
[2024-05-04 02:58:35.778545] [openram.modules.delay_chain/__init__]: creating delay chain [4, 4, 4, 4, 4, 4, 4, 4, 4]
[2024-05-04 02:58:35.872875] [openram.modules.control_logic_base/__init__]: Creating control_logic_r
[2024-05-04 02:58:35.910247] ** Submodules: 9.0 seconds
[2024-05-04 02:58:35.929351] ** Placement: 0.0 seconds
[2024-05-04 02:59:31.608918] [openram.base.hierarchy_layout/get_bbox]: Size: 324.14000000000004 x 248.73000000000002 with perimeter margin 0
[2024-05-04 02:59:31.736344] [openram.router.router_tech/__init__]: Minimum track width: 0.680
[2024-05-04 02:59:31.736902] [openram.router.router_tech/__init__]: Minimum track space: 0.300
[2024-05-04 02:59:31.737354] [openram.router.router_tech/__init__]: Minimum track wire width: 0.380
[2024-05-04 02:59:31.737828] [openram.router.signal_escape_router/route]: Running signal escape router...
[2024-05-04 03:01:30.499859] [openram.router.router_tech/__init__]: Minimum track width: 0.680
[2024-05-04 03:01:30.500424] [openram.router.router_tech/__init__]: Minimum track space: 0.300
[2024-05-04 03:01:30.500912] [openram.router.router_tech/__init__]: Minimum track wire width: 0.380
[2024-05-04 03:01:30.501399] [openram.router.supply_router/route]: Running router for vdd and gnd...
[2024-05-04 03:09:34.850420] ** Routing: 658.9 seconds
[2024-05-04 03:10:05.525448] [openram.verify.run_script/run_script]: Still running /home/shanmugam/OpenRAM/macros/subbyte2/tmp/run_ext.sh (30 seconds)
[2024-05-04 03:10:35.557079] [openram.verify.run_script/run_script]: Still running /home/shanmugam/OpenRAM/macros/subbyte2/tmp/run_ext.sh (60 seconds)
[2024-05-04 03:11:05.587354] [openram.verify.run_script/run_script]: Still running /home/shanmugam/OpenRAM/macros/subbyte2/tmp/run_ext.sh (90 seconds)
[2024-05-04 03:11:35.618676] [openram.verify.run_script/run_script]: Still running /home/shanmugam/OpenRAM/macros/subbyte2/tmp/run_ext.sh (120 seconds)
[2024-05-04 03:12:05.651107] [openram.verify.run_script/run_script]: Still running /home/shanmugam/OpenRAM/macros/subbyte2/tmp/run_ext.sh (150 seconds)
[2024-05-04 03:12:35.683537] [openram.verify.run_script/run_script]: Still running /home/shanmugam/OpenRAM/macros/subbyte2/tmp/run_ext.sh (180 seconds)
[2024-05-04 03:13:05.717486] [openram.verify.run_script/run_script]: Still running /home/shanmugam/OpenRAM/macros/subbyte2/tmp/run_ext.sh (210 seconds)
[2024-05-04 03:13:35.749479] [openram.verify.run_script/run_script]: Still running /home/shanmugam/OpenRAM/macros/subbyte2/tmp/run_ext.sh (240 seconds)
[2024-05-04 03:14:05.781833] [openram.verify.run_script/run_script]: Still running /home/shanmugam/OpenRAM/macros/subbyte2/tmp/run_ext.sh (270 seconds)
[2024-05-04 03:14:35.815351] [openram.verify.run_script/run_script]: Still running /home/shanmugam/OpenRAM/macros/subbyte2/tmp/run_ext.sh (300 seconds)
[2024-05-04 03:15:05.846749] [openram.verify.run_script/run_script]: Still running /home/shanmugam/OpenRAM/macros/subbyte2/tmp/run_ext.sh (330 seconds)
[2024-05-04 03:15:35.879482] [openram.verify.run_script/run_script]: Still running /home/shanmugam/OpenRAM/macros/subbyte2/tmp/run_ext.sh (360 seconds)
[2024-05-04 03:16:05.911620] [openram.verify.run_script/run_script]: Still running /home/shanmugam/OpenRAM/macros/subbyte2/tmp/run_ext.sh (390 seconds)
[2024-05-04 03:16:35.944262] [openram.verify.run_script/run_script]: Still running /home/shanmugam/OpenRAM/macros/subbyte2/tmp/run_ext.sh (421 seconds)
[2024-05-04 03:17:05.976788] [openram.verify.run_script/run_script]: Still running /home/shanmugam/OpenRAM/macros/subbyte2/tmp/run_ext.sh (451 seconds)
[2024-05-04 03:17:36.009928] [openram.verify.run_script/run_script]: Still running /home/shanmugam/OpenRAM/macros/subbyte2/tmp/run_ext.sh (481 seconds)
[2024-05-04 03:18:06.041881] [openram.verify.run_script/run_script]: Still running /home/shanmugam/OpenRAM/macros/subbyte2/tmp/run_ext.sh (511 seconds)
[2024-05-04 03:18:36.071422] [openram.verify.run_script/run_script]: Still running /home/shanmugam/OpenRAM/macros/subbyte2/tmp/run_ext.sh (541 seconds)
[2024-05-04 03:19:06.104043] [openram.verify.run_script/run_script]: Still running /home/shanmugam/OpenRAM/macros/subbyte2/tmp/run_ext.sh (571 seconds)
[2024-05-04 03:19:36.136739] [openram.verify.run_script/run_script]: Still running /home/shanmugam/OpenRAM/macros/subbyte2/tmp/run_ext.sh (601 seconds)
[2024-05-04 03:20:06.168966] [openram.verify.run_script/run_script]: Still running /home/shanmugam/OpenRAM/macros/subbyte2/tmp/run_ext.sh (631 seconds)
[2024-05-04 03:20:36.198705] [openram.verify.run_script/run_script]: Still running /home/shanmugam/OpenRAM/macros/subbyte2/tmp/run_ext.sh (661 seconds)
[2024-05-04 03:21:06.230971] [openram.verify.run_script/run_script]: Still running /home/shanmugam/OpenRAM/macros/subbyte2/tmp/run_ext.sh (691 seconds)
[2024-05-04 03:21:36.263341] [openram.verify.run_script/run_script]: Still running /home/shanmugam/OpenRAM/macros/subbyte2/tmp/run_ext.sh (721 seconds)
[2024-05-04 03:22:06.295032] [openram.verify.run_script/run_script]: Still running /home/shanmugam/OpenRAM/macros/subbyte2/tmp/run_ext.sh (751 seconds)
[2024-05-04 03:22:36.326886] [openram.verify.run_script/run_script]: Still running /home/shanmugam/OpenRAM/macros/subbyte2/tmp/run_ext.sh (781 seconds)
[2024-05-04 03:23:06.358788] [openram.verify.run_script/run_script]: Still running /home/shanmugam/OpenRAM/macros/subbyte2/tmp/run_ext.sh (811 seconds)
[2024-05-04 03:23:36.390375] [openram.verify.run_script/run_script]: Still running /home/shanmugam/OpenRAM/macros/subbyte2/tmp/run_ext.sh (841 seconds)
[2024-05-04 03:24:06.422585] [openram.verify.run_script/run_script]: Still running /home/shanmugam/OpenRAM/macros/subbyte2/tmp/run_ext.sh (871 seconds)
[2024-05-04 03:24:36.453546] [openram.verify.run_script/run_script]: Still running /home/shanmugam/OpenRAM/macros/subbyte2/tmp/run_ext.sh (901 seconds)
[2024-05-04 03:25:06.486135] [openram.verify.run_script/run_script]: Still running /home/shanmugam/OpenRAM/macros/subbyte2/tmp/run_ext.sh (931 seconds)
[2024-05-04 03:25:36.518581] [openram.verify.run_script/run_script]: Still running /home/shanmugam/OpenRAM/macros/subbyte2/tmp/run_ext.sh (961 seconds)
[2024-05-04 03:26:06.549498] [openram.verify.run_script/run_script]: Still running /home/shanmugam/OpenRAM/macros/subbyte2/tmp/run_ext.sh (991 seconds)
[2024-05-04 03:26:36.582953] [openram.verify.run_script/run_script]: Still running /home/shanmugam/OpenRAM/macros/subbyte2/tmp/run_ext.sh (1021 seconds)
[2024-05-04 03:27:06.615819] [openram.verify.run_script/run_script]: Still running /home/shanmugam/OpenRAM/macros/subbyte2/tmp/run_ext.sh (1051 seconds)
[2024-05-04 03:27:36.646579] [openram.verify.run_script/run_script]: Still running /home/shanmugam/OpenRAM/macros/subbyte2/tmp/run_ext.sh (1081 seconds)
[2024-05-04 03:28:06.678583] [openram.verify.run_script/run_script]: Still running /home/shanmugam/OpenRAM/macros/subbyte2/tmp/run_ext.sh (1111 seconds)
[2024-05-04 03:28:36.709471] [openram.verify.run_script/run_script]: Still running /home/shanmugam/OpenRAM/macros/subbyte2/tmp/run_ext.sh (1141 seconds)
[2024-05-04 03:29:06.741703] [openram.verify.run_script/run_script]: Still running /home/shanmugam/OpenRAM/macros/subbyte2/tmp/run_ext.sh (1171 seconds)
[2024-05-04 03:29:36.772522] [openram.verify.run_script/run_script]: Still running /home/shanmugam/OpenRAM/macros/subbyte2/tmp/run_ext.sh (1201 seconds)
[2024-05-04 03:30:06.805589] [openram.verify.run_script/run_script]: Still running /home/shanmugam/OpenRAM/macros/subbyte2/tmp/run_ext.sh (1231 seconds)
[2024-05-04 03:30:36.835124] [openram.verify.run_script/run_script]: Still running /home/shanmugam/OpenRAM/macros/subbyte2/tmp/run_ext.sh (1261 seconds)
[2024-05-04 03:31:06.866577] [openram.verify.run_script/run_script]: Still running /home/shanmugam/OpenRAM/macros/subbyte2/tmp/run_ext.sh (1291 seconds)
[2024-05-04 03:31:36.898549] [openram.verify.run_script/run_script]: Still running /home/shanmugam/OpenRAM/macros/subbyte2/tmp/run_ext.sh (1321 seconds)
[2024-05-04 03:32:06.931338] [openram.verify.run_script/run_script]: Still running /home/shanmugam/OpenRAM/macros/subbyte2/tmp/run_ext.sh (1352 seconds)
[2024-05-04 03:32:36.963331] [openram.verify.run_script/run_script]: Still running /home/shanmugam/OpenRAM/macros/subbyte2/tmp/run_ext.sh (1382 seconds)
[2024-05-04 03:33:06.995704] [openram.verify.run_script/run_script]: Still running /home/shanmugam/OpenRAM/macros/subbyte2/tmp/run_ext.sh (1412 seconds)
[2024-05-04 03:33:37.027550] [openram.verify.run_script/run_script]: Still running /home/shanmugam/OpenRAM/macros/subbyte2/tmp/run_ext.sh (1442 seconds)
[2024-05-04 03:33:55.049842] [openram.verify.magic/run_drc]: DRC Errors subbyte2	0
[2024-05-04 03:34:25.126675] [openram.verify.run_script/run_script]: Still running /home/shanmugam/OpenRAM/macros/subbyte2/tmp/run_lvs.sh (30 seconds)
[2024-05-04 03:34:28.142357] [openram.verify.magic/run_lvs]: subbyte2	LVS matches
[2024-05-04 03:34:28.143071] ** Verification: 1493.2 seconds
[2024-05-04 03:34:28.143275] ** SRAM creation: 2161.2 seconds
[2024-05-04 03:34:28.143449] SP: Writing to /home/shanmugam/OpenRAM/macros/subbyte2/subbyte2.sp
[2024-05-04 03:34:28.293500] [openram.characterizer.functional/__init__]: Random seed for functional simulation: 1714773868256524012
[2024-05-04 03:34:28.321776] ** Spice writing: 0.2 seconds
[2024-05-04 03:34:28.322015] DELAY: Writing stimulus...
[2024-05-04 03:34:28.860999] [openram.characterizer.delay/create_sen_and_bitline_path_measures]: self.bl_name = xsubbyte2.xbank0.bl_1_31
[2024-05-04 03:34:28.900764] ** DELAY: 0.6 seconds
[2024-05-04 03:34:28.971277] GDS: Writing to /home/shanmugam/OpenRAM/macros/subbyte2/subbyte2.gds
[2024-05-04 03:34:29.352628] ** GDS: 0.4 seconds
[2024-05-04 03:34:29.352745] LEF: Writing to /home/shanmugam/OpenRAM/macros/subbyte2/subbyte2.lef
[2024-05-04 03:34:29.363549] ** LEF: 0.0 seconds
[2024-05-04 03:34:29.363644] LVS: Writing to /home/shanmugam/OpenRAM/macros/subbyte2/subbyte2.lvs.sp
[2024-05-04 03:34:29.436526] ** LVS writing: 0.1 seconds
[2024-05-04 03:34:29.436621] LIB: Characterizing... 
[2024-05-04 03:34:29.455931] [openram.characterizer.lib/prepare_tables]: Slews: [0.00125 0.005   0.04   ]
[2024-05-04 03:34:29.456519] [openram.characterizer.lib/prepare_tables]: Loads: [ 1.7225  6.89   27.56  ]
[2024-05-04 03:34:29.456804] [openram.characterizer.lib/prepare_tables]: self.load_slews : [(1.7225, 0.00125), (6.89, 0.00125), (27.56, 0.00125), (1.7225, 0.005), (6.89, 0.005), (27.56, 0.005), (1.7225, 0.04), (6.89, 0.04), (27.56, 0.04)]
[2024-05-04 03:34:29.457099] [openram.characterizer.lib/characterize_corners]: Characterizing corners: [('TT', 1.8, 25)]
[2024-05-04 03:34:29.457377] [openram.characterizer.lib/characterize_corners]: Corner: ('TT', 1.8, 25)
[2024-05-04 03:34:29.457707] [openram.characterizer.lib/characterize_corners]: Writing to /home/shanmugam/OpenRAM/macros/subbyte2/subbyte2_TT_1p8V_25C.lib
[2024-05-04 03:34:29.490378] WARNING: file elmore.py: line 45: In analytical mode, all ports have the timing of the first read port.

[2024-05-04 03:34:30.277787] [openram.characterizer.elmore/analytical_power]: Dynamic Power: 13085235076.174868 mW
[2024-05-04 03:34:30.278170] [openram.characterizer.elmore/analytical_power]: Leakage Power: 0.002805 mW
[2024-05-04 03:34:30.278446] [openram.characterizer.elmore/get_lib_values]: Slew, Load, Delay(ns), Slew(ns)
[2024-05-04 03:34:30.279017] [openram.characterizer.elmore/get_lib_values]: 0.00125, 1.7225, 0.27532204748376626, 0.00167765625
[2024-05-04 03:34:30.279480] [openram.characterizer.elmore/get_lib_values]: 0.00125, 6.89, 0.30438923498376624, 0.004584374999999999
[2024-05-04 03:34:30.279924] [openram.characterizer.elmore/get_lib_values]: 0.00125, 27.56, 0.4206579849837662, 0.016211249999999996
[2024-05-04 03:34:30.280369] [openram.characterizer.elmore/get_lib_values]: 0.005, 1.7225, 0.27532204748376626, 0.00167765625
[2024-05-04 03:34:30.280809] [openram.characterizer.elmore/get_lib_values]: 0.005, 6.89, 0.30438923498376624, 0.004584374999999999
[2024-05-04 03:34:30.281250] [openram.characterizer.elmore/get_lib_values]: 0.005, 27.56, 0.4206579849837662, 0.016211249999999996
[2024-05-04 03:34:30.281683] [openram.characterizer.elmore/get_lib_values]: 0.04, 1.7225, 0.27532204748376626, 0.00167765625
[2024-05-04 03:34:30.282115] [openram.characterizer.elmore/get_lib_values]: 0.04, 6.89, 0.30438923498376624, 0.004584374999999999
[2024-05-04 03:34:30.282541] [openram.characterizer.elmore/get_lib_values]: 0.04, 27.56, 0.4206579849837662, 0.016211249999999996
[2024-05-04 03:34:30.324814] ** Characterization: 0.9 seconds
[2024-05-04 03:34:30.325351] Config: Writing to /home/shanmugam/OpenRAM/macros/subbyte2/subbyte2.py
[2024-05-04 03:34:30.325541] ** Config: 0.0 seconds
[2024-05-04 03:34:30.422769] Datasheet: Writing to /home/shanmugam/OpenRAM/macros/subbyte2/subbyte2.html
[2024-05-04 03:34:30.427665] ** Datasheet: 0.1 seconds
[2024-05-04 03:34:30.427833] Verilog: Writing to /home/shanmugam/OpenRAM/macros/subbyte2/subbyte2.v
[2024-05-04 03:34:30.428249] ** Verilog: 0.0 seconds
[2024-05-04 03:34:30.429689] [openram.globals/cleanup_paths]: Preserving temp directory: /home/shanmugam/OpenRAM/macros/subbyte2/tmp/
[2024-05-04 03:34:30.430175] [openram.verify.magic/print_drc_stats]: DRC runs: 1
[2024-05-04 03:34:30.430639] [openram.verify.magic/print_lvs_stats]: LVS runs: 1
[2024-05-04 03:34:30.431108] [openram.verify.magic/print_pex_stats]: PEX runs: 0
[2024-05-04 03:34:30.431280] ** End: 2163.6 seconds
