
===========================================================================
 report_power
============================================================================
======================= Fastest Corner ===================================

Group                  Internal  Switching    Leakage      Total
                          Power      Power      Power      Power (Watts)
----------------------------------------------------------------
Sequential             1.72e-05   1.03e-05   3.23e-10   2.75e-05   7.0%
Combinational          1.53e-04   2.11e-04   3.64e-09   3.64e-04  93.0%
Clock                  0.00e+00   0.00e+00   1.47e-09   1.47e-09   0.0%
Macro                  0.00e+00   0.00e+00   0.00e+00   0.00e+00   0.0%
Pad                    0.00e+00   0.00e+00   0.00e+00   0.00e+00   0.0%
----------------------------------------------------------------
Total                  1.70e-04   2.21e-04   5.43e-09   3.91e-04 100.0%
                          43.4%      56.6%       0.0%

======================= Slowest Corner ===================================

Group                  Internal  Switching    Leakage      Total
                          Power      Power      Power      Power (Watts)
----------------------------------------------------------------
Sequential             1.22e-05   6.86e-06   2.62e-07   1.93e-05   7.0%
Combinational          1.15e-04   1.40e-04   2.16e-06   2.58e-04  93.0%
Clock                  0.00e+00   0.00e+00   1.47e-09   1.47e-09   0.0%
Macro                  0.00e+00   0.00e+00   0.00e+00   0.00e+00   0.0%
Pad                    0.00e+00   0.00e+00   0.00e+00   0.00e+00   0.0%
----------------------------------------------------------------
Total                  1.28e-04   1.47e-04   2.42e-06   2.77e-04 100.0%
                          46.0%      53.1%       0.9%

======================= Typical Corner ===================================

Group                  Internal  Switching    Leakage      Total
                          Power      Power      Power      Power (Watts)
----------------------------------------------------------------
Sequential             1.51e-05   8.71e-06   1.51e-10   2.38e-05   6.9%
Combinational          1.41e-04   1.78e-04   1.79e-09   3.19e-04  93.1%
Clock                  0.00e+00   0.00e+00   1.47e-09   1.47e-09   0.0%
Macro                  0.00e+00   0.00e+00   0.00e+00   0.00e+00   0.0%
Pad                    0.00e+00   0.00e+00   0.00e+00   0.00e+00   0.0%
----------------------------------------------------------------
Total                  1.56e-04   1.87e-04   3.42e-09   3.43e-04 100.0%
                          45.4%      54.6%       0.0%

