Flow report for AES_Dec
Fri May 03 01:51:29 2024
Quartus Prime Version 18.1.0 Build 625 09/12/2018 SJ Lite Edition


---------------------
; Table of Contents ;
---------------------
  1. Legal Notice
  2. Flow Summary
  3. Flow Settings
  4. Flow Non-Default Global Settings
  5. Flow Elapsed Time
  6. Flow OS Summary
  7. Flow Log
  8. Flow Messages
  9. Flow Suppressed Messages



----------------
; Legal Notice ;
----------------
Copyright (C) 2018  Intel Corporation. All rights reserved.
Your use of Intel Corporation's design tools, logic functions 
and other software and tools, and its AMPP partner logic 
functions, and any output files from any of the foregoing 
(including device programming or simulation files), and any 
associated documentation or information are expressly subject 
to the terms and conditions of the Intel Program License 
Subscription Agreement, the Intel Quartus Prime License Agreement,
the Intel FPGA IP License Agreement, or other applicable license
agreement, including, without limitation, that your use is for
the sole purpose of programming logic devices manufactured by
Intel and sold by Intel or its authorized distributors.  Please
refer to the applicable agreement for further details.



+----------------------------------------------------------------------------------+
; Flow Summary                                                                     ;
+------------------------------------+---------------------------------------------+
; Flow Status                        ; Successful - Fri May 03 01:51:29 2024       ;
; Quartus Prime Version              ; 18.1.0 Build 625 09/12/2018 SJ Lite Edition ;
; Revision Name                      ; AES_Dec                                     ;
; Top-level Entity Name              ; AES_Dec_Nios_Core                           ;
; Family                             ; Cyclone IV E                                ;
; Device                             ; EP4CE115F29C7                               ;
; Timing Models                      ; Final                                       ;
; Total logic elements               ; 17,250 / 114,480 ( 15 % )                   ;
;     Total combinational functions  ; 13,593 / 114,480 ( 12 % )                   ;
;     Dedicated logic registers      ; 9,951 / 114,480 ( 9 % )                     ;
; Total registers                    ; 9951                                        ;
; Total pins                         ; 90 / 529 ( 17 % )                           ;
; Total virtual pins                 ; 0                                           ;
; Total memory bits                  ; 400,384 / 3,981,312 ( 10 % )                ;
; Embedded Multiplier 9-bit elements ; 0 / 532 ( 0 % )                             ;
; Total PLLs                         ; 0 / 4 ( 0 % )                               ;
+------------------------------------+---------------------------------------------+


+-----------------------------------------+
; Flow Settings                           ;
+-------------------+---------------------+
; Option            ; Setting             ;
+-------------------+---------------------+
; Start date & time ; 05/03/2024 01:49:05 ;
; Main task         ; Compilation         ;
; Revision Name     ; AES_Dec             ;
+-------------------+---------------------+


+-------------------------------------------------------------------------------------------------------------------------------------------------------------+
; Flow Non-Default Global Settings                                                                                                                            ;
+--------------------------------------+----------------------------------------------------------------+---------------+-------------------+-----------------+
; Assignment Name                      ; Value                                                          ; Default Value ; Entity Name       ; Section Id      ;
+--------------------------------------+----------------------------------------------------------------+---------------+-------------------+-----------------+
; ALLOW_ANY_RAM_SIZE_FOR_RECOGNITION   ; On                                                             ; Off           ; --                ; --              ;
; COMPILER_SIGNATURE_ID                ; 246788408806926.171468114521016                                ; --            ; --                ; --              ;
; EDA_DESIGN_INSTANCE_NAME             ; NA                                                             ; --            ; --                ; AES_Decipher_tb ;
; EDA_DESIGN_INSTANCE_NAME             ; NA                                                             ; --            ; --                ; AES_Pipe_Dec_tb ;
; EDA_NATIVELINK_SIMULATION_TEST_BENCH ; AES_Pipe_Dec_tb                                                ; --            ; --                ; eda_simulation  ;
; EDA_OUTPUT_DATA_FORMAT               ; Verilog Hdl                                                    ; --            ; --                ; eda_simulation  ;
; EDA_SIMULATION_TOOL                  ; ModelSim-Altera (Verilog)                                      ; <None>        ; --                ; --              ;
; EDA_TEST_BENCH_ENABLE_STATUS         ; TEST_BENCH_MODE                                                ; --            ; --                ; eda_simulation  ;
; EDA_TEST_BENCH_FILE                  ; AES_Decipher_tb.v                                              ; --            ; --                ; AES_Decipher_tb ;
; EDA_TEST_BENCH_FILE                  ; AES_Pipe_Dec_tb.v                                              ; --            ; --                ; AES_Pipe_Dec_tb ;
; EDA_TEST_BENCH_MODULE_NAME           ; AES_Decipher_tb                                                ; --            ; --                ; AES_Decipher_tb ;
; EDA_TEST_BENCH_MODULE_NAME           ; AES_Pipe_Dec_tb                                                ; --            ; --                ; AES_Pipe_Dec_tb ;
; EDA_TEST_BENCH_NAME                  ; AES_Decipher_tb                                                ; --            ; --                ; eda_simulation  ;
; EDA_TEST_BENCH_NAME                  ; AES_Pipe_Dec_tb                                                ; --            ; --                ; eda_simulation  ;
; EDA_TEST_BENCH_RUN_SIM_FOR           ; 100 us                                                         ; --            ; --                ; AES_Decipher_tb ;
; EDA_TEST_BENCH_RUN_SIM_FOR           ; 100 us                                                         ; --            ; --                ; AES_Pipe_Dec_tb ;
; EDA_TIME_SCALE                       ; 1 ps                                                           ; --            ; --                ; eda_simulation  ;
; MAX_CORE_JUNCTION_TEMP               ; 85                                                             ; --            ; --                ; --              ;
; MIN_CORE_JUNCTION_TEMP               ; 0                                                              ; --            ; --                ; --              ;
; MISC_FILE                            ; aes_dec_core/synthesis/../aes_dec_core.cmp                     ; --            ; --                ; --              ;
; MISC_FILE                            ; aes_dec_core/synthesis/../../aes_dec_core.qsys                 ; --            ; --                ; --              ;
; MISC_FILE                            ; queue_bb.v                                                     ; --            ; --                ; --              ;
; NOMINAL_CORE_SUPPLY_VOLTAGE          ; 1.2V                                                           ; --            ; --                ; --              ;
; PARTITION_COLOR                      ; -- (Not supported for targeted family)                         ; --            ; AES_Dec_Nios_Core ; Top             ;
; PARTITION_FITTER_PRESERVATION_LEVEL  ; -- (Not supported for targeted family)                         ; --            ; AES_Dec_Nios_Core ; Top             ;
; PARTITION_NETLIST_TYPE               ; -- (Not supported for targeted family)                         ; --            ; AES_Dec_Nios_Core ; Top             ;
; POWER_BOARD_THERMAL_MODEL            ; None (CONSERVATIVE)                                            ; --            ; --                ; --              ;
; POWER_PRESET_COOLING_SOLUTION        ; 23 MM HEAT SINK WITH 200 LFPM AIRFLOW                          ; --            ; --                ; --              ;
; PROJECT_OUTPUT_DIRECTORY             ; output_files                                                   ; --            ; --                ; --              ;
; SLD_FILE                             ; aes_dec_core/synthesis/aes_dec_core.regmap                     ; --            ; --                ; --              ;
; SLD_FILE                             ; aes_dec_core/synthesis/aes_dec_core.debuginfo                  ; --            ; --                ; --              ;
; SLD_INFO                             ; QSYS_NAME aes_dec_core HAS_SOPCINFO 1 GENERATION_ID 1714668052 ; --            ; aes_dec_core      ; --              ;
; SOPCINFO_FILE                        ; aes_dec_core/synthesis/../../aes_dec_core.sopcinfo             ; --            ; --                ; --              ;
; SYNTHESIS_ONLY_QIP                   ; On                                                             ; --            ; --                ; --              ;
; TOP_LEVEL_ENTITY                     ; AES_Dec_Nios_Core                                              ; AES_Dec       ; --                ; --              ;
+--------------------------------------+----------------------------------------------------------------+---------------+-------------------+-----------------+


+--------------------------------------------------------------------------------------------------------------------------+
; Flow Elapsed Time                                                                                                        ;
+----------------------+--------------+-------------------------+---------------------+------------------------------------+
; Module Name          ; Elapsed Time ; Average Processors Used ; Peak Virtual Memory ; Total CPU Time (on all processors) ;
+----------------------+--------------+-------------------------+---------------------+------------------------------------+
; Analysis & Synthesis ; 00:01:02     ; 1.0                     ; 5107 MB             ; 00:00:38                           ;
; Fitter               ; 00:00:51     ; 1.2                     ; 6753 MB             ; 00:00:38                           ;
; Assembler            ; 00:00:03     ; 1.0                     ; 4750 MB             ; 00:00:01                           ;
; Timing Analyzer      ; 00:00:04     ; 2.0                     ; 5120 MB             ; 00:00:02                           ;
; EDA Netlist Writer   ; 00:00:14     ; 1.0                     ; 4818 MB             ; 00:00:08                           ;
; Total                ; 00:02:14     ; --                      ; --                  ; 00:01:27                           ;
+----------------------+--------------+-------------------------+---------------------+------------------------------------+


+------------------------------------------------------------------------------------+
; Flow OS Summary                                                                    ;
+----------------------+------------------+------------+------------+----------------+
; Module Name          ; Machine Hostname ; OS Name    ; OS Version ; Processor type ;
+----------------------+------------------+------------+------------+----------------+
; Analysis & Synthesis ; LAPTOP-TVH4GVK9  ; Windows 10 ; 10.0       ; x86_64         ;
; Fitter               ; LAPTOP-TVH4GVK9  ; Windows 10 ; 10.0       ; x86_64         ;
; Assembler            ; LAPTOP-TVH4GVK9  ; Windows 10 ; 10.0       ; x86_64         ;
; Timing Analyzer      ; LAPTOP-TVH4GVK9  ; Windows 10 ; 10.0       ; x86_64         ;
; EDA Netlist Writer   ; LAPTOP-TVH4GVK9  ; Windows 10 ; 10.0       ; x86_64         ;
+----------------------+------------------+------------+------------+----------------+


------------
; Flow Log ;
------------
quartus_map --read_settings_files=on --write_settings_files=off AES_Dec -c AES_Dec
quartus_fit --read_settings_files=off --write_settings_files=off AES_Dec -c AES_Dec
quartus_asm --read_settings_files=off --write_settings_files=off AES_Dec -c AES_Dec
quartus_sta AES_Dec -c AES_Dec
quartus_eda --read_settings_files=off --write_settings_files=off AES_Dec -c AES_Dec



